2025-10-01 04:56:00,291 - INFO - Building image sweb.env.py.x86_64.a0efca7a0fe6719dbf65c2:latest
Using dockerfile:
FROM --platform=linux/x86_64 sweb.base.py.x86_64:latest

COPY ./setup_env.sh /root/
RUN sed -i -e 's/\r$//' /root/setup_env.sh
RUN chmod +x /root/setup_env.sh
RUN /bin/bash -c "source ~/.bashrc && /root/setup_env.sh"

WORKDIR /testbed/

# Automatically activate the testbed environment
RUN echo "source /opt/miniconda3/etc/profile.d/conda.sh && conda activate testbed" > /root/.bashrc

Adding (1) setup scripts to image build repo
2025-10-01 04:56:00,794 - INFO - [SETUP SCRIPT] setup_env.sh:
#!/bin/bash
set -euxo pipefail
source /opt/miniconda3/bin/activate
conda create -n testbed python=3.9  -y
conda activate testbed
python -m pip install contourpy==1.1.0 cycler==0.11.0 fonttools==4.42.1 importlib-resources==6.0.1 kiwisolver==1.4.5 matplotlib==3.7.2 numpy==1.25.2 packaging==23.1 pandas==2.0.0 pillow==10.0.0 pyparsing==3.0.9 pytest python-dateutil==2.8.2 pytz==2023.3.post1 scipy==1.11.2 six==1.16.0 tzdata==2023.1 zipp==3.16.2

2025-10-01 04:56:01,283 - INFO - Building docker image sweb.env.py.x86_64.a0efca7a0fe6719dbf65c2:latest in logs/build_images/env/sweb.env.py.x86_64.a0efca7a0fe6719dbf65c2__latest with platform linux/x86_64
2025-10-01 04:56:18,204 - INFO - Step 1/7 : FROM --platform=linux/x86_64 sweb.base.py.x86_64:latest
2025-10-01 04:56:18,204 - INFO - 
2025-10-01 04:56:18,204 - INFO - ---> 71e8b6b130a0
2025-10-01 04:56:18,204 - INFO - Step 2/7 : COPY ./setup_env.sh /root/
2025-10-01 04:56:18,204 - INFO - 
2025-10-01 04:56:20,119 - INFO - ---> 4760a547dc16
2025-10-01 04:56:20,119 - INFO - Step 3/7 : RUN sed -i -e 's/\r$//' /root/setup_env.sh
2025-10-01 04:56:20,119 - INFO - 
2025-10-01 04:56:21,394 - INFO - ---> Running in d2c0a56c7916
2025-10-01 04:56:54,340 - INFO - ---> Removed intermediate container d2c0a56c7916
2025-10-01 04:56:54,407 - INFO - ---> 1ba617210872
2025-10-01 04:56:54,408 - INFO - Step 4/7 : RUN chmod +x /root/setup_env.sh
2025-10-01 04:56:54,408 - INFO - 
2025-10-01 04:56:56,486 - INFO - ---> Running in 165d0155bf1c
2025-10-01 05:01:35,296 - INFO - ---> Removed intermediate container 165d0155bf1c
2025-10-01 05:01:35,435 - INFO - ---> 5b23c23f82f3
2025-10-01 05:01:35,460 - INFO - Step 5/7 : RUN /bin/bash -c "source ~/.bashrc && /root/setup_env.sh"
2025-10-01 05:01:35,522 - INFO - 
2025-10-01 05:01:36,730 - INFO - ---> Running in 0a887efed7e3
2025-10-01 05:01:37,972 - INFO - + source /opt/miniconda3/bin/activate
2025-10-01 05:01:38,025 - INFO - ++ _CONDA_ROOT=/opt/miniconda3
++ . /opt/miniconda3/etc/profile.d/conda.sh
+++ export CONDA_EXE=/opt/miniconda3/bin/conda
+++ CONDA_EXE=/opt/miniconda3/bin/conda
+++ export _CE_M=
+++ _CE_M=
+++ export _CE_CONDA=
+++ _CE_CONDA=
+++ export CONDA_PYTHON_EXE=/opt/miniconda3/bin/python
+++ CONDA_PYTHON_EXE=/opt/miniconda3/bin/python
+++ '[' -z '' ']'
+++ export CONDA_SHLVL=0
+++ CONDA_SHLVL=0
+++ '[' -n '' ']'
+++++ dirname /opt/miniconda3/bin/conda
++++ dirname /opt/miniconda3/bin
2025-10-01 05:01:38,026 - INFO - +++ PATH=/opt/miniconda3/condabin:/opt/miniconda3/bin:/usr/local/sbin:/usr/local/bin:/usr/sbin:/usr/bin:/sbin:/bin
2025-10-01 05:01:38,075 - INFO - +++ export PATH
2025-10-01 05:01:38,076 - INFO - +++ '[' -z '' ']'
2025-10-01 05:01:38,076 - INFO - +++ PS1=
2025-10-01 05:01:38,076 - INFO - ++ conda activate
2025-10-01 05:01:38,076 - INFO - ++ local cmd=activate
2025-10-01 05:01:38,076 - INFO - ++ case "$cmd" in
2025-10-01 05:01:38,076 - INFO - ++ __conda_activate activate
2025-10-01 05:01:38,076 - INFO - ++ '[' -n '' ']'
2025-10-01 05:01:38,076 - INFO - ++ local ask_conda
2025-10-01 05:01:38,076 - INFO - +++ PS1=
+++ __conda_exe shell.posix activate
2025-10-01 05:01:38,077 - INFO - +++ /opt/miniconda3/bin/conda shell.posix activate
2025-10-01 05:01:38,288 - INFO - ++ ask_conda='PS1='\''(base) '\''
export PATH='\''/opt/miniconda3/bin:/opt/miniconda3/condabin:/opt/miniconda3/bin:/usr/local/sbin:/usr/local/bin:/usr/sbin:/usr/bin:/sbin:/bin'\''
export CONDA_PREFIX='\''/opt/miniconda3'\''
export CONDA_SHLVL='\''1'\''
export CONDA_DEFAULT_ENV='\''base'\''
export CONDA_PROMPT_MODIFIER='\''(base) '\''
export CONDA_EXE='\''/opt/miniconda3/bin/conda'\''
export _CE_M='\'''\''
export _CE_CONDA='\'''\''
export CONDA_PYTHON_EXE='\''/opt/miniconda3/bin/python'\'''
++ eval 'PS1='\''(base) '\''
export PATH='\''/opt/miniconda3/bin:/opt/miniconda3/condabin:/opt/miniconda3/bin:/usr/local/sbin:/usr/local/bin:/usr/sbin:/usr/bin:/sbin:/bin'\''
export CONDA_PREFIX='\''/opt/miniconda3'\''
export CONDA_SHLVL='\''1'\''
export CONDA_DEFAULT_ENV='\''base'\''
export CONDA_PROMPT_MODIFIER='\''(base) '\''
export CONDA_EXE='\''/opt/miniconda3/bin/conda'\''
export _CE_M='\'''\''
export _CE_CONDA='\'''\''
export CONDA_PYTHON_EXE='\''/opt/miniconda3/bin/python'\'''
+++ PS1='(base) '
+++ export PATH=/opt/miniconda3/bin:/opt/miniconda3/condabin:/opt/miniconda3/bin:/usr/local/sbin:/usr/local/bin:/usr/sbin:/usr/bin:/sbin:/bin
+++ PATH=/opt/miniconda3/bin:/opt/miniconda3/condabin:/opt/miniconda3/bin:/usr/local/sbin:/usr/local/bin:/usr/sbin:/usr/bin:/sbin:/bin
+++ export CONDA_PREFIX=/opt/miniconda3
+++ CONDA_PREFIX=/opt/miniconda3
+++ export CONDA_SHLVL=1
+++ CONDA_SHLVL=1
+++ export CONDA_DEFAULT_ENV=base
+++ CONDA_DEFAULT_ENV=base
+++ export 'CONDA_PROMPT_MODIFIER=(base) '
+++ CONDA_PROMPT_MODIFIER='(base) '
+++ export CONDA_EXE=/opt/miniconda3/bin/conda
+++ CONDA_EXE=/opt/miniconda3/bin/conda
+++ export _CE_M=
+++ _CE_M=
+++ export _CE_CONDA=
+++ _CE_CONDA=
+++ export CONDA_PYTHON_EXE=/opt/miniconda3/bin/python
+++ CONDA_PYTHON_EXE=/opt/miniconda3/bin/python
++ __conda_hashr
++ '[' -n '' ']'
++ '[' -n '' ']'
++ hash -r
+ conda create -n testbed python=3.9 -y
+ local cmd=create
+ case "$cmd" in
+ __conda_exe create -n testbed python=3.9 -y
2025-10-01 05:01:38,306 - INFO - + /opt/miniconda3/bin/conda create -n testbed python=3.9 -y
2025-10-01 05:01:40,302 - INFO - Channels:
 - defaults
 - conda-forge
Platform: linux-64
Collecting package metadata (repodata.json): ...working...
2025-10-01 05:08:14,583 - INFO - /opt/miniconda3/etc/profile.d/conda.sh: line 1:    12 Killed                  ( "$CONDA_EXE" $_CE_M $_CE_CONDA "$@" )
2025-10-01 05:08:27,612 - INFO - ---> Removed intermediate container 0a887efed7e3
2025-10-01 05:08:27,655 - ERROR - Error: The command '/bin/sh -c /bin/bash -c "source ~/.bashrc && /root/setup_env.sh"' returned a non-zero code: 137
2025-10-01 05:08:27,656 - ERROR - docker.errors.BuildError during sweb.env.py.x86_64.a0efca7a0fe6719dbf65c2:latest: The command '/bin/sh -c /bin/bash -c "source ~/.bashrc && /root/setup_env.sh"' returned a non-zero code: 137
