2025-10-01 04:23:33,777 - INFO - Building image sweb.env.py.x86_64.86f6fef385f3a36852fe03:latest
Using dockerfile:
FROM --platform=linux/x86_64 sweb.base.py.x86_64:latest

COPY ./setup_env.sh /root/
RUN sed -i -e 's/\r$//' /root/setup_env.sh
RUN chmod +x /root/setup_env.sh
RUN /bin/bash -c "source ~/.bashrc && /root/setup_env.sh"

WORKDIR /testbed/

# Automatically activate the testbed environment
RUN echo "source /opt/miniconda3/etc/profile.d/conda.sh && conda activate testbed" > /root/.bashrc

Adding (1) setup scripts to image build repo
2025-10-01 04:23:33,787 - INFO - [SETUP SCRIPT] setup_env.sh:
#!/bin/bash
set -euxo pipefail
source /opt/miniconda3/bin/activate
cat <<'EOF_59812759871' > /root/environment.yml
name: testbed
channels:
  - defaults
  - conda-forge
dependencies:
  - _libgcc_mutex=0.1=main
  - _openmp_mutex=5.1=1_gnu
  - ca-certificates=2024.9.24=h06a4308_0
  - ld_impl_linux-64=2.40=h12ee557_0
  - libffi=3.4.4=h6a678d5_1
  - libgcc-ng=11.2.0=h1234567_1
  - libgomp=11.2.0=h1234567_1
  - libstdcxx-ng=11.2.0=h1234567_1
  - ncurses=6.4=h6a678d5_0
  - openssl=3.0.15=h5eee18b_0
  - pip=24.2=py39h06a4308_0
  - python=3.9.20=he870216_1
  - readline=8.2=h5eee18b_0
  - setuptools=75.1.0=py39h06a4308_0
  - sqlite=3.45.3=h5eee18b_0
  - tk=8.6.14=h39e8969_0
  - wheel=0.44.0=py39h06a4308_0
  - xz=5.4.6=h5eee18b_1
  - zlib=1.2.13=h5eee18b_1
  - pip:
      - aiohappyeyeballs==2.4.3
      - aiohttp==3.10.9
      - aiosignal==1.3.1
      - aiosmtpd==1.4.6
      - argon2-cffi==23.1.0
      - argon2-cffi-bindings==21.2.0
      - asgiref==3.8.1
      - async-timeout==4.0.3
      - atpublic==5.0
      - attrs==24.2.0
      - bcrypt==4.2.0
      - black==24.10.0
      - certifi==2024.8.30
      - cffi==1.17.1
      - charset-normalizer==3.4.0
      - click==8.1.7
      - docutils==0.21.2
      - exceptiongroup==1.2.2
      - frozenlist==1.4.1
      - geoip2==4.8.0
      - h11==0.14.0
      - idna==3.10
      - jinja2==3.1.4
      - markupsafe==3.0.1
      - maxminddb==2.6.2
      - multidict==6.1.0
      - mypy-extensions==1.0.0
      - numpy==2.0.2
      - outcome==1.3.0.post0
      - packaging==24.1
      - pathspec==0.12.1
      - pillow==10.4.0
      - platformdirs==4.3.6
      - propcache==0.2.0
      - pycparser==2.22
      - pylibmc==1.6.3
      - pymemcache==4.0.0
      - pysocks==1.7.1
      - pytz==2024.2
      - pywatchman==2.0.0
      - pyyaml==6.0.2
      - redis==5.1.1
      - requests==2.32.3
      - selenium==4.25.0
      - sniffio==1.3.1
      - sortedcontainers==2.4.0
      - sqlparse==0.5.1
      - tblib==3.0.0
      - tomli==2.0.2
      - trio==0.26.2
      - trio-websocket==0.11.1
      - typing-extensions==4.12.2
      - tzdata==2024.2
      - urllib3==2.2.3
      - websocket-client==1.8.0
      - wsproto==1.2.0
      - yarl==1.14.0
prefix: /opt/miniconda3/envs/testbed

EOF_59812759871
conda env create -f /root/environment.yml
conda activate testbed

2025-10-01 04:23:33,788 - INFO - Building docker image sweb.env.py.x86_64.86f6fef385f3a36852fe03:latest in logs/build_images/env/sweb.env.py.x86_64.86f6fef385f3a36852fe03__latest with platform linux/x86_64
2025-10-01 04:23:33,969 - INFO - Step 1/7 : FROM --platform=linux/x86_64 sweb.base.py.x86_64:latest
2025-10-01 04:23:33,970 - INFO - 
2025-10-01 04:23:33,994 - INFO - ---> 71e8b6b130a0
2025-10-01 04:23:33,996 - INFO - Step 2/7 : COPY ./setup_env.sh /root/
2025-10-01 04:23:33,996 - INFO - 
2025-10-01 04:23:35,877 - INFO - ---> 3279d39364e0
2025-10-01 04:23:35,877 - INFO - Step 3/7 : RUN sed -i -e 's/\r$//' /root/setup_env.sh
2025-10-01 04:23:35,877 - INFO - 
2025-10-01 04:23:36,876 - INFO - ---> Running in f64ad0b76cad
2025-10-01 04:23:40,207 - INFO - ---> Removed intermediate container f64ad0b76cad
2025-10-01 04:23:40,208 - INFO - ---> 5165978f3203
2025-10-01 04:23:40,208 - INFO - Step 4/7 : RUN chmod +x /root/setup_env.sh
2025-10-01 04:23:40,208 - INFO - 
2025-10-01 04:23:40,456 - INFO - ---> Running in 38f172c05c7e
2025-10-01 04:23:45,869 - INFO - ---> Removed intermediate container 38f172c05c7e
2025-10-01 04:23:45,874 - INFO - ---> 990a89b58e2b
2025-10-01 04:23:45,874 - INFO - Step 5/7 : RUN /bin/bash -c "source ~/.bashrc && /root/setup_env.sh"
2025-10-01 04:23:45,874 - INFO - 
2025-10-01 04:23:46,347 - INFO - ---> Running in 2b488506ea38
2025-10-01 04:24:00,230 - INFO - + source /opt/miniconda3/bin/activate
2025-10-01 04:24:00,231 - INFO - ++ _CONDA_ROOT=/opt/miniconda3
++ . /opt/miniconda3/etc/profile.d/conda.sh
2025-10-01 04:24:00,233 - INFO - +++ export CONDA_EXE=/opt/miniconda3/bin/conda
+++ CONDA_EXE=/opt/miniconda3/bin/conda
+++ export _CE_M=
+++ _CE_M=
+++ export _CE_CONDA=
+++ _CE_CONDA=
+++ export CONDA_PYTHON_EXE=/opt/miniconda3/bin/python
+++ CONDA_PYTHON_EXE=/opt/miniconda3/bin/python
2025-10-01 04:24:00,234 - INFO - +++ '[' -z '' ']'
+++ export CONDA_SHLVL=0
+++ CONDA_SHLVL=0
+++ '[' -n '' ']'
2025-10-01 04:24:00,235 - INFO - +++++ dirname /opt/miniconda3/bin/conda
2025-10-01 04:24:00,238 - INFO - ++++ dirname /opt/miniconda3/bin
2025-10-01 04:24:00,239 - INFO - +++ PATH=/opt/miniconda3/condabin:/opt/miniconda3/bin:/usr/local/sbin:/usr/local/bin:/usr/sbin:/usr/bin:/sbin:/bin
+++ export PATH
+++ '[' -z '' ']'
+++ PS1=
2025-10-01 04:24:00,241 - INFO - ++ conda activate
2025-10-01 04:24:00,246 - INFO - ++ local cmd=activate
++ case "$cmd" in
++ __conda_activate activate
++ '[' -n '' ']'
++ local ask_conda
2025-10-01 04:24:00,246 - INFO - +++ PS1=
+++ __conda_exe shell.posix activate
2025-10-01 04:24:00,246 - INFO - +++ /opt/miniconda3/bin/conda shell.posix activate
2025-10-01 04:24:10,482 - INFO - ++ ask_conda='PS1='\''(base) '\''
export PATH='\''/opt/miniconda3/bin:/opt/miniconda3/condabin:/opt/miniconda3/bin:/usr/local/sbin:/usr/local/bin:/usr/sbin:/usr/bin:/sbin:/bin'\''
export CONDA_PREFIX='\''/opt/miniconda3'\''
export CONDA_SHLVL='\''1'\''
export CONDA_DEFAULT_ENV='\''base'\''
export CONDA_PROMPT_MODIFIER='\''(base) '\''
export CONDA_EXE='\''/opt/miniconda3/bin/conda'\''
export _CE_M='\'''\''
export _CE_CONDA='\'''\''
export CONDA_PYTHON_EXE='\''/opt/miniconda3/bin/python'\'''
++ eval 'PS1='\''(base) '\''
export PATH='\''/opt/miniconda3/bin:/opt/miniconda3/condabin:/opt/miniconda3/bin:/usr/local/sbin:/usr/local/bin:/usr/sbin:/usr/bin:/sbin:/bin'\''
export CONDA_PREFIX='\''/opt/miniconda3'\''
export CONDA_SHLVL='\''1'\''
export CONDA_DEFAULT_ENV='\''base'\''
export CONDA_PROMPT_MODIFIER='\''(base) '\''
export CONDA_EXE='\''/opt/miniconda3/bin/conda'\''
export _CE_M='\'''\''
export _CE_CONDA='\'''\''
export CONDA_PYTHON_EXE='\''/opt/miniconda3/bin/python'\'''
+++ PS1='(base) '
2025-10-01 04:24:10,493 - INFO - +++ export PATH=/opt/miniconda3/bin:/opt/miniconda3/condabin:/opt/miniconda3/bin:/usr/local/sbin:/usr/local/bin:/usr/sbin:/usr/bin:/sbin:/bin
+++ PATH=/opt/miniconda3/bin:/opt/miniconda3/condabin:/opt/miniconda3/bin:/usr/local/sbin:/usr/local/bin:/usr/sbin:/usr/bin:/sbin:/bin
+++ export CONDA_PREFIX=/opt/miniconda3
+++ CONDA_PREFIX=/opt/miniconda3
+++ export CONDA_SHLVL=1
+++ CONDA_SHLVL=1
+++ export CONDA_DEFAULT_ENV=base
+++ CONDA_DEFAULT_ENV=base
+++ export 'CONDA_PROMPT_MODIFIER=(base) '
+++ CONDA_PROMPT_MODIFIER='(base) '
+++ export CONDA_EXE=/opt/miniconda3/bin/conda
+++ CONDA_EXE=/opt/miniconda3/bin/conda
+++ export _CE_M=
+++ _CE_M=
+++ export _CE_CONDA=
+++ _CE_CONDA=
+++ export CONDA_PYTHON_EXE=/opt/miniconda3/bin/python
+++ CONDA_PYTHON_EXE=/opt/miniconda3/bin/python
++ __conda_hashr
++ '[' -n '' ']'
++ '[' -n '' ']'
++ hash -r
+ cat
2025-10-01 04:24:10,493 - INFO - + conda env create -f /root/environment.yml
+ local cmd=env
+ case "$cmd" in
+ __conda_exe env create -f /root/environment.yml
2025-10-01 04:24:10,494 - INFO - + /opt/miniconda3/bin/conda env create -f /root/environment.yml
2025-10-01 04:24:33,169 - INFO - Channels:
 - defaults
 - conda-forge
Platform: linux-64
Collecting package metadata (repodata.json): ...working...
2025-10-01 04:36:01,997 - INFO - /opt/miniconda3/etc/profile.d/conda.sh: line 1:    14 Killed                  ( "$CONDA_EXE" $_CE_M $_CE_CONDA "$@" )
2025-10-01 04:36:34,431 - INFO - ---> Removed intermediate container 2b488506ea38
2025-10-01 04:36:35,405 - ERROR - Error: The command '/bin/sh -c /bin/bash -c "source ~/.bashrc && /root/setup_env.sh"' returned a non-zero code: 137
2025-10-01 04:36:36,198 - ERROR - docker.errors.BuildError during sweb.env.py.x86_64.86f6fef385f3a36852fe03:latest: The command '/bin/sh -c /bin/bash -c "source ~/.bashrc && /root/setup_env.sh"' returned a non-zero code: 137
