2025-10-01 05:55:50,736 - INFO - Building image sweb.env.py.x86_64.3a59860bcd0dab8bbfb2ff:latest
Using dockerfile:
FROM --platform=linux/x86_64 sweb.base.py.x86_64:latest

COPY ./setup_env.sh /root/
RUN sed -i -e 's/\r$//' /root/setup_env.sh
RUN chmod +x /root/setup_env.sh
RUN /bin/bash -c "source ~/.bashrc && /root/setup_env.sh"

WORKDIR /testbed/

# Automatically activate the testbed environment
RUN echo "source /opt/miniconda3/etc/profile.d/conda.sh && conda activate testbed" > /root/.bashrc

Adding (1) setup scripts to image build repo
2025-10-01 05:55:50,742 - INFO - [SETUP SCRIPT] setup_env.sh:
#!/bin/bash
set -euxo pipefail
source /opt/miniconda3/bin/activate
conda create -n testbed python=3.9 'numpy==1.19.2' 'scipy==1.5.2' 'cython==3.0.10' pytest 'pandas<2.0.0' 'matplotlib<3.9.0' setuptools pytest joblib threadpoolctl -y
conda activate testbed
python -m pip install cython setuptools numpy scipy

2025-10-01 05:55:50,742 - INFO - Building docker image sweb.env.py.x86_64.3a59860bcd0dab8bbfb2ff:latest in logs/build_images/env/sweb.env.py.x86_64.3a59860bcd0dab8bbfb2ff__latest with platform linux/x86_64
2025-10-01 05:55:57,799 - INFO - Step 1/7 : FROM --platform=linux/x86_64 sweb.base.py.x86_64:latest
2025-10-01 05:55:57,799 - INFO - 
2025-10-01 05:55:58,821 - INFO - ---> 71e8b6b130a0
2025-10-01 05:55:58,857 - INFO - Step 2/7 : COPY ./setup_env.sh /root/
2025-10-01 05:55:58,857 - INFO - 
2025-10-01 05:56:25,808 - INFO - ---> 103eb76b562a
2025-10-01 05:56:25,815 - INFO - Step 3/7 : RUN sed -i -e 's/\r$//' /root/setup_env.sh
2025-10-01 05:56:25,815 - INFO - 
2025-10-01 05:56:39,022 - INFO - ---> Running in e87ca9d72fcb
2025-10-01 05:56:53,651 - INFO - ---> Removed intermediate container e87ca9d72fcb
2025-10-01 05:56:53,651 - INFO - ---> 9d191befe441
2025-10-01 05:56:53,651 - INFO - Step 4/7 : RUN chmod +x /root/setup_env.sh
2025-10-01 05:56:53,651 - INFO - 
2025-10-01 05:56:54,609 - INFO - ---> Running in 1acfe37be33f
2025-10-01 05:57:13,846 - INFO - ---> Removed intermediate container 1acfe37be33f
2025-10-01 05:57:13,847 - INFO - ---> 94328b7fbacf
2025-10-01 05:57:13,847 - INFO - Step 5/7 : RUN /bin/bash -c "source ~/.bashrc && /root/setup_env.sh"
2025-10-01 05:57:13,847 - INFO - 
2025-10-01 05:57:16,084 - INFO - ---> Running in ab32ea476a65
2025-10-01 05:57:32,106 - INFO - + source /opt/miniconda3/bin/activate
2025-10-01 05:57:32,153 - INFO - ++ _CONDA_ROOT=/opt/miniconda3
++ . /opt/miniconda3/etc/profile.d/conda.sh
2025-10-01 05:57:32,238 - INFO - +++ export CONDA_EXE=/opt/miniconda3/bin/conda
+++ CONDA_EXE=/opt/miniconda3/bin/conda
+++ export _CE_M=
+++ _CE_M=
+++ export _CE_CONDA=
+++ _CE_CONDA=
+++ export CONDA_PYTHON_EXE=/opt/miniconda3/bin/python
+++ CONDA_PYTHON_EXE=/opt/miniconda3/bin/python
+++ '[' -z '' ']'
+++ export CONDA_SHLVL=0
+++ CONDA_SHLVL=0
+++ '[' -n '' ']'
2025-10-01 05:57:32,850 - INFO - +++++ dirname /opt/miniconda3/bin/conda
2025-10-01 05:57:33,382 - INFO - ++++ dirname /opt/miniconda3/bin
2025-10-01 05:57:33,383 - INFO - +++ PATH=/opt/miniconda3/condabin:/opt/miniconda3/bin:/usr/local/sbin:/usr/local/bin:/usr/sbin:/usr/bin:/sbin:/bin
+++ export PATH
2025-10-01 05:57:33,384 - INFO - +++ '[' -z '' ']'
+++ PS1=
++ conda activate
++ local cmd=activate
++ case "$cmd" in
++ __conda_activate activate
++ '[' -n '' ']'
++ local ask_conda
2025-10-01 05:57:33,384 - INFO - +++ PS1=
+++ __conda_exe shell.posix activate
2025-10-01 05:57:33,385 - INFO - +++ /opt/miniconda3/bin/conda shell.posix activate
2025-10-01 05:57:50,655 - INFO - ++ ask_conda='PS1='\''(base) '\''
export PATH='\''/opt/miniconda3/bin:/opt/miniconda3/condabin:/opt/miniconda3/bin:/usr/local/sbin:/usr/local/bin:/usr/sbin:/usr/bin:/sbin:/bin'\''
export CONDA_PREFIX='\''/opt/miniconda3'\''
export CONDA_SHLVL='\''1'\''
export CONDA_DEFAULT_ENV='\''base'\''
export CONDA_PROMPT_MODIFIER='\''(base) '\''
export CONDA_EXE='\''/opt/miniconda3/bin/conda'\''
export _CE_M='\'''\''
export _CE_CONDA='\'''\''
export CONDA_PYTHON_EXE='\''/opt/miniconda3/bin/python'\'''
++ eval 'PS1='\''(base) '\''
export PATH='\''/opt/miniconda3/bin:/opt/miniconda3/condabin:/opt/miniconda3/bin:/usr/local/sbin:/usr/local/bin:/usr/sbin:/usr/bin:/sbin:/bin'\''
export CONDA_PREFIX='\''/opt/miniconda3'\''
export CONDA_SHLVL='\''1'\''
export CONDA_DEFAULT_ENV='\''base'\''
export CONDA_PROMPT_MODIFIER='\''(base) '\''
export CONDA_EXE='\''/opt/miniconda3/bin/conda'\''
export _CE_M='\'''\''
export _CE_CONDA='\'''\''
export CONDA_PYTHON_EXE='\''/opt/miniconda3/bin/python'\'''
+++ PS1='(base) '
+++ export PATH=/opt/miniconda3/bin:/opt/miniconda3/condabin:/opt/miniconda3/bin:/usr/local/sbin:/usr/local/bin:/usr/sbin:/usr/bin:/sbin:/bin
+++ PATH=/opt/miniconda3/bin:/opt/miniconda3/condabin:/opt/miniconda3/bin:/usr/local/sbin:/usr/local/bin:/usr/sbin:/usr/bin:/sbin:/bin
+++ export CONDA_PREFIX=/opt/miniconda3
+++ CONDA_PREFIX=/opt/miniconda3
+++ export CONDA_SHLVL=1
+++ CONDA_SHLVL=1
+++ export CONDA_DEFAULT_ENV=base
+++ CONDA_DEFAULT_ENV=base
+++ export 'CONDA_PROMPT_MODIFIER=(base) '
+++ CONDA_PROMPT_MODIFIER='(base) '
+++ export CONDA_EXE=/opt/miniconda3/bin/conda
+++ CONDA_EXE=/opt/miniconda3/bin/conda
+++ export _CE_M=
+++ _CE_M=
+++ export _CE_CONDA=
+++ _CE_CONDA=
+++ export CONDA_PYTHON_EXE=/opt/miniconda3/bin/python
+++ CONDA_PYTHON_EXE=/opt/miniconda3/bin/python
++ __conda_hashr
++ '[' -n '' ']'
++ '[' -n '' ']'
++ hash -r
+ conda create -n testbed python=3.9 numpy==1.19.2 scipy==1.5.2 cython==3.0.10 pytest 'pandas<2.0.0' 'matplotlib<3.9.0' setuptools pytest joblib threadpoolctl -y
+ local cmd=create
+ case "$cmd" in
+ __conda_exe create -n testbed python=3.9 numpy==1.19.2 scipy==1.5.2 cython==3.0.10 pytest 'pandas<2.0.0' 'matplotlib<3.9.0' setuptools pytest joblib threadpoolctl -y
+ /opt/miniconda3/bin/conda create -n testbed python=3.9 numpy==1.19.2 scipy==1.5.2 cython==3.0.10 pytest 'pandas<2.0.0' 'matplotlib<3.9.0' setuptools pytest joblib threadpoolctl -y
2025-10-01 05:58:58,026 - INFO - Channels:
 - defaults
 - conda-forge
Platform: linux-64
Collecting package metadata (repodata.json): ...working...
2025-10-01 06:10:23,686 - INFO - /opt/miniconda3/etc/profile.d/conda.sh: line 1:    13 Killed                  ( "$CONDA_EXE" $_CE_M $_CE_CONDA "$@" )
2025-10-01 06:10:33,721 - INFO - ---> Removed intermediate container ab32ea476a65
2025-10-01 06:10:33,810 - ERROR - Error: The command '/bin/sh -c /bin/bash -c "source ~/.bashrc && /root/setup_env.sh"' returned a non-zero code: 137
2025-10-01 06:10:33,825 - ERROR - docker.errors.BuildError during sweb.env.py.x86_64.3a59860bcd0dab8bbfb2ff:latest: The command '/bin/sh -c /bin/bash -c "source ~/.bashrc && /root/setup_env.sh"' returned a non-zero code: 137
