2025-10-01 06:10:34,575 - INFO - Building image sweb.env.py.x86_64.c795f4b88616b8462021ed:latest
Using dockerfile:
FROM --platform=linux/x86_64 sweb.base.py.x86_64:latest

COPY ./setup_env.sh /root/
RUN sed -i -e 's/\r$//' /root/setup_env.sh
RUN chmod +x /root/setup_env.sh
RUN /bin/bash -c "source ~/.bashrc && /root/setup_env.sh"

WORKDIR /testbed/

# Automatically activate the testbed environment
RUN echo "source /opt/miniconda3/etc/profile.d/conda.sh && conda activate testbed" > /root/.bashrc

Adding (1) setup scripts to image build repo
2025-10-01 06:10:34,621 - INFO - [SETUP SCRIPT] setup_env.sh:
#!/bin/bash
set -euxo pipefail
source /opt/miniconda3/bin/activate
conda create -n testbed python=3.9 mpmath flake8 -y
conda activate testbed
python -m pip install mpmath==1.3.0 flake8-comprehensions

2025-10-01 06:10:34,716 - INFO - Building docker image sweb.env.py.x86_64.c795f4b88616b8462021ed:latest in logs/build_images/env/sweb.env.py.x86_64.c795f4b88616b8462021ed__latest with platform linux/x86_64
2025-10-01 06:10:37,790 - INFO - Step 1/7 : FROM --platform=linux/x86_64 sweb.base.py.x86_64:latest
2025-10-01 06:10:37,790 - INFO - 
2025-10-01 06:10:37,790 - INFO - ---> 71e8b6b130a0
2025-10-01 06:10:37,790 - INFO - Step 2/7 : COPY ./setup_env.sh /root/
2025-10-01 06:10:37,790 - INFO - 
2025-10-01 06:10:45,113 - INFO - ---> 5f7a8192fbaf
2025-10-01 06:10:45,114 - INFO - Step 3/7 : RUN sed -i -e 's/\r$//' /root/setup_env.sh
2025-10-01 06:10:45,114 - INFO - 
2025-10-01 06:10:47,213 - INFO - ---> Running in b919ba150a90
2025-10-01 06:10:50,520 - INFO - ---> Removed intermediate container b919ba150a90
2025-10-01 06:10:50,524 - INFO - ---> c665cfda59c8
2025-10-01 06:10:50,524 - INFO - Step 4/7 : RUN chmod +x /root/setup_env.sh
2025-10-01 06:10:50,524 - INFO - 
2025-10-01 06:10:51,074 - INFO - ---> Running in 811871ab314a
2025-10-01 06:10:55,079 - INFO - ---> Removed intermediate container 811871ab314a
2025-10-01 06:10:55,080 - INFO - ---> 7f8ed6376a4d
2025-10-01 06:10:55,080 - INFO - Step 5/7 : RUN /bin/bash -c "source ~/.bashrc && /root/setup_env.sh"
2025-10-01 06:10:55,080 - INFO - 
2025-10-01 06:10:56,213 - INFO - ---> Running in 40f30e0f29f3
2025-10-01 06:11:01,341 - INFO - + source /opt/miniconda3/bin/activate
2025-10-01 06:11:01,345 - INFO - ++ _CONDA_ROOT=/opt/miniconda3
++ . /opt/miniconda3/etc/profile.d/conda.sh
2025-10-01 06:11:01,368 - INFO - +++ export CONDA_EXE=/opt/miniconda3/bin/conda
+++ CONDA_EXE=/opt/miniconda3/bin/conda
+++ export _CE_M=
+++ _CE_M=
+++ export _CE_CONDA=
+++ _CE_CONDA=
+++ export CONDA_PYTHON_EXE=/opt/miniconda3/bin/python
+++ CONDA_PYTHON_EXE=/opt/miniconda3/bin/python
2025-10-01 06:11:01,369 - INFO - +++ '[' -z '' ']'
+++ export CONDA_SHLVL=0
+++ CONDA_SHLVL=0
+++ '[' -n '' ']'
2025-10-01 06:11:01,370 - INFO - +++++ dirname /opt/miniconda3/bin/conda
2025-10-01 06:11:01,387 - INFO - ++++ dirname /opt/miniconda3/bin
2025-10-01 06:11:01,389 - INFO - +++ PATH=/opt/miniconda3/condabin:/opt/miniconda3/bin:/usr/local/sbin:/usr/local/bin:/usr/sbin:/usr/bin:/sbin:/bin
+++ export PATH
2025-10-01 06:11:01,393 - INFO - +++ '[' -z '' ']'
+++ PS1=
++ conda activate
++ local cmd=activate
++ case "$cmd" in
++ __conda_activate activate
++ '[' -n '' ']'
++ local ask_conda
2025-10-01 06:11:01,394 - INFO - +++ PS1=
+++ __conda_exe shell.posix activate
2025-10-01 06:11:01,394 - INFO - +++ /opt/miniconda3/bin/conda shell.posix activate
2025-10-01 06:11:08,122 - INFO - ++ ask_conda='PS1='\''(base) '\''
export PATH='\''/opt/miniconda3/bin:/opt/miniconda3/condabin:/opt/miniconda3/bin:/usr/local/sbin:/usr/local/bin:/usr/sbin:/usr/bin:/sbin:/bin'\''
export CONDA_PREFIX='\''/opt/miniconda3'\''
export CONDA_SHLVL='\''1'\''
export CONDA_DEFAULT_ENV='\''base'\''
export CONDA_PROMPT_MODIFIER='\''(base) '\''
export CONDA_EXE='\''/opt/miniconda3/bin/conda'\''
export _CE_M='\'''\''
export _CE_CONDA='\'''\''
2025-10-01 06:11:08,129 - INFO - export CONDA_PYTHON_EXE='\''/opt/miniconda3/bin/python'\'''
2025-10-01 06:11:08,130 - INFO - ++ eval 'PS1='\''(base) '\''
export PATH='\''/opt/miniconda3/bin:/opt/miniconda3/condabin:/opt/miniconda3/bin:/usr/local/sbin:/usr/local/bin:/usr/sbin:/usr/bin:/sbin:/bin'\''
export CONDA_PREFIX='\''/opt/miniconda3'\''
export CONDA_SHLVL='\''1'\''
export CONDA_DEFAULT_ENV='\''base'\''
export CONDA_PROMPT_MODIFIER='\''(base) '\''
export CONDA_EXE='\''/opt/miniconda3/bin/conda'\''
export _CE_M='\'''\''
export _CE_CONDA='\'''\''
2025-10-01 06:11:08,130 - INFO - export CONDA_PYTHON_EXE='\''/opt/miniconda3/bin/python'\'''
2025-10-01 06:11:08,130 - INFO - +++ PS1='(base) '
2025-10-01 06:11:08,130 - INFO - +++ export PATH=/opt/miniconda3/bin:/opt/miniconda3/condabin:/opt/miniconda3/bin:/usr/local/sbin:/usr/local/bin:/usr/sbin:/usr/bin:/sbin:/bin
2025-10-01 06:11:08,130 - INFO - +++ PATH=/opt/miniconda3/bin:/opt/miniconda3/condabin:/opt/miniconda3/bin:/usr/local/sbin:/usr/local/bin:/usr/sbin:/usr/bin:/sbin:/bin
2025-10-01 06:11:08,131 - INFO - +++ export CONDA_PREFIX=/opt/miniconda3
2025-10-01 06:11:08,131 - INFO - +++ CONDA_PREFIX=/opt/miniconda3
2025-10-01 06:11:08,131 - INFO - +++ export CONDA_SHLVL=1
2025-10-01 06:11:08,131 - INFO - +++ CONDA_SHLVL=1
2025-10-01 06:11:08,131 - INFO - +++ export CONDA_DEFAULT_ENV=base
2025-10-01 06:11:08,131 - INFO - +++ CONDA_DEFAULT_ENV=base
2025-10-01 06:11:08,131 - INFO - +++ export 'CONDA_PROMPT_MODIFIER=(base) '
2025-10-01 06:11:08,131 - INFO - +++ CONDA_PROMPT_MODIFIER='(base) '
2025-10-01 06:11:08,131 - INFO - +++ export CONDA_EXE=/opt/miniconda3/bin/conda
2025-10-01 06:11:08,132 - INFO - +++ CONDA_EXE=/opt/miniconda3/bin/conda
2025-10-01 06:11:08,132 - INFO - +++ export _CE_M=
2025-10-01 06:11:08,132 - INFO - +++ _CE_M=
2025-10-01 06:11:08,132 - INFO - +++ export _CE_CONDA=
2025-10-01 06:11:08,132 - INFO - +++ _CE_CONDA=
2025-10-01 06:11:08,132 - INFO - +++ export CONDA_PYTHON_EXE=/opt/miniconda3/bin/python
2025-10-01 06:11:08,132 - INFO - +++ CONDA_PYTHON_EXE=/opt/miniconda3/bin/python
2025-10-01 06:11:08,132 - INFO - ++ __conda_hashr
2025-10-01 06:11:08,132 - INFO - ++ '[' -n '' ']'
2025-10-01 06:11:08,133 - INFO - ++ '[' -n '' ']'
2025-10-01 06:11:08,133 - INFO - ++ hash -r
2025-10-01 06:11:08,135 - INFO - + conda create -n testbed python=3.9 mpmath flake8 -y
2025-10-01 06:11:08,135 - INFO - + local cmd=create
2025-10-01 06:11:08,135 - INFO - + case "$cmd" in
2025-10-01 06:11:08,136 - INFO - + __conda_exe create -n testbed python=3.9 mpmath flake8 -y
2025-10-01 06:11:08,136 - INFO - + /opt/miniconda3/bin/conda create -n testbed python=3.9 mpmath flake8 -y
2025-10-01 06:11:37,613 - INFO - Channels:
 - defaults
 - conda-forge
Platform: linux-64
Collecting package metadata (repodata.json): ...working...
2025-10-01 06:26:02,293 - INFO - /opt/miniconda3/etc/profile.d/conda.sh: line 1:    12 Killed                  ( "$CONDA_EXE" $_CE_M $_CE_CONDA "$@" )
2025-10-01 06:26:15,112 - INFO - ---> Removed intermediate container 40f30e0f29f3
2025-10-01 06:26:15,148 - ERROR - Error: The command '/bin/sh -c /bin/bash -c "source ~/.bashrc && /root/setup_env.sh"' returned a non-zero code: 137
2025-10-01 06:26:15,218 - ERROR - docker.errors.BuildError during sweb.env.py.x86_64.c795f4b88616b8462021ed:latest: The command '/bin/sh -c /bin/bash -c "source ~/.bashrc && /root/setup_env.sh"' returned a non-zero code: 137
