2025-10-01 04:27:00,082 - INFO - Building image sweb.env.py.x86_64.c70909fdac4897d1c685df:latest
Using dockerfile:
FROM --platform=linux/x86_64 sweb.base.py.x86_64:latest

COPY ./setup_env.sh /root/
RUN sed -i -e 's/\r$//' /root/setup_env.sh
RUN chmod +x /root/setup_env.sh
RUN /bin/bash -c "source ~/.bashrc && /root/setup_env.sh"

WORKDIR /testbed/

# Automatically activate the testbed environment
RUN echo "source /opt/miniconda3/etc/profile.d/conda.sh && conda activate testbed" > /root/.bashrc

Adding (1) setup scripts to image build repo
2025-10-01 04:27:00,100 - INFO - [SETUP SCRIPT] setup_env.sh:
#!/bin/bash
set -euxo pipefail
source /opt/miniconda3/bin/activate
conda create -n testbed python=3.11 -y
cat <<'EOF_59812759871' > $HOME/requirements.txt
aiosmtpd
asgiref >= 3.7.0
argon2-cffi >= 19.2.0
bcrypt
black
docutils
geoip2; python_version < '3.12'
jinja2 >= 2.11.0
numpy; python_version < '3.12'
Pillow >= 6.2.1; sys.platform != 'win32' or python_version < '3.12'
pylibmc; sys.platform != 'win32'
pymemcache >= 3.4.0
pywatchman; sys.platform != 'win32'
PyYAML
redis >= 3.4.0
selenium >= 4.8.0
sqlparse >= 0.3.1
tblib >= 1.5.0
tzdata
colorama; sys.platform == 'win32'

EOF_59812759871
conda activate testbed && python -m pip install -r $HOME/requirements.txt
rm $HOME/requirements.txt
conda activate testbed

2025-10-01 04:27:00,108 - INFO - Building docker image sweb.env.py.x86_64.c70909fdac4897d1c685df:latest in logs/build_images/env/sweb.env.py.x86_64.c70909fdac4897d1c685df__latest with platform linux/x86_64
2025-10-01 04:27:03,939 - INFO - Step 1/7 : FROM --platform=linux/x86_64 sweb.base.py.x86_64:latest
2025-10-01 04:27:03,939 - INFO - 
2025-10-01 04:27:04,607 - INFO - ---> 71e8b6b130a0
2025-10-01 04:27:04,614 - INFO - Step 2/7 : COPY ./setup_env.sh /root/
2025-10-01 04:27:04,615 - INFO - 
2025-10-01 04:27:12,498 - INFO - ---> 7d930cc8c9b3
2025-10-01 04:27:12,498 - INFO - Step 3/7 : RUN sed -i -e 's/\r$//' /root/setup_env.sh
2025-10-01 04:27:12,498 - INFO - 
2025-10-01 04:27:14,484 - INFO - ---> Running in b7fe60cc3f0d
2025-10-01 04:27:35,887 - INFO - ---> Removed intermediate container b7fe60cc3f0d
2025-10-01 04:27:35,982 - INFO - ---> 4c2557673452
2025-10-01 04:27:35,982 - INFO - Step 4/7 : RUN chmod +x /root/setup_env.sh
2025-10-01 04:27:35,983 - INFO - 
2025-10-01 04:27:37,371 - INFO - ---> Running in 18a426dd8221
2025-10-01 04:27:48,851 - INFO - ---> Removed intermediate container 18a426dd8221
2025-10-01 04:27:48,851 - INFO - ---> c5b6f387a55c
2025-10-01 04:27:48,852 - INFO - Step 5/7 : RUN /bin/bash -c "source ~/.bashrc && /root/setup_env.sh"
2025-10-01 04:27:48,852 - INFO - 
2025-10-01 04:27:49,464 - INFO - ---> Running in adf09adc110e
2025-10-01 04:28:01,062 - INFO - + source /opt/miniconda3/bin/activate
2025-10-01 04:28:01,062 - INFO - ++ _CONDA_ROOT=/opt/miniconda3
++ . /opt/miniconda3/etc/profile.d/conda.sh
2025-10-01 04:28:01,074 - INFO - +++ export CONDA_EXE=/opt/miniconda3/bin/conda
+++ CONDA_EXE=/opt/miniconda3/bin/conda
+++ export _CE_M=
+++ _CE_M=
+++ export _CE_CONDA=
2025-10-01 04:28:01,078 - INFO - +++ _CE_CONDA=
+++ export CONDA_PYTHON_EXE=/opt/miniconda3/bin/python
+++ CONDA_PYTHON_EXE=/opt/miniconda3/bin/python
2025-10-01 04:28:01,078 - INFO - +++ '[' -z '' ']'
+++ export CONDA_SHLVL=0
+++ CONDA_SHLVL=0
+++ '[' -n '' ']'
2025-10-01 04:28:01,078 - INFO - +++++ dirname /opt/miniconda3/bin/conda
2025-10-01 04:28:01,119 - INFO - ++++ dirname /opt/miniconda3/bin
2025-10-01 04:28:01,120 - INFO - +++ PATH=/opt/miniconda3/condabin:/opt/miniconda3/bin:/usr/local/sbin:/usr/local/bin:/usr/sbin:/usr/bin:/sbin:/bin
+++ export PATH
2025-10-01 04:28:01,120 - INFO - +++ '[' -z '' ']'
+++ PS1=
++ conda activate
++ local cmd=activate
2025-10-01 04:28:01,121 - INFO - ++ case "$cmd" in
++ __conda_activate activate
2025-10-01 04:28:01,121 - INFO - ++ '[' -n '' ']'
++ local ask_conda
2025-10-01 04:28:01,122 - INFO - +++ PS1=
2025-10-01 04:28:01,122 - INFO - +++ __conda_exe shell.posix activate
2025-10-01 04:28:01,122 - INFO - +++ /opt/miniconda3/bin/conda shell.posix activate
2025-10-01 04:28:15,173 - INFO - ++ ask_conda='PS1='\''(base) '\''
export PATH='\''/opt/miniconda3/bin:/opt/miniconda3/condabin:/opt/miniconda3/bin:/usr/local/sbin:/usr/local/bin:/usr/sbin:/usr/bin:/sbin:/bin'\''
export CONDA_PREFIX='\''/opt/miniconda3'\''
export CONDA_SHLVL='\''1'\''
export CONDA_DEFAULT_ENV='\''base'\''
export CONDA_PROMPT_MODIFIER='\''(base) '\''
export CONDA_EXE='\''/opt/miniconda3/bin/conda'\''
export _CE_M='\'''\''
export _CE_CONDA='\'''\''
export CONDA_PYTHON_EXE='\''/opt/miniconda3/bin/python'\'''
++ eval 'PS1='\''(base) '\''
export PATH='\''/opt/miniconda3/bin:/opt/miniconda3/condabin:/opt/miniconda3/bin:/usr/local/sbin:/usr/local/bin:/usr/sbin:/usr/bin:/sbin:/bin'\''
export CONDA_PREFIX='\''/opt/miniconda3'\''
export CONDA_SHLVL='\''1'\''
export CONDA_DEFAULT_ENV='\''base'\''
export CONDA_PROMPT_MODIFIER='\''(base) '\''
export CONDA_EXE='\''/opt/miniconda3/bin/conda'\''
export _CE_M='\'''\''
export _CE_CONDA='\'''\''
export CONDA_PYTHON_EXE='\''/opt/miniconda3/bin/python'\'''
2025-10-01 04:28:15,203 - INFO - +++ PS1='(base) '
+++ export PATH=/opt/miniconda3/bin:/opt/miniconda3/condabin:/opt/miniconda3/bin:/usr/local/sbin:/usr/local/bin:/usr/sbin:/usr/bin:/sbin:/bin
+++ PATH=/opt/miniconda3/bin:/opt/miniconda3/condabin:/opt/miniconda3/bin:/usr/local/sbin:/usr/local/bin:/usr/sbin:/usr/bin:/sbin:/bin
+++ export CONDA_PREFIX=/opt/miniconda3
+++ CONDA_PREFIX=/opt/miniconda3
+++ export CONDA_SHLVL=1
+++ CONDA_SHLVL=1
+++ export CONDA_DEFAULT_ENV=base
+++ CONDA_DEFAULT_ENV=base
+++ export 'CONDA_PROMPT_MODIFIER=(base) '
+++ CONDA_PROMPT_MODIFIER='(base) '
+++ export CONDA_EXE=/opt/miniconda3/bin/conda
+++ CONDA_EXE=/opt/miniconda3/bin/conda
+++ export _CE_M=
+++ _CE_M=
+++ export _CE_CONDA=
+++ _CE_CONDA=
+++ export CONDA_PYTHON_EXE=/opt/miniconda3/bin/python
+++ CONDA_PYTHON_EXE=/opt/miniconda3/bin/python
++ __conda_hashr
++ '[' -n '' ']'
++ '[' -n '' ']'
++ hash -r
2025-10-01 04:28:15,203 - INFO - + conda create -n testbed python=3.11 -y
+ local cmd=create
+ case "$cmd" in
+ __conda_exe create -n testbed python=3.11 -y
2025-10-01 04:28:15,206 - INFO - + /opt/miniconda3/bin/conda create -n testbed python=3.11 -y
2025-10-01 04:29:11,688 - INFO - Channels:
 - defaults
 - conda-forge
Platform: linux-64
Collecting package metadata (repodata.json): ...working...
2025-10-01 04:47:32,830 - INFO - /opt/miniconda3/etc/profile.d/conda.sh: line 1:    13 Killed                  ( "$CONDA_EXE" $_CE_M $_CE_CONDA "$@" )
2025-10-01 04:47:50,163 - INFO - ---> Removed intermediate container adf09adc110e
2025-10-01 04:47:50,623 - ERROR - Error: The command '/bin/sh -c /bin/bash -c "source ~/.bashrc && /root/setup_env.sh"' returned a non-zero code: 137
2025-10-01 04:47:51,333 - ERROR - docker.errors.BuildError during sweb.env.py.x86_64.c70909fdac4897d1c685df:latest: The command '/bin/sh -c /bin/bash -c "source ~/.bashrc && /root/setup_env.sh"' returned a non-zero code: 137
