2025-10-01 06:10:47,595 - INFO - Building image sweb.env.py.x86_64.0d80c7dec81ee2f2f513e2:latest
Using dockerfile:
FROM --platform=linux/x86_64 sweb.base.py.x86_64:latest

COPY ./setup_env.sh /root/
RUN sed -i -e 's/\r$//' /root/setup_env.sh
RUN chmod +x /root/setup_env.sh
RUN /bin/bash -c "source ~/.bashrc && /root/setup_env.sh"

WORKDIR /testbed/

# Automatically activate the testbed environment
RUN echo "source /opt/miniconda3/etc/profile.d/conda.sh && conda activate testbed" > /root/.bashrc

Adding (1) setup scripts to image build repo
2025-10-01 06:10:47,596 - INFO - [SETUP SCRIPT] setup_env.sh:
#!/bin/bash
set -euxo pipefail
source /opt/miniconda3/bin/activate
conda create -n testbed python=3.9 -y
cat <<'EOF_59812759871' > $HOME/requirements.txt
mpmath
pytest
pytest-xdist
pytest-timeout
pytest-split
pytest-doctestplus
hypothesis
flake8
flake8-comprehensions

EOF_59812759871
conda activate testbed && python -m pip install -r $HOME/requirements.txt
rm $HOME/requirements.txt
conda activate testbed
python -m pip install mpmath==1.3.0

2025-10-01 06:10:47,617 - INFO - Building docker image sweb.env.py.x86_64.0d80c7dec81ee2f2f513e2:latest in logs/build_images/env/sweb.env.py.x86_64.0d80c7dec81ee2f2f513e2__latest with platform linux/x86_64
2025-10-01 06:10:47,693 - INFO - Step 1/7 : FROM --platform=linux/x86_64 sweb.base.py.x86_64:latest
2025-10-01 06:10:47,693 - INFO - 
2025-10-01 06:10:47,693 - INFO - ---> 71e8b6b130a0
2025-10-01 06:10:47,693 - INFO - Step 2/7 : COPY ./setup_env.sh /root/
2025-10-01 06:10:47,693 - INFO - 
2025-10-01 06:10:48,220 - INFO - ---> 5b2973605c1b
2025-10-01 06:10:48,220 - INFO - Step 3/7 : RUN sed -i -e 's/\r$//' /root/setup_env.sh
2025-10-01 06:10:48,221 - INFO - 
2025-10-01 06:10:49,663 - INFO - ---> Running in 657da0aaf22a
2025-10-01 06:10:51,437 - INFO - ---> Removed intermediate container 657da0aaf22a
2025-10-01 06:10:51,437 - INFO - ---> df324a22e8a1
2025-10-01 06:10:51,437 - INFO - Step 4/7 : RUN chmod +x /root/setup_env.sh
2025-10-01 06:10:51,437 - INFO - 
2025-10-01 06:10:54,237 - INFO - ---> Running in e4868637a8e7
2025-10-01 06:11:05,725 - INFO - ---> Removed intermediate container e4868637a8e7
2025-10-01 06:11:05,854 - INFO - ---> 1a06f7177ce1
2025-10-01 06:11:05,854 - INFO - Step 5/7 : RUN /bin/bash -c "source ~/.bashrc && /root/setup_env.sh"
2025-10-01 06:11:05,855 - INFO - 
2025-10-01 06:11:05,970 - INFO - ---> Running in ab99ac8878ea
2025-10-01 06:11:08,470 - INFO - + source /opt/miniconda3/bin/activate
2025-10-01 06:11:08,474 - INFO - ++ _CONDA_ROOT=/opt/miniconda3
2025-10-01 06:11:08,502 - INFO - ++ . /opt/miniconda3/etc/profile.d/conda.sh
2025-10-01 06:11:08,502 - INFO - +++ export CONDA_EXE=/opt/miniconda3/bin/conda
2025-10-01 06:11:08,502 - INFO - +++ CONDA_EXE=/opt/miniconda3/bin/conda
2025-10-01 06:11:08,502 - INFO - +++ export _CE_M=
2025-10-01 06:11:08,503 - INFO - +++ _CE_M=
2025-10-01 06:11:08,504 - INFO - +++ export _CE_CONDA=
2025-10-01 06:11:08,504 - INFO - +++ _CE_CONDA=
2025-10-01 06:11:08,504 - INFO - +++ export CONDA_PYTHON_EXE=/opt/miniconda3/bin/python
2025-10-01 06:11:08,504 - INFO - +++ CONDA_PYTHON_EXE=/opt/miniconda3/bin/python
2025-10-01 06:11:08,504 - INFO - +++ '[' -z '' ']'
2025-10-01 06:11:08,504 - INFO - +++ export CONDA_SHLVL=0
2025-10-01 06:11:08,504 - INFO - +++ CONDA_SHLVL=0
2025-10-01 06:11:08,504 - INFO - +++ '[' -n '' ']'
2025-10-01 06:11:08,505 - INFO - +++++ dirname /opt/miniconda3/bin/conda
2025-10-01 06:11:08,505 - INFO - ++++ dirname /opt/miniconda3/bin
2025-10-01 06:11:08,505 - INFO - +++ PATH=/opt/miniconda3/condabin:/opt/miniconda3/bin:/usr/local/sbin:/usr/local/bin:/usr/sbin:/usr/bin:/sbin:/bin
+++ export PATH
2025-10-01 06:11:08,505 - INFO - +++ '[' -z '' ']'
+++ PS1=
++ conda activate
++ local cmd=activate
++ case "$cmd" in
++ __conda_activate activate
++ '[' -n '' ']'
++ local ask_conda
2025-10-01 06:11:08,505 - INFO - +++ PS1=
+++ __conda_exe shell.posix activate
2025-10-01 06:11:08,505 - INFO - +++ /opt/miniconda3/bin/conda shell.posix activate
2025-10-01 06:11:11,815 - INFO - ++ ask_conda='PS1='\''(base) '\''
export PATH='\''/opt/miniconda3/bin:/opt/miniconda3/condabin:/opt/miniconda3/bin:/usr/local/sbin:/usr/local/bin:/usr/sbin:/usr/bin:/sbin:/bin'\''
export CONDA_PREFIX='\''/opt/miniconda3'\''
export CONDA_SHLVL='\''1'\''
export CONDA_DEFAULT_ENV='\''base'\''
export CONDA_PROMPT_MODIFIER='\''(base) '\''
export CONDA_EXE='\''/opt/miniconda3/bin/conda'\''
export _CE_M='\'''\''
export _CE_CONDA='\'''\''
export CONDA_PYTHON_EXE='\''/opt/miniconda3/bin/python'\'''
++ eval 'PS1='\''(base) '\''
export PATH='\''/opt/miniconda3/bin:/opt/miniconda3/condabin:/opt/miniconda3/bin:/usr/local/sbin:/usr/local/bin:/usr/sbin:/usr/bin:/sbin:/bin'\''
export CONDA_PREFIX='\''/opt/miniconda3'\''
export CONDA_SHLVL='\''1'\''
export CONDA_DEFAULT_ENV='\''base'\''
export CONDA_PROMPT_MODIFIER='\''(base) '\''
export CONDA_EXE='\''/opt/miniconda3/bin/conda'\''
export _CE_M='\'''\''
export _CE_CONDA='\'''\''
export CONDA_PYTHON_EXE='\''/opt/miniconda3/bin/python'\'''
+++ PS1='(base) '
+++ export PATH=/opt/miniconda3/bin:/opt/miniconda3/condabin:/opt/miniconda3/bin:/usr/local/sbin:/usr/local/bin:/usr/sbin:/usr/bin:/sbin:/bin
+++ PATH=/opt/miniconda3/bin:/opt/miniconda3/condabin:/opt/miniconda3/bin:/usr/local/sbin:/usr/local/bin:/usr/sbin:/usr/bin:/sbin:/bin
+++ export CONDA_PREFIX=/opt/miniconda3
+++ CONDA_PREFIX=/opt/miniconda3
+++ export CONDA_SHLVL=1
+++ CONDA_SHLVL=1
+++ export CONDA_DEFAULT_ENV=base
+++ CONDA_DEFAULT_ENV=base
+++ export 'CONDA_PROMPT_MODIFIER=(base) '
+++ CONDA_PROMPT_MODIFIER='(base) '
+++ export CONDA_EXE=/opt/miniconda3/bin/conda
+++ CONDA_EXE=/opt/miniconda3/bin/conda
+++ export _CE_M=
+++ _CE_M=
+++ export _CE_CONDA=
+++ _CE_CONDA=
+++ export CONDA_PYTHON_EXE=/opt/miniconda3/bin/python
+++ CONDA_PYTHON_EXE=/opt/miniconda3/bin/python
++ __conda_hashr
++ '[' -n '' ']'
++ '[' -n '' ']'
++ hash -r
+ conda create -n testbed python=3.9 -y
+ local cmd=create
+ case "$cmd" in
+ __conda_exe create -n testbed python=3.9 -y
+ /opt/miniconda3/bin/conda create -n testbed python=3.9 -y
2025-10-01 06:11:37,612 - INFO - Channels:
 - defaults
 - conda-forge
Platform: linux-64
Collecting package metadata (repodata.json):
2025-10-01 06:11:37,613 - INFO - ...working...
2025-10-01 06:22:00,785 - INFO - /opt/miniconda3/etc/profile.d/conda.sh: line 1:    12 Killed                  ( "$CONDA_EXE" $_CE_M $_CE_CONDA "$@" )
2025-10-01 06:22:15,422 - INFO - ---> Removed intermediate container ab99ac8878ea
2025-10-01 06:22:15,442 - ERROR - Error: The command '/bin/sh -c /bin/bash -c "source ~/.bashrc && /root/setup_env.sh"' returned a non-zero code: 137
2025-10-01 06:22:15,443 - ERROR - docker.errors.BuildError during sweb.env.py.x86_64.0d80c7dec81ee2f2f513e2:latest: The command '/bin/sh -c /bin/bash -c "source ~/.bashrc && /root/setup_env.sh"' returned a non-zero code: 137
