2025-10-01 17:45:56,182 - INFO - Building image sweb.env.py.x86_64.7d2281f8cd4608b2972430:latest
Using dockerfile:
FROM --platform=linux/x86_64 sweb.base.py.x86_64:latest

COPY ./setup_env.sh /root/
RUN sed -i -e 's/\r$//' /root/setup_env.sh
RUN chmod +x /root/setup_env.sh
RUN /bin/bash -c "source ~/.bashrc && /root/setup_env.sh"

WORKDIR /testbed/

# Automatically activate the testbed environment
RUN echo "source /opt/miniconda3/etc/profile.d/conda.sh && conda activate testbed" > /root/.bashrc

Adding (1) setup scripts to image build repo
2025-10-01 17:45:56,182 - INFO - [SETUP SCRIPT] setup_env.sh:
#!/bin/bash
set -euxo pipefail
source /opt/miniconda3/bin/activate
cat <<'EOF_59812759871' > /root/environment.yml
name: testbed
channels:
  - defaults
  - conda-forge
dependencies:
  - _libgcc_mutex=0.1=main
  - _openmp_mutex=5.1=1_gnu
  - ca-certificates=2024.9.24=h06a4308_0
  - ld_impl_linux-64=2.40=h12ee557_0
  - libffi=3.4.4=h6a678d5_1
  - libgcc-ng=11.2.0=h1234567_1
  - libgomp=11.2.0=h1234567_1
  - libstdcxx-ng=11.2.0=h1234567_1
  - ncurses=6.4=h6a678d5_0
  - openssl=3.0.15=h5eee18b_0
  - pip=24.2=py39h06a4308_0
  - python=3.9.20=he870216_1
  - readline=8.2=h5eee18b_0
  - sqlite=3.45.3=h5eee18b_0
  - tk=8.6.14=h39e8969_0
  - tzdata=2024b=h04d1e81_0
  - wheel=0.44.0=py39h06a4308_0
  - xz=5.4.6=h5eee18b_1
  - zlib=1.2.13=h5eee18b_1
  - pip:
      - attrs==23.1.0
      - coverage==7.6.2
      - exceptiongroup==1.1.3
      - execnet==2.0.2
      - hypothesis==6.82.6
      - iniconfig==2.0.0
      - numpy==1.25.2
      - packaging==23.1
      - pluggy==1.3.0
      - psutil==5.9.5
      - pyerfa==2.0.0.3
      - pytest==7.4.0
      - pytest-arraydiff==0.5.0
      - pytest-astropy==0.10.0
      - pytest-astropy-header==0.2.2
      - pytest-cov==4.1.0
      - pytest-doctestplus==1.0.0
      - pytest-filter-subpackage==0.1.2
      - pytest-mock==3.11.1
      - pytest-openfiles==0.5.0
      - pytest-remotedata==0.4.0
      - pytest-xdist==3.3.1
      - pyyaml==6.0.1
      - setuptools==68.0.0
      - sortedcontainers==2.4.0
      - tomli==2.0.1
prefix: /opt/miniconda3/envs/testbed

EOF_59812759871
conda env create -f /root/environment.yml
conda activate testbed

2025-10-01 17:45:56,187 - INFO - Building docker image sweb.env.py.x86_64.7d2281f8cd4608b2972430:latest in logs/build_images/env/sweb.env.py.x86_64.7d2281f8cd4608b2972430__latest with platform linux/x86_64
2025-10-01 17:45:56,216 - INFO - Step 1/7 : FROM --platform=linux/x86_64 sweb.base.py.x86_64:latest
2025-10-01 17:45:56,216 - INFO - 
2025-10-01 17:45:56,218 - INFO - ---> 71e8b6b130a0
2025-10-01 17:45:56,218 - INFO - Step 2/7 : COPY ./setup_env.sh /root/
2025-10-01 17:45:56,218 - INFO - 
2025-10-01 17:45:56,261 - INFO - ---> Using cache
2025-10-01 17:45:56,261 - INFO - ---> 871d96fad23c
2025-10-01 17:45:56,261 - INFO - Step 3/7 : RUN sed -i -e 's/\r$//' /root/setup_env.sh
2025-10-01 17:45:56,264 - INFO - 
2025-10-01 17:45:56,267 - INFO - ---> Using cache
2025-10-01 17:45:56,267 - INFO - ---> dfe28075295e
2025-10-01 17:45:56,267 - INFO - Step 4/7 : RUN chmod +x /root/setup_env.sh
2025-10-01 17:45:56,267 - INFO - 
2025-10-01 17:45:56,268 - INFO - ---> Using cache
2025-10-01 17:45:56,270 - INFO - ---> 62bd39ee32f0
2025-10-01 17:45:56,271 - INFO - Step 5/7 : RUN /bin/bash -c "source ~/.bashrc && /root/setup_env.sh"
2025-10-01 17:45:56,271 - INFO - 
2025-10-01 17:45:56,355 - INFO - ---> Running in af2140c47cd0
2025-10-01 17:45:56,881 - INFO - + source /opt/miniconda3/bin/activate
2025-10-01 17:45:56,881 - INFO - ++ _CONDA_ROOT=/opt/miniconda3
2025-10-01 17:45:56,881 - INFO - ++ . /opt/miniconda3/etc/profile.d/conda.sh
+++ export CONDA_EXE=/opt/miniconda3/bin/conda
+++ CONDA_EXE=/opt/miniconda3/bin/conda
+++ export _CE_M=
+++ _CE_M=
+++ export _CE_CONDA=
+++ _CE_CONDA=
+++ export CONDA_PYTHON_EXE=/opt/miniconda3/bin/python
+++ CONDA_PYTHON_EXE=/opt/miniconda3/bin/python
+++ '[' -z '' ']'
+++ export CONDA_SHLVL=0
+++ CONDA_SHLVL=0
+++ '[' -n '' ']'
2025-10-01 17:45:56,881 - INFO - +++++ dirname /opt/miniconda3/bin/conda
2025-10-01 17:45:56,882 - INFO - ++++ dirname /opt/miniconda3/bin
2025-10-01 17:45:56,882 - INFO - +++ PATH=/opt/miniconda3/condabin:/opt/miniconda3/bin:/usr/local/sbin:/usr/local/bin:/usr/sbin:/usr/bin:/sbin:/bin
2025-10-01 17:45:56,882 - INFO - +++ export PATH
2025-10-01 17:45:56,882 - INFO - +++ '[' -z '' ']'
2025-10-01 17:45:56,882 - INFO - +++ PS1=
2025-10-01 17:45:56,882 - INFO - ++ conda activate
2025-10-01 17:45:56,882 - INFO - ++ local cmd=activate
2025-10-01 17:45:56,884 - INFO - ++ case "$cmd" in
++ __conda_activate activate
++ '[' -n '' ']'
++ local ask_conda
2025-10-01 17:45:56,890 - INFO - +++ PS1=
+++ __conda_exe shell.posix activate
2025-10-01 17:45:56,901 - INFO - +++ /opt/miniconda3/bin/conda shell.posix activate
2025-10-01 17:45:57,767 - INFO - ++ ask_conda='PS1='\''(base) '\''
export PATH='\''/opt/miniconda3/bin:/opt/miniconda3/condabin:/opt/miniconda3/bin:/usr/local/sbin:/usr/local/bin:/usr/sbin:/usr/bin:/sbin:/bin'\''
export CONDA_PREFIX='\''/opt/miniconda3'\''
export CONDA_SHLVL='\''1'\''
export CONDA_DEFAULT_ENV='\''base'\''
export CONDA_PROMPT_MODIFIER='\''(base) '\''
export CONDA_EXE='\''/opt/miniconda3/bin/conda'\''
export _CE_M='\'''\''
export _CE_CONDA='\'''\''
export CONDA_PYTHON_EXE='\''/opt/miniconda3/bin/python'\'''
++ eval 'PS1='\''(base) '\''
export PATH='\''/opt/miniconda3/bin:/opt/miniconda3/condabin:/opt/miniconda3/bin:/usr/local/sbin:/usr/local/bin:/usr/sbin:/usr/bin:/sbin:/bin'\''
export CONDA_PREFIX='\''/opt/miniconda3'\''
export CONDA_SHLVL='\''1'\''
export CONDA_DEFAULT_ENV='\''base'\''
export CONDA_PROMPT_MODIFIER='\''(base) '\''
export CONDA_EXE='\''/opt/miniconda3/bin/conda'\''
export _CE_M='\'''\''
export _CE_CONDA='\'''\''
export CONDA_PYTHON_EXE='\''/opt/miniconda3/bin/python'\'''
+++ PS1='(base) '
+++ export PATH=/opt/miniconda3/bin:/opt/miniconda3/condabin:/opt/miniconda3/bin:/usr/local/sbin:/usr/local/bin:/usr/sbin:/usr/bin:/sbin:/bin
+++ PATH=/opt/miniconda3/bin:/opt/miniconda3/condabin:/opt/miniconda3/bin:/usr/local/sbin:/usr/local/bin:/usr/sbin:/usr/bin:/sbin:/bin
+++ export CONDA_PREFIX=/opt/miniconda3
+++ CONDA_PREFIX=/opt/miniconda3
+++ export CONDA_SHLVL=1
+++ CONDA_SHLVL=1
+++ export CONDA_DEFAULT_ENV=base
+++ CONDA_DEFAULT_ENV=base
+++ export 'CONDA_PROMPT_MODIFIER=(base) '
+++ CONDA_PROMPT_MODIFIER='(base) '
+++ export CONDA_EXE=/opt/miniconda3/bin/conda
+++ CONDA_EXE=/opt/miniconda3/bin/conda
+++ export _CE_M=
+++ _CE_M=
+++ export _CE_CONDA=
+++ _CE_CONDA=
+++ export CONDA_PYTHON_EXE=/opt/miniconda3/bin/python
+++ CONDA_PYTHON_EXE=/opt/miniconda3/bin/python
++ __conda_hashr
++ '[' -n '' ']'
++ '[' -n '' ']'
++ hash -r
+ cat
2025-10-01 17:45:57,768 - INFO - + conda env create -f /root/environment.yml
+ local cmd=env
+ case "$cmd" in
+ __conda_exe env create -f /root/environment.yml
2025-10-01 17:45:57,768 - INFO - + /opt/miniconda3/bin/conda env create -f /root/environment.yml
2025-10-01 17:46:01,270 - INFO - Channels:
 - defaults
 - conda-forge
Platform: linux-64
Collecting package metadata (repodata.json):
2025-10-01 17:46:01,271 - INFO - ...working...
2025-10-01 17:53:54,352 - INFO - /opt/miniconda3/etc/profile.d/conda.sh: line 1:    13 Killed                  ( "$CONDA_EXE" $_CE_M $_CE_CONDA "$@" )
2025-10-01 17:53:58,176 - INFO - ---> Removed intermediate container af2140c47cd0
2025-10-01 17:53:58,247 - ERROR - Error: The command '/bin/sh -c /bin/bash -c "source ~/.bashrc && /root/setup_env.sh"' returned a non-zero code: 137
2025-10-01 17:53:58,333 - ERROR - docker.errors.BuildError during sweb.env.py.x86_64.7d2281f8cd4608b2972430:latest: The command '/bin/sh -c /bin/bash -c "source ~/.bashrc && /root/setup_env.sh"' returned a non-zero code: 137
