2025-10-01 17:54:01,055 - INFO - Building image sweb.env.py.x86_64.a18371b03f944585b4f08c:latest
Using dockerfile:
FROM --platform=linux/x86_64 sweb.base.py.x86_64:latest

COPY ./setup_env.sh /root/
RUN sed -i -e 's/\r$//' /root/setup_env.sh
RUN chmod +x /root/setup_env.sh
RUN /bin/bash -c "source ~/.bashrc && /root/setup_env.sh"

WORKDIR /testbed/

# Automatically activate the testbed environment
RUN echo "source /opt/miniconda3/etc/profile.d/conda.sh && conda activate testbed" > /root/.bashrc

Adding (1) setup scripts to image build repo
2025-10-01 17:54:01,078 - INFO - [SETUP SCRIPT] setup_env.sh:
#!/bin/bash
set -euxo pipefail
source /opt/miniconda3/bin/activate
conda create -n testbed python=3.6 -y
cat <<'EOF_59812759871' > $HOME/requirements.txt
asgiref >= 3.2
argon2-cffi >= 16.1.0
bcrypt
docutils
geoip2
jinja2 >= 2.9.2
numpy
Pillow >= 6.2.0
pylibmc; sys.platform != 'win32'
python-memcached >= 1.59
pytz
pywatchman; sys.platform != 'win32'
PyYAML
selenium
sqlparse >= 0.2.2
tblib >= 1.5.0

EOF_59812759871
conda activate testbed && python -m pip install -r $HOME/requirements.txt
rm $HOME/requirements.txt
conda activate testbed

2025-10-01 17:54:01,338 - INFO - Building docker image sweb.env.py.x86_64.a18371b03f944585b4f08c:latest in logs/build_images/env/sweb.env.py.x86_64.a18371b03f944585b4f08c__latest with platform linux/x86_64
2025-10-01 17:54:16,526 - INFO - Step 1/7 : FROM --platform=linux/x86_64 sweb.base.py.x86_64:latest
2025-10-01 17:54:16,529 - INFO - 
2025-10-01 17:54:17,229 - INFO - ---> 71e8b6b130a0
2025-10-01 17:54:17,267 - INFO - Step 2/7 : COPY ./setup_env.sh /root/
2025-10-01 17:54:17,267 - INFO - 
2025-10-01 17:54:19,937 - INFO - ---> Using cache
2025-10-01 17:54:19,937 - INFO - ---> 404ab60cf756
2025-10-01 17:54:19,978 - INFO - Step 3/7 : RUN sed -i -e 's/\r$//' /root/setup_env.sh
2025-10-01 17:54:19,985 - INFO - 
2025-10-01 17:54:20,007 - INFO - ---> Using cache
2025-10-01 17:54:20,008 - INFO - ---> 7e883b7871df
2025-10-01 17:54:20,008 - INFO - Step 4/7 : RUN chmod +x /root/setup_env.sh
2025-10-01 17:54:20,008 - INFO - 
2025-10-01 17:54:20,048 - INFO - ---> Using cache
2025-10-01 17:54:20,057 - INFO - ---> 412e620b7d35
2025-10-01 17:54:20,057 - INFO - Step 5/7 : RUN /bin/bash -c "source ~/.bashrc && /root/setup_env.sh"
2025-10-01 17:54:20,057 - INFO - 
2025-10-01 17:54:21,482 - INFO - ---> Running in 9d02614ac397
2025-10-01 17:54:32,761 - INFO - + source /opt/miniconda3/bin/activate
2025-10-01 17:54:32,780 - INFO - ++ _CONDA_ROOT=/opt/miniconda3
++ . /opt/miniconda3/etc/profile.d/conda.sh
2025-10-01 17:54:32,807 - INFO - +++ export CONDA_EXE=/opt/miniconda3/bin/conda
+++ CONDA_EXE=/opt/miniconda3/bin/conda
2025-10-01 17:54:32,810 - INFO - +++ export _CE_M=
2025-10-01 17:54:32,822 - INFO - +++ _CE_M=
+++ export _CE_CONDA=
+++ _CE_CONDA=
+++ export CONDA_PYTHON_EXE=/opt/miniconda3/bin/python
+++ CONDA_PYTHON_EXE=/opt/miniconda3/bin/python
+++ '[' -z '' ']'
+++ export CONDA_SHLVL=0
+++ CONDA_SHLVL=0
+++ '[' -n '' ']'
2025-10-01 17:54:32,823 - INFO - +++++ dirname /opt/miniconda3/bin/conda
2025-10-01 17:54:32,879 - INFO - ++++ dirname /opt/miniconda3/bin
2025-10-01 17:54:32,882 - INFO - +++ PATH=/opt/miniconda3/condabin:/opt/miniconda3/bin:/usr/local/sbin:/usr/local/bin:/usr/sbin:/usr/bin:/sbin:/bin
2025-10-01 17:54:32,883 - INFO - +++ export PATH
2025-10-01 17:54:32,883 - INFO - +++ '[' -z '' ']'
+++ PS1=
++ conda activate
++ local cmd=activate
++ case "$cmd" in
++ __conda_activate activate
++ '[' -n '' ']'
++ local ask_conda
2025-10-01 17:54:32,883 - INFO - +++ PS1=
+++ __conda_exe shell.posix activate
2025-10-01 17:54:32,883 - INFO - +++ /opt/miniconda3/bin/conda shell.posix activate
2025-10-01 17:54:41,595 - INFO - ++ ask_conda='PS1='\''(base) '\''
export PATH='\''/opt/miniconda3/bin:/opt/miniconda3/condabin:/opt/miniconda3/bin:/usr/local/sbin:/usr/local/bin:/usr/sbin:/usr/bin:/sbin:/bin'\''
export CONDA_PREFIX='\''/opt/miniconda3'\''
export CONDA_SHLVL='\''1'\''
export CONDA_DEFAULT_ENV='\''base'\''
export CONDA_PROMPT_MODIFIER='\''(base) '\''
export CONDA_EXE='\''/opt/miniconda3/bin/conda'\''
export _CE_M='\'''\''
export _CE_CONDA='\'''\''
export CONDA_PYTHON_EXE='\''/opt/miniconda3/bin/python'\'''
2025-10-01 17:54:41,942 - INFO - ++ eval 'PS1='\''(base) '\''
export PATH='\''/opt/miniconda3/bin:/opt/miniconda3/condabin:/opt/miniconda3/bin:/usr/local/sbin:/usr/local/bin:/usr/sbin:/usr/bin:/sbin:/bin'\''
export CONDA_PREFIX='\''/opt/miniconda3'\''
export CONDA_SHLVL='\''1'\''
export CONDA_DEFAULT_ENV='\''base'\''
export CONDA_PROMPT_MODIFIER='\''(base) '\''
export CONDA_EXE='\''/opt/miniconda3/bin/conda'\''
export _CE_M='\'''\''
export _CE_CONDA='\'''\''
export CONDA_PYTHON_EXE='\''/opt/miniconda3/bin/python'\'''
+++ PS1='(base) '
+++ export PATH=/opt/miniconda3/bin:/opt/miniconda3/condabin:/opt/miniconda3/bin:/usr/local/sbin:/usr/local/bin:/usr/sbin:/usr/bin:/sbin:/bin
+++ PATH=/opt/miniconda3/bin:/opt/miniconda3/condabin:/opt/miniconda3/bin:/usr/local/sbin:/usr/local/bin:/usr/sbin:/usr/bin:/sbin:/bin
+++ export CONDA_PREFIX=/opt/miniconda3
+++ CONDA_PREFIX=/opt/miniconda3
+++ export CONDA_SHLVL=1
+++ CONDA_SHLVL=1
+++ export CONDA_DEFAULT_ENV=base
+++ CONDA_DEFAULT_ENV=base
+++ export 'CONDA_PROMPT_MODIFIER=(base) '
+++ CONDA_PROMPT_MODIFIER='(base) '
+++ export CONDA_EXE=/opt/miniconda3/bin/conda
+++ CONDA_EXE=/opt/miniconda3/bin/conda
+++ export _CE_M=
+++ _CE_M=
+++ export _CE_CONDA=
+++ _CE_CONDA=
+++ export CONDA_PYTHON_EXE=/opt/miniconda3/bin/python
+++ CONDA_PYTHON_EXE=/opt/miniconda3/bin/python
++ __conda_hashr
++ '[' -n '' ']'
++ '[' -n '' ']'
++ hash -r
+ conda create -n testbed python=3.6 -y
+ local cmd=create
+ case "$cmd" in
+ __conda_exe create -n testbed python=3.6 -y
+ /opt/miniconda3/bin/conda create -n testbed python=3.6 -y
2025-10-01 17:54:59,284 - INFO - Channels:
 - defaults
 - conda-forge
Platform: linux-64
Collecting package metadata (repodata.json): ...working...
