2025-10-01 21:28:16,061 - INFO - Building image sweb.base.py.x86_64:latest
Using dockerfile:

FROM --platform=linux/x86_64 ubuntu:22.04

ARG DEBIAN_FRONTEND=noninteractive
ENV TZ=Etc/UTC

RUN apt update && apt install -y \
wget \
git \
build-essential \
libffi-dev \
libtiff-dev \
python3 \
python3-pip \
python-is-python3 \
jq \
curl \
locales \
locales-all \
tzdata \
&& rm -rf /var/lib/apt/lists/*

# Download and install conda
RUN wget 'https://repo.anaconda.com/miniconda/Miniconda3-py311_23.11.0-2-Linux-x86_64.sh' -O miniconda.sh \
    && bash miniconda.sh -b -p /opt/miniconda3
# Add conda to PATH
ENV PATH=/opt/miniconda3/bin:$PATH
# Add conda to shell startup scripts like .bashrc (DO NOT REMOVE THIS)
RUN conda init --all
RUN conda config --append channels conda-forge

RUN adduser --disabled-password --gecos 'dog' nonroot

Adding (0) setup scripts to image build repo
2025-10-01 21:28:16,061 - INFO - Building docker image sweb.base.py.x86_64:latest in logs/build_images/base/sweb.base.py.x86_64__latest with platform linux/x86_64
2025-10-01 21:28:16,066 - INFO - Step 1/9 : FROM --platform=linux/x86_64 ubuntu:22.04
2025-10-01 21:28:16,066 - INFO - 
2025-10-01 21:28:16,883 - ERROR - Error: toomanyrequests: You have reached your unauthenticated pull rate limit. https://www.docker.com/increase-rate-limit
2025-10-01 21:28:16,883 - ERROR - docker.errors.BuildError during sweb.base.py.x86_64:latest: toomanyrequests: You have reached your unauthenticated pull rate limit. https://www.docker.com/increase-rate-limit
