2025-10-01 05:07:03,858 - INFO - Building image sweb.env.py.x86_64.9896b0fd9d55ceb92d2606:latest
Using dockerfile:
FROM --platform=linux/x86_64 sweb.base.py.x86_64:latest

COPY ./setup_env.sh /root/
RUN sed -i -e 's/\r$//' /root/setup_env.sh
RUN chmod +x /root/setup_env.sh
RUN /bin/bash -c "source ~/.bashrc && /root/setup_env.sh"

WORKDIR /testbed/

# Automatically activate the testbed environment
RUN echo "source /opt/miniconda3/etc/profile.d/conda.sh && conda activate testbed" > /root/.bashrc

Adding (1) setup scripts to image build repo
2025-10-01 05:07:03,899 - INFO - [SETUP SCRIPT] setup_env.sh:
#!/bin/bash
set -euxo pipefail
source /opt/miniconda3/bin/activate
cat <<'EOF_59812759871' > /root/environment.yml
name: testbed
channels:
  - defaults
  - conda-forge
dependencies:
  - _libgcc_mutex=0.1=main
  - _openmp_mutex=5.1=1_gnu
  - ca-certificates=2024.9.24=h06a4308_0
  - exceptiongroup=1.2.0=py39h06a4308_0
  - iniconfig=1.1.1=pyhd3eb1b0_0
  - ld_impl_linux-64=2.40=h12ee557_0
  - libffi=3.4.4=h6a678d5_1
  - libgcc-ng=11.2.0=h1234567_1
  - libgomp=11.2.0=h1234567_1
  - libstdcxx-ng=11.2.0=h1234567_1
  - ncurses=6.4=h6a678d5_0
  - openssl=3.0.15=h5eee18b_0
  - packaging=24.1=py39h06a4308_0
  - pip=24.2=py39h06a4308_0
  - pluggy=1.0.0=py39h06a4308_1
  - pytest=7.4.4=py39h06a4308_0
  - python=3.9.20=he870216_1
  - readline=8.2=h5eee18b_0
  - setuptools=75.1.0=py39h06a4308_0
  - sqlite=3.45.3=h5eee18b_0
  - tk=8.6.14=h39e8969_0
  - tomli=2.0.1=py39h06a4308_0
  - tzdata=2024b=h04d1e81_0
  - wheel=0.44.0=py39h06a4308_0
  - xz=5.4.6=h5eee18b_1
  - zlib=1.2.13=h5eee18b_1
  - pip:
prefix: /opt/miniconda3/envs/testbed

EOF_59812759871
conda env create -f /root/environment.yml
conda activate testbed

2025-10-01 05:07:03,978 - INFO - Building docker image sweb.env.py.x86_64.9896b0fd9d55ceb92d2606:latest in logs/build_images/env/sweb.env.py.x86_64.9896b0fd9d55ceb92d2606__latest with platform linux/x86_64
2025-10-01 05:07:20,996 - INFO - Step 1/7 : FROM --platform=linux/x86_64 sweb.base.py.x86_64:latest
2025-10-01 05:07:21,018 - INFO - 
2025-10-01 05:07:21,019 - INFO - ---> 71e8b6b130a0
2025-10-01 05:07:21,019 - INFO - Step 2/7 : COPY ./setup_env.sh /root/
2025-10-01 05:07:21,019 - INFO - 
2025-10-01 05:07:28,355 - INFO - ---> 57d12828c4a8
2025-10-01 05:07:28,355 - INFO - Step 3/7 : RUN sed -i -e 's/\r$//' /root/setup_env.sh
2025-10-01 05:07:28,355 - INFO - 
2025-10-01 05:07:34,947 - INFO - ---> Running in b2b0a8bb6545
2025-10-01 05:08:33,390 - INFO - ---> Removed intermediate container b2b0a8bb6545
2025-10-01 05:08:33,399 - INFO - ---> c8a25af69f81
2025-10-01 05:08:33,399 - INFO - Step 4/7 : RUN chmod +x /root/setup_env.sh
2025-10-01 05:08:33,400 - INFO - 
2025-10-01 05:08:34,032 - INFO - ---> Running in 2e8a5fc75547
2025-10-01 05:08:37,682 - INFO - ---> Removed intermediate container 2e8a5fc75547
2025-10-01 05:08:37,682 - INFO - ---> 3de834df2ac8
2025-10-01 05:08:37,683 - INFO - Step 5/7 : RUN /bin/bash -c "source ~/.bashrc && /root/setup_env.sh"
2025-10-01 05:08:37,683 - INFO - 
2025-10-01 05:08:37,869 - INFO - ---> Running in 05fde08bfd66
2025-10-01 05:08:38,944 - INFO - + source /opt/miniconda3/bin/activate
2025-10-01 05:08:38,951 - INFO - ++ _CONDA_ROOT=/opt/miniconda3
2025-10-01 05:08:38,952 - INFO - ++ . /opt/miniconda3/etc/profile.d/conda.sh
2025-10-01 05:08:38,973 - INFO - +++ export CONDA_EXE=/opt/miniconda3/bin/conda
2025-10-01 05:08:38,973 - INFO - +++ CONDA_EXE=/opt/miniconda3/bin/conda
+++ export _CE_M=
+++ _CE_M=
+++ export _CE_CONDA=
+++ _CE_CONDA=
+++ export CONDA_PYTHON_EXE=/opt/miniconda3/bin/python
+++ CONDA_PYTHON_EXE=/opt/miniconda3/bin/python
2025-10-01 05:08:38,980 - INFO - +++ '[' -z '' ']'
2025-10-01 05:08:38,988 - INFO - +++ export CONDA_SHLVL=0
+++ CONDA_SHLVL=0
2025-10-01 05:08:38,988 - INFO - +++ '[' -n '' ']'
2025-10-01 05:08:38,988 - INFO - +++++ dirname /opt/miniconda3/bin/conda
2025-10-01 05:08:39,004 - INFO - ++++ dirname /opt/miniconda3/bin
2025-10-01 05:08:39,004 - INFO - +++ PATH=/opt/miniconda3/condabin:/opt/miniconda3/bin:/usr/local/sbin:/usr/local/bin:/usr/sbin:/usr/bin:/sbin:/bin
+++ export PATH
2025-10-01 05:08:39,004 - INFO - +++ '[' -z '' ']'
+++ PS1=
++ conda activate
++ local cmd=activate
++ case "$cmd" in
++ __conda_activate activate
++ '[' -n '' ']'
++ local ask_conda
2025-10-01 05:08:39,004 - INFO - +++ PS1=
+++ __conda_exe shell.posix activate
2025-10-01 05:08:39,004 - INFO - +++ /opt/miniconda3/bin/conda shell.posix activate
2025-10-01 05:08:39,278 - INFO - ++ ask_conda='PS1='\''(base) '\''
export PATH='\''/opt/miniconda3/bin:/opt/miniconda3/condabin:/opt/miniconda3/bin:/usr/local/sbin:/usr/local/bin:/usr/sbin:/usr/bin:/sbin:/bin'\''
export CONDA_PREFIX='\''/opt/miniconda3'\''
export CONDA_SHLVL='\''1'\''
export CONDA_DEFAULT_ENV='\''base'\''
export CONDA_PROMPT_MODIFIER='\''(base) '\''
export CONDA_EXE='\''/opt/miniconda3/bin/conda'\''
export _CE_M='\'''\''
export _CE_CONDA='\'''\''
export CONDA_PYTHON_EXE='\''/opt/miniconda3/bin/python'\'''
++ eval 'PS1='\''(base) '\''
export PATH='\''/opt/miniconda3/bin:/opt/miniconda3/condabin:/opt/miniconda3/bin:/usr/local/sbin:/usr/local/bin:/usr/sbin:/usr/bin:/sbin:/bin'\''
export CONDA_PREFIX='\''/opt/miniconda3'\''
export CONDA_SHLVL='\''1'\''
export CONDA_DEFAULT_ENV='\''base'\''
export CONDA_PROMPT_MODIFIER='\''(base) '\''
export CONDA_EXE='\''/opt/miniconda3/bin/conda'\''
export _CE_M='\'''\''
export _CE_CONDA='\'''\''
export CONDA_PYTHON_EXE='\''/opt/miniconda3/bin/python'\'''
+++ PS1='(base) '
+++ export PATH=/opt/miniconda3/bin:/opt/miniconda3/condabin:/opt/miniconda3/bin:/usr/local/sbin:/usr/local/bin:/usr/sbin:/usr/bin:/sbin:/bin
+++ PATH=/opt/miniconda3/bin:/opt/miniconda3/condabin:/opt/miniconda3/bin:/usr/local/sbin:/usr/local/bin:/usr/sbin:/usr/bin:/sbin:/bin
+++ export CONDA_PREFIX=/opt/miniconda3
+++ CONDA_PREFIX=/opt/miniconda3
+++ export CONDA_SHLVL=1
+++ CONDA_SHLVL=1
+++ export CONDA_DEFAULT_ENV=base
+++ CONDA_DEFAULT_ENV=base
+++ export 'CONDA_PROMPT_MODIFIER=(base) '
+++ CONDA_PROMPT_MODIFIER='(base) '
+++ export CONDA_EXE=/opt/miniconda3/bin/conda
+++ CONDA_EXE=/opt/miniconda3/bin/conda
+++ export _CE_M=
+++ _CE_M=
+++ export _CE_CONDA=
+++ _CE_CONDA=
+++ export CONDA_PYTHON_EXE=/opt/miniconda3/bin/python
+++ CONDA_PYTHON_EXE=/opt/miniconda3/bin/python
++ __conda_hashr
++ '[' -n '' ']'
++ '[' -n '' ']'
++ hash -r
+ cat
2025-10-01 05:08:39,306 - INFO - + conda env create -f /root/environment.yml
+ local cmd=env
+ case "$cmd" in
+ __conda_exe env create -f /root/environment.yml
2025-10-01 05:08:39,306 - INFO - + /opt/miniconda3/bin/conda env create -f /root/environment.yml
2025-10-01 05:08:42,930 - INFO - Channels:
 - defaults
 - conda-forge
Platform: linux-64
Collecting package metadata (repodata.json): ...working...
2025-10-01 05:17:54,310 - INFO - CondaHTTPError: HTTP 000 CONNECTION FAILED for url <https://repo.anaconda.com/pkgs/main/linux-64/repodata.json>
Elapsed: -

An HTTP error occurred when trying to retrieve this URL.
HTTP errors are often intermittent, and a simple retry will get you on your way.

If your current network has https://repo.anaconda.com blocked, please file
a support request with your network engineering team.

'https//repo.anaconda.com/pkgs/main/linux-64'
2025-10-01 05:17:54,427 - INFO - failed
2025-10-01 05:18:00,583 - INFO - ---> Removed intermediate container 05fde08bfd66
2025-10-01 05:18:00,655 - ERROR - Error: The command '/bin/sh -c /bin/bash -c "source ~/.bashrc && /root/setup_env.sh"' returned a non-zero code: 1
2025-10-01 05:18:00,679 - ERROR - docker.errors.BuildError during sweb.env.py.x86_64.9896b0fd9d55ceb92d2606:latest: The command '/bin/sh -c /bin/bash -c "source ~/.bashrc && /root/setup_env.sh"' returned a non-zero code: 1
