2025-10-01 06:10:34,566 - INFO - Building image sweb.env.py.x86_64.6066c7c15483c5fa2eebd6:latest
Using dockerfile:
FROM --platform=linux/x86_64 sweb.base.py.x86_64:latest

COPY ./setup_env.sh /root/
RUN sed -i -e 's/\r$//' /root/setup_env.sh
RUN chmod +x /root/setup_env.sh
RUN /bin/bash -c "source ~/.bashrc && /root/setup_env.sh"

WORKDIR /testbed/

# Automatically activate the testbed environment
RUN echo "source /opt/miniconda3/etc/profile.d/conda.sh && conda activate testbed" > /root/.bashrc

Adding (1) setup scripts to image build repo
2025-10-01 06:10:34,604 - INFO - [SETUP SCRIPT] setup_env.sh:
#!/bin/bash
set -euxo pipefail
source /opt/miniconda3/bin/activate
cat <<'EOF_59812759871' > /root/environment.yml
name: testbed
channels:
  - defaults
  - conda-forge
dependencies:
  - _libgcc_mutex=0.1=main
  - _openmp_mutex=5.1=1_gnu
  - ca-certificates=2024.9.24=h06a4308_0
  - flake8=7.1.1=py39h06a4308_0
  - ld_impl_linux-64=2.40=h12ee557_0
  - libffi=3.4.4=h6a678d5_1
  - libgcc-ng=11.2.0=h1234567_1
  - libgomp=11.2.0=h1234567_1
  - libstdcxx-ng=11.2.0=h1234567_1
  - mccabe=0.7.0=pyhd3eb1b0_0
  - mpmath=1.3.0=py39h06a4308_0
  - ncurses=6.4=h6a678d5_0
  - openssl=3.0.15=h5eee18b_0
  - pip=24.2=py39h06a4308_0
  - pycodestyle=2.12.1=py39h06a4308_0
  - pyflakes=3.2.0=py39h06a4308_0
  - python=3.9.20=he870216_1
  - readline=8.2=h5eee18b_0
  - setuptools=75.1.0=py39h06a4308_0
  - sqlite=3.45.3=h5eee18b_0
  - tk=8.6.14=h39e8969_0
  - tzdata=2024b=h04d1e81_0
  - wheel=0.44.0=py39h06a4308_0
  - xz=5.4.6=h5eee18b_1
  - zlib=1.2.13=h5eee18b_1
  - pip:
      - flake8-comprehensions==3.15.0
prefix: /opt/miniconda3/envs/testbed

EOF_59812759871
conda env create -f /root/environment.yml
conda activate testbed

2025-10-01 06:10:34,654 - INFO - Building docker image sweb.env.py.x86_64.6066c7c15483c5fa2eebd6:latest in logs/build_images/env/sweb.env.py.x86_64.6066c7c15483c5fa2eebd6__latest with platform linux/x86_64
2025-10-01 06:10:37,791 - INFO - Step 1/7 : FROM --platform=linux/x86_64 sweb.base.py.x86_64:latest
2025-10-01 06:10:37,791 - INFO - 
2025-10-01 06:10:37,791 - INFO - ---> 71e8b6b130a0
2025-10-01 06:10:37,791 - INFO - Step 2/7 : COPY ./setup_env.sh /root/
2025-10-01 06:10:37,791 - INFO - 
2025-10-01 06:10:45,107 - INFO - ---> 170c55df5a7a
2025-10-01 06:10:45,107 - INFO - Step 3/7 : RUN sed -i -e 's/\r$//' /root/setup_env.sh
2025-10-01 06:10:45,107 - INFO - 
2025-10-01 06:10:47,190 - INFO - ---> Running in f36dcd7961a7
2025-10-01 06:10:50,521 - INFO - ---> Removed intermediate container f36dcd7961a7
2025-10-01 06:10:50,523 - INFO - ---> 88384829ba38
2025-10-01 06:10:50,523 - INFO - Step 4/7 : RUN chmod +x /root/setup_env.sh
2025-10-01 06:10:50,523 - INFO - 
2025-10-01 06:10:51,049 - INFO - ---> Running in c73d40fa9089
2025-10-01 06:10:55,083 - INFO - ---> Removed intermediate container c73d40fa9089
2025-10-01 06:10:55,083 - INFO - ---> fa031d1a6c50
2025-10-01 06:10:55,083 - INFO - Step 5/7 : RUN /bin/bash -c "source ~/.bashrc && /root/setup_env.sh"
2025-10-01 06:10:55,083 - INFO - 
2025-10-01 06:10:56,268 - INFO - ---> Running in 86f1d0f99a44
2025-10-01 06:11:08,235 - INFO - + source /opt/miniconda3/bin/activate
2025-10-01 06:11:08,243 - INFO - ++ _CONDA_ROOT=/opt/miniconda3
++ . /opt/miniconda3/etc/profile.d/conda.sh
+++ export CONDA_EXE=/opt/miniconda3/bin/conda
+++ CONDA_EXE=/opt/miniconda3/bin/conda
+++ export _CE_M=
+++ _CE_M=
+++ export _CE_CONDA=
+++ _CE_CONDA=
+++ export CONDA_PYTHON_EXE=/opt/miniconda3/bin/python
+++ CONDA_PYTHON_EXE=/opt/miniconda3/bin/python
+++ '[' -z '' ']'
+++ export CONDA_SHLVL=0
+++ CONDA_SHLVL=0
+++ '[' -n '' ']'
2025-10-01 06:11:08,243 - INFO - +++++ dirname /opt/miniconda3/bin/conda
2025-10-01 06:11:08,346 - INFO - ++++ dirname /opt/miniconda3/bin
2025-10-01 06:11:08,347 - INFO - +++ PATH=/opt/miniconda3/condabin:/opt/miniconda3/bin:/usr/local/sbin:/usr/local/bin:/usr/sbin:/usr/bin:/sbin:/bin
2025-10-01 06:11:08,348 - INFO - +++ export PATH
+++ '[' -z '' ']'
+++ PS1=
++ conda activate
++ local cmd=activate
++ case "$cmd" in
++ __conda_activate activate
++ '[' -n '' ']'
++ local ask_conda
2025-10-01 06:11:08,348 - INFO - +++ PS1=
2025-10-01 06:11:08,350 - INFO - +++ __conda_exe shell.posix activate
2025-10-01 06:11:08,356 - INFO - +++ /opt/miniconda3/bin/conda shell.posix activate
2025-10-01 06:11:10,479 - INFO - ++ ask_conda='PS1='\''(base) '\''
export PATH='\''/opt/miniconda3/bin:/opt/miniconda3/condabin:/opt/miniconda3/bin:/usr/local/sbin:/usr/local/bin:/usr/sbin:/usr/bin:/sbin:/bin'\''
export CONDA_PREFIX='\''/opt/miniconda3'\''
export CONDA_SHLVL='\''1'\''
export CONDA_DEFAULT_ENV='\''base'\''
export CONDA_PROMPT_MODIFIER='\''(base) '\''
export CONDA_EXE='\''/opt/miniconda3/bin/conda'\''
export _CE_M='\'''\''
export _CE_CONDA='\'''\''
export CONDA_PYTHON_EXE='\''/opt/miniconda3/bin/python'\'''
++ eval 'PS1='\''(base) '\''
export PATH='\''/opt/miniconda3/bin:/opt/miniconda3/condabin:/opt/miniconda3/bin:/usr/local/sbin:/usr/local/bin:/usr/sbin:/usr/bin:/sbin:/bin'\''
export CONDA_PREFIX='\''/opt/miniconda3'\''
export CONDA_SHLVL='\''1'\''
export CONDA_DEFAULT_ENV='\''base'\''
export CONDA_PROMPT_MODIFIER='\''(base) '\''
export CONDA_EXE='\''/opt/miniconda3/bin/conda'\''
export _CE_M='\'''\''
export _CE_CONDA='\'''\''
export CONDA_PYTHON_EXE='\''/opt/miniconda3/bin/python'\'''
+++ PS1='(base) '
+++ export PATH=/opt/miniconda3/bin:/opt/miniconda3/condabin:/opt/miniconda3/bin:/usr/local/sbin:/usr/local/bin:/usr/sbin:/usr/bin:/sbin:/bin
2025-10-01 06:11:10,480 - INFO - +++ PATH=/opt/miniconda3/bin:/opt/miniconda3/condabin:/opt/miniconda3/bin:/usr/local/sbin:/usr/local/bin:/usr/sbin:/usr/bin:/sbin:/bin
2025-10-01 06:11:10,480 - INFO - +++ export CONDA_PREFIX=/opt/miniconda3
2025-10-01 06:11:10,480 - INFO - +++ CONDA_PREFIX=/opt/miniconda3
+++ export CONDA_SHLVL=1
+++ CONDA_SHLVL=1
+++ export CONDA_DEFAULT_ENV=base
+++ CONDA_DEFAULT_ENV=base
+++ export 'CONDA_PROMPT_MODIFIER=(base) '
+++ CONDA_PROMPT_MODIFIER='(base) '
2025-10-01 06:11:10,485 - INFO - +++ export CONDA_EXE=/opt/miniconda3/bin/conda
+++ CONDA_EXE=/opt/miniconda3/bin/conda
+++ export _CE_M=
+++ _CE_M=
+++ export _CE_CONDA=
+++ _CE_CONDA=
+++ export CONDA_PYTHON_EXE=/opt/miniconda3/bin/python
+++ CONDA_PYTHON_EXE=/opt/miniconda3/bin/python
++ __conda_hashr
++ '[' -n '' ']'
++ '[' -n '' ']'
2025-10-01 06:11:10,485 - INFO - ++ hash -r
+ cat
2025-10-01 06:11:10,494 - INFO - + conda env create -f /root/environment.yml
+ local cmd=env
+ case "$cmd" in
2025-10-01 06:11:10,494 - INFO - + __conda_exe env create -f /root/environment.yml
2025-10-01 06:11:10,494 - INFO - + /opt/miniconda3/bin/conda env create -f /root/environment.yml
2025-10-01 06:11:52,125 - INFO - Channels:
 - defaults
 - conda-forge
Platform: linux-64
Collecting package metadata (repodata.json): ...working...
2025-10-01 06:18:52,034 - INFO - /opt/miniconda3/etc/profile.d/conda.sh: line 1:    14 Killed                  ( "$CONDA_EXE" $_CE_M $_CE_CONDA "$@" )
2025-10-01 06:19:05,131 - INFO - ---> Removed intermediate container 86f1d0f99a44
2025-10-01 06:19:05,194 - ERROR - Error: The command '/bin/sh -c /bin/bash -c "source ~/.bashrc && /root/setup_env.sh"' returned a non-zero code: 137
2025-10-01 06:19:05,203 - ERROR - docker.errors.BuildError during sweb.env.py.x86_64.6066c7c15483c5fa2eebd6:latest: The command '/bin/sh -c /bin/bash -c "source ~/.bashrc && /root/setup_env.sh"' returned a non-zero code: 137
