2025-10-01 05:32:58,768 - INFO - Building image sweb.env.py.x86_64.8f1f7b974f0c57c7aeba39:latest
Using dockerfile:
FROM --platform=linux/x86_64 sweb.base.py.x86_64:latest

COPY ./setup_env.sh /root/
RUN sed -i -e 's/\r$//' /root/setup_env.sh
RUN chmod +x /root/setup_env.sh
RUN /bin/bash -c "source ~/.bashrc && /root/setup_env.sh"

WORKDIR /testbed/

# Automatically activate the testbed environment
RUN echo "source /opt/miniconda3/etc/profile.d/conda.sh && conda activate testbed" > /root/.bashrc

Adding (1) setup scripts to image build repo
2025-10-01 05:32:58,785 - INFO - [SETUP SCRIPT] setup_env.sh:
#!/bin/bash
set -euxo pipefail
source /opt/miniconda3/bin/activate
conda create -n testbed python=3.9  -y
conda activate testbed
python -m pip install attrs==23.1.0 iniconfig==2.0.0 packaging==23.1 pluggy==0.13.1 py==1.11.0 toml==0.10.2

2025-10-01 05:32:58,793 - INFO - Building docker image sweb.env.py.x86_64.8f1f7b974f0c57c7aeba39:latest in logs/build_images/env/sweb.env.py.x86_64.8f1f7b974f0c57c7aeba39__latest with platform linux/x86_64
2025-10-01 05:32:59,172 - INFO - Step 1/7 : FROM --platform=linux/x86_64 sweb.base.py.x86_64:latest
2025-10-01 05:32:59,172 - INFO - 
2025-10-01 05:32:59,178 - INFO - ---> 71e8b6b130a0
2025-10-01 05:32:59,178 - INFO - Step 2/7 : COPY ./setup_env.sh /root/
2025-10-01 05:32:59,178 - INFO - 
2025-10-01 05:33:08,410 - INFO - ---> fc840c56d506
2025-10-01 05:33:08,410 - INFO - Step 3/7 : RUN sed -i -e 's/\r$//' /root/setup_env.sh
2025-10-01 05:33:08,410 - INFO - 
2025-10-01 05:33:09,615 - INFO - ---> Running in c44e6748cdc2
2025-10-01 05:33:18,604 - INFO - ---> Removed intermediate container c44e6748cdc2
2025-10-01 05:33:18,604 - INFO - ---> f3ca8a21240e
2025-10-01 05:33:18,604 - INFO - Step 4/7 : RUN chmod +x /root/setup_env.sh
2025-10-01 05:33:18,604 - INFO - 
2025-10-01 05:33:19,712 - INFO - ---> Running in dc050e42d6a0
2025-10-01 05:33:39,955 - INFO - ---> Removed intermediate container dc050e42d6a0
2025-10-01 05:33:39,967 - INFO - ---> 2369336fd93c
2025-10-01 05:33:39,972 - INFO - Step 5/7 : RUN /bin/bash -c "source ~/.bashrc && /root/setup_env.sh"
2025-10-01 05:33:39,972 - INFO - 
2025-10-01 05:33:40,545 - INFO - ---> Running in f39863681d61
2025-10-01 05:33:55,234 - INFO - + source /opt/miniconda3/bin/activate
2025-10-01 05:33:55,253 - INFO - ++ _CONDA_ROOT=/opt/miniconda3
2025-10-01 05:33:55,253 - INFO - ++ . /opt/miniconda3/etc/profile.d/conda.sh
2025-10-01 05:33:55,323 - INFO - +++ export CONDA_EXE=/opt/miniconda3/bin/conda
2025-10-01 05:33:55,383 - INFO - +++ CONDA_EXE=/opt/miniconda3/bin/conda
+++ export _CE_M=
+++ _CE_M=
+++ export _CE_CONDA=
+++ _CE_CONDA=
+++ export CONDA_PYTHON_EXE=/opt/miniconda3/bin/python
+++ CONDA_PYTHON_EXE=/opt/miniconda3/bin/python
+++ '[' -z '' ']'
+++ export CONDA_SHLVL=0
+++ CONDA_SHLVL=0
+++ '[' -n '' ']'
+++++ dirname /opt/miniconda3/bin/conda
2025-10-01 05:33:55,439 - INFO - ++++ dirname /opt/miniconda3/bin
+++ PATH=/opt/miniconda3/condabin:/opt/miniconda3/bin:/usr/local/sbin:/usr/local/bin:/usr/sbin:/usr/bin:/sbin:/bin
+++ export PATH
+++ '[' -z '' ']'
+++ PS1=
++ conda activate
2025-10-01 05:33:55,440 - INFO - ++ local cmd=activate
++ case "$cmd" in
++ __conda_activate activate
2025-10-01 05:33:55,440 - INFO - ++ '[' -n '' ']'
2025-10-01 05:33:55,440 - INFO - ++ local ask_conda
2025-10-01 05:33:55,440 - INFO - +++ PS1=
2025-10-01 05:33:55,440 - INFO - +++ __conda_exe shell.posix activate
2025-10-01 05:33:55,440 - INFO - +++ /opt/miniconda3/bin/conda shell.posix activate
2025-10-01 05:34:06,300 - INFO - ++ ask_conda='PS1='\''(base) '\''
export PATH='\''/opt/miniconda3/bin:/opt/miniconda3/condabin:/opt/miniconda3/bin:/usr/local/sbin:/usr/local/bin:/usr/sbin:/usr/bin:/sbin:/bin'\''
export CONDA_PREFIX='\''/opt/miniconda3'\''
export CONDA_SHLVL='\''1'\''
export CONDA_DEFAULT_ENV='\''base'\''
export CONDA_PROMPT_MODIFIER='\''(base) '\''
export CONDA_EXE='\''/opt/miniconda3/bin/conda'\''
export _CE_M='\'''\''
export _CE_CONDA='\'''\''
export CONDA_PYTHON_EXE='\''/opt/miniconda3/bin/python'\'''
++ eval 'PS1='\''(base) '\''
export PATH='\''/opt/miniconda3/bin:/opt/miniconda3/condabin:/opt/miniconda3/bin:/usr/local/sbin:/usr/local/bin:/usr/sbin:/usr/bin:/sbin:/bin'\''
export CONDA_PREFIX='\''/opt/miniconda3'\''
export CONDA_SHLVL='\''1'\''
export CONDA_DEFAULT_ENV='\''base'\''
export CONDA_PROMPT_MODIFIER='\''(base) '\''
export CONDA_EXE='\''/opt/miniconda3/bin/conda'\''
export _CE_M='\'''\''
export _CE_CONDA='\'''\''
export CONDA_PYTHON_EXE='\''/opt/miniconda3/bin/python'\'''
+++ PS1='(base) '
+++ export PATH=/opt/miniconda3/bin:/opt/miniconda3/condabin:/opt/miniconda3/bin:/usr/local/sbin:/usr/local/bin:/usr/sbin:/usr/bin:/sbin:/bin
+++ PATH=/opt/miniconda3/bin:/opt/miniconda3/condabin:/opt/miniconda3/bin:/usr/local/sbin:/usr/local/bin:/usr/sbin:/usr/bin:/sbin:/bin
+++ export CONDA_PREFIX=/opt/miniconda3
+++ CONDA_PREFIX=/opt/miniconda3
+++ export CONDA_SHLVL=1
+++ CONDA_SHLVL=1
+++ export CONDA_DEFAULT_ENV=base
+++ CONDA_DEFAULT_ENV=base
+++ export 'CONDA_PROMPT_MODIFIER=(base) '
+++ CONDA_PROMPT_MODIFIER='(base) '
+++ export CONDA_EXE=/opt/miniconda3/bin/conda
+++ CONDA_EXE=/opt/miniconda3/bin/conda
+++ export _CE_M=
+++ _CE_M=
+++ export _CE_CONDA=
+++ _CE_CONDA=
+++ export CONDA_PYTHON_EXE=/opt/miniconda3/bin/python
+++ CONDA_PYTHON_EXE=/opt/miniconda3/bin/python
++ __conda_hashr
++ '[' -n '' ']'
++ '[' -n '' ']'
++ hash -r
+ conda create -n testbed python=3.9 -y
+ local cmd=create
+ case "$cmd" in
+ __conda_exe create -n testbed python=3.9 -y
2025-10-01 05:34:06,383 - INFO - + /opt/miniconda3/bin/conda create -n testbed python=3.9 -y
2025-10-01 05:46:33,958 - INFO - Channels:
 - defaults
 - conda-forge
Platform: linux-64
Collecting package metadata (repodata.json): ...working...
2025-10-01 05:52:39,214 - INFO - /opt/miniconda3/etc/profile.d/conda.sh: line 1:    12 Killed                  ( "$CONDA_EXE" $_CE_M $_CE_CONDA "$@" )
2025-10-01 05:52:50,539 - INFO - ---> Removed intermediate container f39863681d61
2025-10-01 05:52:50,618 - ERROR - Error: The command '/bin/sh -c /bin/bash -c "source ~/.bashrc && /root/setup_env.sh"' returned a non-zero code: 137
2025-10-01 05:52:50,618 - ERROR - docker.errors.BuildError during sweb.env.py.x86_64.8f1f7b974f0c57c7aeba39:latest: The command '/bin/sh -c /bin/bash -c "source ~/.bashrc && /root/setup_env.sh"' returned a non-zero code: 137
