2025-10-01 05:18:01,689 - INFO - Building image sweb.env.py.x86_64.8cf130e418024708894178:latest
Using dockerfile:
FROM --platform=linux/x86_64 sweb.base.py.x86_64:latest

COPY ./setup_env.sh /root/
RUN sed -i -e 's/\r$//' /root/setup_env.sh
RUN chmod +x /root/setup_env.sh
RUN /bin/bash -c "source ~/.bashrc && /root/setup_env.sh"

WORKDIR /testbed/

# Automatically activate the testbed environment
RUN echo "source /opt/miniconda3/etc/profile.d/conda.sh && conda activate testbed" > /root/.bashrc

Adding (1) setup scripts to image build repo
2025-10-01 05:18:01,718 - INFO - [SETUP SCRIPT] setup_env.sh:
#!/bin/bash
set -euxo pipefail
source /opt/miniconda3/bin/activate
cat <<'EOF_59812759871' > /root/environment.yml
name: testbed
channels:
  - defaults
  - conda-forge
dependencies:
  - _libgcc_mutex=0.1=main
  - _openmp_mutex=5.1=1_gnu
  - ca-certificates=2024.9.24=h06a4308_0
  - ld_impl_linux-64=2.40=h12ee557_0
  - libffi=3.4.4=h6a678d5_1
  - libgcc-ng=11.2.0=h1234567_1
  - libgomp=11.2.0=h1234567_1
  - libstdcxx-ng=11.2.0=h1234567_1
  - ncurses=6.4=h6a678d5_0
  - openssl=3.0.15=h5eee18b_0
  - pip=24.2=py39h06a4308_0
  - python=3.9.20=he870216_1
  - readline=8.2=h5eee18b_0
  - setuptools=75.1.0=py39h06a4308_0
  - sqlite=3.45.3=h5eee18b_0
  - tk=8.6.14=h39e8969_0
  - tzdata=2024b=h04d1e81_0
  - wheel=0.44.0=py39h06a4308_0
  - xz=5.4.6=h5eee18b_1
  - zlib=1.2.13=h5eee18b_1
  - pip:
      - astroid==2.11.7
      - black==22.6.0
      - cachetools==5.5.0
      - certifi==2024.8.30
      - cfgv==3.4.0
      - chardet==5.2.0
      - charset-normalizer==3.4.0
      - cli-ui==0.17.2
      - click==8.1.7
      - click-default-group==1.2.4
      - colorama==0.4.6
      - contributors-txt==1.0.0
      - coverage==6.5.0
      - coveralls==3.3.1
      - dill==0.3.9
      - distlib==0.3.9
      - docopt==0.6.2
      - exceptiongroup==1.2.2
      - execnet==2.1.1
      - filelock==3.16.1
      - flake8==5.0.4
      - flake8-typing-imports==1.13.0
      - gprof2dot==2024.6.6
      - identify==2.6.1
      - idna==3.10
      - incremental==24.7.2
      - iniconfig==2.0.0
      - isort==5.10.1
      - jinja2==3.1.4
      - lazy-object-proxy==1.10.0
      - markupsafe==3.0.2
      - mccabe==0.7.0
      - mypy==0.971
      - mypy-extensions==1.0.0
      - nodeenv==1.9.1
      - packaging==24.1
      - pathspec==0.12.1
      - platformdirs==4.3.6
      - pluggy==1.5.0
      - pre-commit==2.21.0
      - py==1.11.0
      - py-cpuinfo==9.0.0
      - pycodestyle==2.9.1
      - pyflakes==2.5.0
      - pyproject-api==1.8.0
      - pytest==7.4.4
      - pytest-benchmark==4.0.0
      - pytest-cov==3.0.0
      - pytest-forked==1.6.0
      - pytest-profiling==1.7.0
      - pytest-timeout==2.3.1
      - pytest-xdist==2.5.0
      - pyyaml==6.0.2
      - requests==2.32.3
      - schema==0.7.7
      - six==1.16.0
      - tabulate==0.8.10
      - tbump==6.9.0
      - tomli==2.0.2
      - tomlkit==0.13.2
      - towncrier==22.12.0
      - tox==4.23.2
      - types-pkg-resources==0.1.3
      - typing-extensions==4.12.2
      - unidecode==1.3.8
      - urllib3==2.2.3
      - virtualenv==20.27.0
      - wrapt==1.16.0
prefix: /opt/miniconda3/envs/testbed

EOF_59812759871
conda env create -f /root/environment.yml
conda activate testbed

2025-10-01 05:18:01,787 - INFO - Building docker image sweb.env.py.x86_64.8cf130e418024708894178:latest in logs/build_images/env/sweb.env.py.x86_64.8cf130e418024708894178__latest with platform linux/x86_64
2025-10-01 05:18:03,892 - INFO - Step 1/7 : FROM --platform=linux/x86_64 sweb.base.py.x86_64:latest
2025-10-01 05:18:03,892 - INFO - 
2025-10-01 05:18:03,892 - INFO - ---> 71e8b6b130a0
2025-10-01 05:18:03,892 - INFO - Step 2/7 : COPY ./setup_env.sh /root/
2025-10-01 05:18:03,893 - INFO - 
2025-10-01 05:18:06,629 - INFO - ---> 8920cca4bd74
2025-10-01 05:18:06,629 - INFO - Step 3/7 : RUN sed -i -e 's/\r$//' /root/setup_env.sh
2025-10-01 05:18:06,629 - INFO - 
2025-10-01 05:18:07,733 - INFO - ---> Running in a6e793269747
2025-10-01 05:18:10,264 - INFO - ---> Removed intermediate container a6e793269747
2025-10-01 05:18:10,265 - INFO - ---> c81fafa0c1e8
2025-10-01 05:18:10,265 - INFO - Step 4/7 : RUN chmod +x /root/setup_env.sh
2025-10-01 05:18:10,265 - INFO - 
2025-10-01 05:18:11,323 - INFO - ---> Running in 4578ee4df9a6
2025-10-01 05:18:14,956 - INFO - ---> Removed intermediate container 4578ee4df9a6
2025-10-01 05:18:14,957 - INFO - ---> c53cb6ef5ca4
2025-10-01 05:18:14,957 - INFO - Step 5/7 : RUN /bin/bash -c "source ~/.bashrc && /root/setup_env.sh"
2025-10-01 05:18:14,957 - INFO - 
2025-10-01 05:18:15,371 - INFO - ---> Running in 60ef22e44210
2025-10-01 05:18:16,133 - INFO - + source /opt/miniconda3/bin/activate
++ _CONDA_ROOT=/opt/miniconda3
++ . /opt/miniconda3/etc/profile.d/conda.sh
+++ export CONDA_EXE=/opt/miniconda3/bin/conda
+++ CONDA_EXE=/opt/miniconda3/bin/conda
+++ export _CE_M=
+++ _CE_M=
+++ export _CE_CONDA=
+++ _CE_CONDA=
+++ export CONDA_PYTHON_EXE=/opt/miniconda3/bin/python
+++ CONDA_PYTHON_EXE=/opt/miniconda3/bin/python
2025-10-01 05:18:16,133 - INFO - +++ '[' -z '' ']'
2025-10-01 05:18:16,133 - INFO - +++ export CONDA_SHLVL=0
2025-10-01 05:18:16,133 - INFO - +++ CONDA_SHLVL=0
2025-10-01 05:18:16,133 - INFO - +++ '[' -n '' ']'
2025-10-01 05:18:16,134 - INFO - +++++ dirname /opt/miniconda3/bin/conda
2025-10-01 05:18:16,140 - INFO - ++++ dirname /opt/miniconda3/bin
2025-10-01 05:18:16,146 - INFO - +++ PATH=/opt/miniconda3/condabin:/opt/miniconda3/bin:/usr/local/sbin:/usr/local/bin:/usr/sbin:/usr/bin:/sbin:/bin
2025-10-01 05:18:16,146 - INFO - +++ export PATH
+++ '[' -z '' ']'
2025-10-01 05:18:16,146 - INFO - +++ PS1=
2025-10-01 05:18:16,147 - INFO - ++ conda activate
++ local cmd=activate
++ case "$cmd" in
++ __conda_activate activate
2025-10-01 05:18:16,147 - INFO - ++ '[' -n '' ']'
++ local ask_conda
2025-10-01 05:18:16,147 - INFO - +++ PS1=
2025-10-01 05:18:16,147 - INFO - +++ __conda_exe shell.posix activate
2025-10-01 05:18:16,147 - INFO - +++ /opt/miniconda3/bin/conda shell.posix activate
2025-10-01 05:18:17,983 - INFO - ++ ask_conda='PS1='\''(base) '\''
export PATH='\''/opt/miniconda3/bin:/opt/miniconda3/condabin:/opt/miniconda3/bin:/usr/local/sbin:/usr/local/bin:/usr/sbin:/usr/bin:/sbin:/bin'\''
export CONDA_PREFIX='\''/opt/miniconda3'\''
export CONDA_SHLVL='\''1'\''
export CONDA_DEFAULT_ENV='\''base'\''
export CONDA_PROMPT_MODIFIER='\''(base) '\''
export CONDA_EXE='\''/opt/miniconda3/bin/conda'\''
export _CE_M='\'''\''
export _CE_CONDA='\'''\''
2025-10-01 05:18:17,990 - INFO - export CONDA_PYTHON_EXE='\''/opt/miniconda3/bin/python'\'''
++ eval 'PS1='\''(base) '\''
export PATH='\''/opt/miniconda3/bin:/opt/miniconda3/condabin:/opt/miniconda3/bin:/usr/local/sbin:/usr/local/bin:/usr/sbin:/usr/bin:/sbin:/bin'\''
export CONDA_PREFIX='\''/opt/miniconda3'\''
export CONDA_SHLVL='\''1'\''
export CONDA_DEFAULT_ENV='\''base'\''
export CONDA_PROMPT_MODIFIER='\''(base) '\''
export CONDA_EXE='\''/opt/miniconda3/bin/conda'\''
export _CE_M='\'''\''
export _CE_CONDA='\'''\''
export CONDA_PYTHON_EXE='\''/opt/miniconda3/bin/python'\'''
+++ PS1='(base) '
+++ export PATH=/opt/miniconda3/bin:/opt/miniconda3/condabin:/opt/miniconda3/bin:/usr/local/sbin:/usr/local/bin:/usr/sbin:/usr/bin:/sbin:/bin
+++ PATH=/opt/miniconda3/bin:/opt/miniconda3/condabin:/opt/miniconda3/bin:/usr/local/sbin:/usr/local/bin:/usr/sbin:/usr/bin:/sbin:/bin
+++ export CONDA_PREFIX=/opt/miniconda3
+++ CONDA_PREFIX=/opt/miniconda3
+++ export CONDA_SHLVL=1
+++ CONDA_SHLVL=1
+++ export CONDA_DEFAULT_ENV=base
+++ CONDA_DEFAULT_ENV=base
+++ export 'CONDA_PROMPT_MODIFIER=(base) '
+++ CONDA_PROMPT_MODIFIER='(base) '
+++ export CONDA_EXE=/opt/miniconda3/bin/conda
+++ CONDA_EXE=/opt/miniconda3/bin/conda
+++ export _CE_M=
+++ _CE_M=
+++ export _CE_CONDA=
+++ _CE_CONDA=
+++ export CONDA_PYTHON_EXE=/opt/miniconda3/bin/python
+++ CONDA_PYTHON_EXE=/opt/miniconda3/bin/python
++ __conda_hashr
++ '[' -n '' ']'
++ '[' -n '' ']'
++ hash -r
+ cat
2025-10-01 05:18:18,003 - INFO - + conda env create -f /root/environment.yml
2025-10-01 05:18:18,004 - INFO - + local cmd=env
2025-10-01 05:18:18,007 - INFO - + case "$cmd" in
2025-10-01 05:18:18,008 - INFO - + __conda_exe env create -f /root/environment.yml
2025-10-01 05:18:18,010 - INFO - + /opt/miniconda3/bin/conda env create -f /root/environment.yml
2025-10-01 05:18:22,998 - INFO - Channels:
 - defaults
 - conda-forge
Platform: linux-64
Collecting package metadata (repodata.json): ...working...
2025-10-01 05:46:27,982 - INFO - /opt/miniconda3/etc/profile.d/conda.sh: line 1:    13 Killed                  ( "$CONDA_EXE" $_CE_M $_CE_CONDA "$@" )
2025-10-01 05:46:42,401 - INFO - ---> Removed intermediate container 60ef22e44210
2025-10-01 05:46:42,505 - ERROR - Error: The command '/bin/sh -c /bin/bash -c "source ~/.bashrc && /root/setup_env.sh"' returned a non-zero code: 137
2025-10-01 05:46:42,505 - ERROR - docker.errors.BuildError during sweb.env.py.x86_64.8cf130e418024708894178:latest: The command '/bin/sh -c /bin/bash -c "source ~/.bashrc && /root/setup_env.sh"' returned a non-zero code: 137
