2025-10-01 04:21:23,918 - INFO - Building image sweb.env.py.x86_64.517560d64be75e8a7d67c5:latest
Using dockerfile:
FROM --platform=linux/x86_64 sweb.base.py.x86_64:latest

COPY ./setup_env.sh /root/
RUN sed -i -e 's/\r$//' /root/setup_env.sh
RUN chmod +x /root/setup_env.sh
RUN /bin/bash -c "source ~/.bashrc && /root/setup_env.sh"

WORKDIR /testbed/

# Automatically activate the testbed environment
RUN echo "source /opt/miniconda3/etc/profile.d/conda.sh && conda activate testbed" > /root/.bashrc

Adding (1) setup scripts to image build repo
2025-10-01 04:21:24,389 - INFO - [SETUP SCRIPT] setup_env.sh:
#!/bin/bash
set -euxo pipefail
source /opt/miniconda3/bin/activate
cat <<'EOF_59812759871' > /root/environment.yml
name: testbed
channels:
  - defaults
  - conda-forge
dependencies:
  - _libgcc_mutex=0.1=main
  - _openmp_mutex=5.1=1_gnu
  - ca-certificates=2024.9.24=h06a4308_0
  - ld_impl_linux-64=2.40=h12ee557_0
  - libffi=3.4.4=h6a678d5_1
  - libgcc-ng=11.2.0=h1234567_1
  - libgomp=11.2.0=h1234567_1
  - libstdcxx-ng=11.2.0=h1234567_1
  - ncurses=6.4=h6a678d5_0
  - openssl=3.0.15=h5eee18b_0
  - pip=24.2=py38h06a4308_0
  - python=3.8.20=he870216_0
  - readline=8.2=h5eee18b_0
  - setuptools=75.1.0=py38h06a4308_0
  - sqlite=3.45.3=h5eee18b_0
  - tk=8.6.14=h39e8969_0
  - wheel=0.44.0=py38h06a4308_0
  - xz=5.4.6=h5eee18b_1
  - zlib=1.2.13=h5eee18b_1
  - pip:
      - aiohappyeyeballs==2.4.3
      - aiohttp==3.10.9
      - aiosignal==1.3.1
      - argon2-cffi==23.1.0
      - argon2-cffi-bindings==21.2.0
      - asgiref==3.8.1
      - async-timeout==4.0.3
      - attrs==24.2.0
      - backports-zoneinfo==0.2.1
      - bcrypt==4.2.0
      - certifi==2024.8.30
      - cffi==1.17.1
      - charset-normalizer==3.4.0
      - docutils==0.20.1
      - exceptiongroup==1.2.2
      - frozenlist==1.4.1
      - geoip2==4.8.0
      - h11==0.14.0
      - idna==3.10
      - jinja2==3.1.4
      - markupsafe==2.1.5
      - maxminddb==2.6.2
      - multidict==6.1.0
      - numpy==1.24.4
      - outcome==1.3.0.post0
      - pillow==10.4.0
      - propcache==0.2.0
      - pycparser==2.22
      - pylibmc==1.6.3
      - pymemcache==4.0.0
      - pysocks==1.7.1
      - python-memcached==1.62
      - pytz==2024.2
      - pywatchman==2.0.0
      - pyyaml==6.0.2
      - redis==5.1.1
      - requests==2.32.3
      - selenium==4.25.0
      - sniffio==1.3.1
      - sortedcontainers==2.4.0
      - sqlparse==0.5.1
      - tblib==3.0.0
      - trio==0.26.2
      - trio-websocket==0.11.1
      - typing-extensions==4.12.2
      - tzdata==2024.2
      - urllib3==2.2.3
      - websocket-client==1.8.0
      - wsproto==1.2.0
      - yarl==1.14.0
prefix: /opt/miniconda3/envs/testbed

EOF_59812759871
conda env create -f /root/environment.yml
conda activate testbed

2025-10-01 04:21:24,686 - INFO - Building docker image sweb.env.py.x86_64.517560d64be75e8a7d67c5:latest in logs/build_images/env/sweb.env.py.x86_64.517560d64be75e8a7d67c5__latest with platform linux/x86_64
2025-10-01 04:21:46,348 - INFO - Step 1/7 : FROM --platform=linux/x86_64 sweb.base.py.x86_64:latest
2025-10-01 04:21:46,348 - INFO - 
2025-10-01 04:21:46,348 - INFO - ---> 71e8b6b130a0
2025-10-01 04:21:46,349 - INFO - Step 2/7 : COPY ./setup_env.sh /root/
2025-10-01 04:21:46,349 - INFO - 
2025-10-01 04:21:49,129 - INFO - ---> 7e1751495559
2025-10-01 04:21:49,130 - INFO - Step 3/7 : RUN sed -i -e 's/\r$//' /root/setup_env.sh
2025-10-01 04:21:49,130 - INFO - 
2025-10-01 04:21:49,335 - INFO - ---> Running in b37ec60f9b63
2025-10-01 04:22:30,894 - INFO - ---> Removed intermediate container b37ec60f9b63
2025-10-01 04:22:30,906 - INFO - ---> 4e18ab4dabd7
2025-10-01 04:22:30,906 - INFO - Step 4/7 : RUN chmod +x /root/setup_env.sh
2025-10-01 04:22:30,906 - INFO - 
2025-10-01 04:22:33,118 - INFO - ---> Running in dbb34a82510a
2025-10-01 04:22:39,958 - INFO - ---> Removed intermediate container dbb34a82510a
2025-10-01 04:22:39,965 - INFO - ---> 6f8a590d2c85
2025-10-01 04:22:39,981 - INFO - Step 5/7 : RUN /bin/bash -c "source ~/.bashrc && /root/setup_env.sh"
2025-10-01 04:22:39,981 - INFO - 
2025-10-01 04:22:40,528 - INFO - ---> Running in f691f6eab0b4
2025-10-01 04:22:56,616 - INFO - + source /opt/miniconda3/bin/activate
2025-10-01 04:22:56,616 - INFO - ++ _CONDA_ROOT=/opt/miniconda3
2025-10-01 04:22:56,617 - INFO - ++ . /opt/miniconda3/etc/profile.d/conda.sh
2025-10-01 04:22:56,666 - INFO - +++ export CONDA_EXE=/opt/miniconda3/bin/conda
+++ CONDA_EXE=/opt/miniconda3/bin/conda
+++ export _CE_M=
+++ _CE_M=
+++ export _CE_CONDA=
+++ _CE_CONDA=
+++ export CONDA_PYTHON_EXE=/opt/miniconda3/bin/python
+++ CONDA_PYTHON_EXE=/opt/miniconda3/bin/python
2025-10-01 04:22:56,673 - INFO - +++ '[' -z '' ']'
+++ export CONDA_SHLVL=0
+++ CONDA_SHLVL=0
+++ '[' -n '' ']'
2025-10-01 04:22:56,679 - INFO - +++++ dirname /opt/miniconda3/bin/conda
2025-10-01 04:22:56,738 - INFO - ++++ dirname /opt/miniconda3/bin
2025-10-01 04:22:56,739 - INFO - +++ PATH=/opt/miniconda3/condabin:/opt/miniconda3/bin:/usr/local/sbin:/usr/local/bin:/usr/sbin:/usr/bin:/sbin:/bin
2025-10-01 04:22:56,740 - INFO - +++ export PATH
2025-10-01 04:22:56,741 - INFO - +++ '[' -z '' ']'
2025-10-01 04:22:56,742 - INFO - +++ PS1=
2025-10-01 04:22:56,742 - INFO - ++ conda activate
++ local cmd=activate
2025-10-01 04:22:56,743 - INFO - ++ case "$cmd" in
++ __conda_activate activate
++ '[' -n '' ']'
2025-10-01 04:22:56,746 - INFO - ++ local ask_conda
2025-10-01 04:22:56,746 - INFO - +++ PS1=
2025-10-01 04:22:56,746 - INFO - +++ __conda_exe shell.posix activate
2025-10-01 04:22:56,746 - INFO - +++ /opt/miniconda3/bin/conda shell.posix activate
2025-10-01 04:23:13,946 - INFO - ++ ask_conda='PS1='\''(base) '\''
export PATH='\''/opt/miniconda3/bin:/opt/miniconda3/condabin:/opt/miniconda3/bin:/usr/local/sbin:/usr/local/bin:/usr/sbin:/usr/bin:/sbin:/bin'\''
export CONDA_PREFIX='\''/opt/miniconda3'\''
export CONDA_SHLVL='\''1'\''
export CONDA_DEFAULT_ENV='\''base'\''
export CONDA_PROMPT_MODIFIER='\''(base) '\''
export CONDA_EXE='\''/opt/miniconda3/bin/conda'\''
export _CE_M='\'''\''
export _CE_CONDA='\'''\''
export CONDA_PYTHON_EXE='\''/opt/miniconda3/bin/python'\'''
++ eval 'PS1='\''(base) '\''
export PATH='\''/opt/miniconda3/bin:/opt/miniconda3/condabin:/opt/miniconda3/bin:/usr/local/sbin:/usr/local/bin:/usr/sbin:/usr/bin:/sbin:/bin'\''
export CONDA_PREFIX='\''/opt/miniconda3'\''
export CONDA_SHLVL='\''1'\''
export CONDA_DEFAULT_ENV='\''base'\''
export CONDA_PROMPT_MODIFIER='\''(base) '\''
export CONDA_EXE='\''/opt/miniconda3/bin/conda'\''
export _CE_M='\'''\''
export _CE_CONDA='\'''\''
export CONDA_PYTHON_EXE='\''/opt/miniconda3/bin/python'\'''
+++ PS1='(base) '
2025-10-01 04:23:13,959 - INFO - +++ export PATH=/opt/miniconda3/bin:/opt/miniconda3/condabin:/opt/miniconda3/bin:/usr/local/sbin:/usr/local/bin:/usr/sbin:/usr/bin:/sbin:/bin
+++ PATH=/opt/miniconda3/bin:/opt/miniconda3/condabin:/opt/miniconda3/bin:/usr/local/sbin:/usr/local/bin:/usr/sbin:/usr/bin:/sbin:/bin
+++ export CONDA_PREFIX=/opt/miniconda3
+++ CONDA_PREFIX=/opt/miniconda3
+++ export CONDA_SHLVL=1
+++ CONDA_SHLVL=1
+++ export CONDA_DEFAULT_ENV=base
+++ CONDA_DEFAULT_ENV=base
+++ export 'CONDA_PROMPT_MODIFIER=(base) '
+++ CONDA_PROMPT_MODIFIER='(base) '
+++ export CONDA_EXE=/opt/miniconda3/bin/conda
+++ CONDA_EXE=/opt/miniconda3/bin/conda
+++ export _CE_M=
+++ _CE_M=
+++ export _CE_CONDA=
+++ _CE_CONDA=
+++ export CONDA_PYTHON_EXE=/opt/miniconda3/bin/python
+++ CONDA_PYTHON_EXE=/opt/miniconda3/bin/python
++ __conda_hashr
++ '[' -n '' ']'
++ '[' -n '' ']'
++ hash -r
+ cat
2025-10-01 04:23:14,019 - INFO - + conda env create -f /root/environment.yml
+ local cmd=env
+ case "$cmd" in
+ __conda_exe env create -f /root/environment.yml
2025-10-01 04:23:14,019 - INFO - + /opt/miniconda3/bin/conda env create -f /root/environment.yml
2025-10-01 04:23:36,175 - INFO - Channels:
 - defaults
 - conda-forge
Platform: linux-64
Collecting package metadata (repodata.json): ...working...
2025-10-01 04:33:23,235 - INFO - failed
2025-10-01 04:33:23,710 - INFO - CondaHTTPError: HTTP 000 CONNECTION FAILED for url <https://conda.anaconda.org/conda-forge/linux-64/repodata.json>
Elapsed: -

An HTTP error occurred when trying to retrieve this URL.
HTTP errors are often intermittent, and a simple retry will get you on your way.
'https//conda.anaconda.org/conda-forge/linux-64'
2025-10-01 04:36:34,666 - INFO - ---> Removed intermediate container f691f6eab0b4
2025-10-01 04:36:35,577 - ERROR - Error: The command '/bin/sh -c /bin/bash -c "source ~/.bashrc && /root/setup_env.sh"' returned a non-zero code: 1
2025-10-01 04:36:35,953 - ERROR - docker.errors.BuildError during sweb.env.py.x86_64.517560d64be75e8a7d67c5:latest: The command '/bin/sh -c /bin/bash -c "source ~/.bashrc && /root/setup_env.sh"' returned a non-zero code: 1
