2025-10-01 05:46:43,893 - INFO - Building image sweb.env.py.x86_64.003e019e2c0e00224c8925:latest
Using dockerfile:
FROM --platform=linux/x86_64 sweb.base.py.x86_64:latest

COPY ./setup_env.sh /root/
RUN sed -i -e 's/\r$//' /root/setup_env.sh
RUN chmod +x /root/setup_env.sh
RUN /bin/bash -c "source ~/.bashrc && /root/setup_env.sh"

WORKDIR /testbed/

# Automatically activate the testbed environment
RUN echo "source /opt/miniconda3/etc/profile.d/conda.sh && conda activate testbed" > /root/.bashrc

Adding (1) setup scripts to image build repo
2025-10-01 05:46:43,923 - INFO - [SETUP SCRIPT] setup_env.sh:
#!/bin/bash
set -euxo pipefail
source /opt/miniconda3/bin/activate
cat <<'EOF_59812759871' > /root/environment.yml
name: testbed
channels:
  - defaults
  - conda-forge
dependencies:
  - _libgcc_mutex=0.1=main
  - _openmp_mutex=5.1=1_gnu
  - attrs=21.4.0=pyhd3eb1b0_0
  - blas=1.0=openblas
  - ca-certificates=2024.9.24=h06a4308_0
  - certifi=2021.5.30=py36h06a4308_0
  - cycler=0.11.0=pyhd3eb1b0_0
  - cython=0.29.24=py36h295c915_0
  - dbus=1.13.18=hb2f20db_0
  - expat=2.6.3=h6a678d5_0
  - fontconfig=2.14.1=h52c9d5c_1
  - freetype=2.12.1=h4a9f257_0
  - giflib=5.2.1=h5eee18b_3
  - glib=2.69.1=h4ff587b_1
  - gst-plugins-base=1.14.1=h6a678d5_1
  - gstreamer=1.14.1=h5eee18b_1
  - icu=58.2=he6710b0_3
  - importlib-metadata=4.8.1=py36h06a4308_0
  - importlib_metadata=4.8.1=hd3eb1b0_0
  - iniconfig=1.1.1=pyhd3eb1b0_0
  - jpeg=9e=h5eee18b_3
  - kiwisolver=1.3.1=py36h2531618_0
  - lcms2=2.12=h3be6417_0
  - ld_impl_linux-64=2.40=h12ee557_0
  - lerc=3.0=h295c915_0
  - libdeflate=1.17=h5eee18b_1
  - libffi=3.3=he6710b0_2
  - libgcc-ng=11.2.0=h1234567_1
  - libgfortran-ng=7.5.0=ha8ba4b0_17
  - libgfortran4=7.5.0=ha8ba4b0_17
  - libgomp=11.2.0=h1234567_1
  - libopenblas=0.3.18=hf726d26_0
  - libpng=1.6.39=h5eee18b_0
  - libstdcxx-ng=11.2.0=h1234567_1
  - libtiff=4.5.1=h6a678d5_0
  - libuuid=1.41.5=h5eee18b_0
  - libwebp=1.2.4=h11a3e52_1
  - libwebp-base=1.2.4=h5eee18b_1
  - libxcb=1.15=h7f8727e_0
  - libxml2=2.9.14=h74e7548_0
  - lz4-c=1.9.4=h6a678d5_1
  - matplotlib=3.3.4=py36h06a4308_0
  - matplotlib-base=3.3.4=py36h62a2d02_0
  - more-itertools=8.12.0=pyhd3eb1b0_0
  - ncurses=6.4=h6a678d5_0
  - numpy=1.19.2=py36h6163131_0
  - numpy-base=1.19.2=py36h75fe3a5_0
  - olefile=0.46=pyhd3eb1b0_0
  - openssl=1.1.1w=h7f8727e_0
  - packaging=21.3=pyhd3eb1b0_0
  - pandas=1.1.5=py36ha9443f7_0
  - pcre=8.45=h295c915_0
  - pillow=8.3.1=py36h5aabda8_0
  - pip=21.2.2=py36h06a4308_0
  - pluggy=0.13.1=py36h06a4308_0
  - py=1.11.0=pyhd3eb1b0_0
  - pyparsing=3.0.4=pyhd3eb1b0_0
  - pyqt=5.9.2=py36h05f1152_2
  - pytest=6.2.4=py36h06a4308_2
  - python=3.6.13=h12debd9_1
  - python-dateutil=2.8.2=pyhd3eb1b0_0
  - pytz=2021.3=pyhd3eb1b0_0
  - qt=5.9.7=h5867ecd_1
  - readline=8.2=h5eee18b_0
  - scipy=1.5.2=py36habc2bb6_0
  - setuptools=58.0.4=py36h06a4308_0
  - sip=4.19.8=py36hf484d3e_0
  - six=1.16.0=pyhd3eb1b0_1
  - sqlite=3.45.3=h5eee18b_0
  - tk=8.6.14=h39e8969_0
  - toml=0.10.2=pyhd3eb1b0_0
  - tornado=6.1=py36h27cfd23_0
  - typing_extensions=4.1.1=pyh06a4308_0
  - wheel=0.37.1=pyhd3eb1b0_0
  - xz=5.4.6=h5eee18b_1
  - zipp=3.6.0=pyhd3eb1b0_0
  - zlib=1.2.13=h5eee18b_1
  - zstd=1.5.6=hc292b87_0
prefix: /opt/miniconda3/envs/testbed

EOF_59812759871
conda env create -f /root/environment.yml
conda activate testbed

2025-10-01 05:46:43,951 - INFO - Building docker image sweb.env.py.x86_64.003e019e2c0e00224c8925:latest in logs/build_images/env/sweb.env.py.x86_64.003e019e2c0e00224c8925__latest with platform linux/x86_64
2025-10-01 05:46:48,407 - INFO - Step 1/7 : FROM --platform=linux/x86_64 sweb.base.py.x86_64:latest
2025-10-01 05:46:48,407 - INFO - 
2025-10-01 05:46:48,413 - INFO - ---> 71e8b6b130a0
2025-10-01 05:46:48,417 - INFO - Step 2/7 : COPY ./setup_env.sh /root/
2025-10-01 05:46:48,417 - INFO - 
2025-10-01 05:46:56,897 - INFO - ---> e090ee4d404c
2025-10-01 05:46:56,899 - INFO - Step 3/7 : RUN sed -i -e 's/\r$//' /root/setup_env.sh
2025-10-01 05:46:56,899 - INFO - 
2025-10-01 05:46:58,162 - INFO - ---> Running in 05d9c59210fd
2025-10-01 05:47:28,172 - INFO - ---> Removed intermediate container 05d9c59210fd
2025-10-01 05:47:28,173 - INFO - ---> 510bee0b7d5a
2025-10-01 05:47:28,173 - INFO - Step 4/7 : RUN chmod +x /root/setup_env.sh
2025-10-01 05:47:28,173 - INFO - 
2025-10-01 05:47:30,038 - INFO - ---> Running in 88c718fe8492
2025-10-01 05:47:59,682 - INFO - ---> Removed intermediate container 88c718fe8492
2025-10-01 05:47:59,715 - INFO - ---> 95f9f5faca4f
2025-10-01 05:47:59,715 - INFO - Step 5/7 : RUN /bin/bash -c "source ~/.bashrc && /root/setup_env.sh"
2025-10-01 05:47:59,716 - INFO - 
2025-10-01 05:48:00,379 - INFO - ---> Running in caea79895664
2025-10-01 05:48:05,829 - INFO - + source /opt/miniconda3/bin/activate
2025-10-01 05:48:05,830 - INFO - ++ _CONDA_ROOT=/opt/miniconda3
++ . /opt/miniconda3/etc/profile.d/conda.sh
2025-10-01 05:48:05,861 - INFO - +++ export CONDA_EXE=/opt/miniconda3/bin/conda
+++ CONDA_EXE=/opt/miniconda3/bin/conda
+++ export _CE_M=
+++ _CE_M=
+++ export _CE_CONDA=
+++ _CE_CONDA=
+++ export CONDA_PYTHON_EXE=/opt/miniconda3/bin/python
+++ CONDA_PYTHON_EXE=/opt/miniconda3/bin/python
+++ '[' -z '' ']'
+++ export CONDA_SHLVL=0
+++ CONDA_SHLVL=0
+++ '[' -n '' ']'
+++++ dirname /opt/miniconda3/bin/conda
2025-10-01 05:48:05,895 - INFO - ++++ dirname /opt/miniconda3/bin
2025-10-01 05:48:05,896 - INFO - +++ PATH=/opt/miniconda3/condabin:/opt/miniconda3/bin:/usr/local/sbin:/usr/local/bin:/usr/sbin:/usr/bin:/sbin:/bin
+++ export PATH
+++ '[' -z '' ']'
2025-10-01 05:48:05,900 - INFO - +++ PS1=
++ conda activate
++ local cmd=activate
++ case "$cmd" in
++ __conda_activate activate
++ '[' -n '' ']'
2025-10-01 05:48:05,900 - INFO - ++ local ask_conda
2025-10-01 05:48:05,901 - INFO - +++ PS1=
+++ __conda_exe shell.posix activate
2025-10-01 05:48:05,901 - INFO - +++ /opt/miniconda3/bin/conda shell.posix activate
2025-10-01 05:48:15,316 - INFO - ++ ask_conda='PS1='\''(base) '\''
export PATH='\''/opt/miniconda3/bin:/opt/miniconda3/condabin:/opt/miniconda3/bin:/usr/local/sbin:/usr/local/bin:/usr/sbin:/usr/bin:/sbin:/bin'\''
export CONDA_PREFIX='\''/opt/miniconda3'\''
export CONDA_SHLVL='\''1'\''
export CONDA_DEFAULT_ENV='\''base'\''
export CONDA_PROMPT_MODIFIER='\''(base) '\''
export CONDA_EXE='\''/opt/miniconda3/bin/conda'\''
export _CE_M='\'''\''
export _CE_CONDA='\'''\''
export CONDA_PYTHON_EXE='\''/opt/miniconda3/bin/python'\'''
++ eval 'PS1='\''(base) '\''
export PATH='\''/opt/miniconda3/bin:/opt/miniconda3/condabin:/opt/miniconda3/bin:/usr/local/sbin:/usr/local/bin:/usr/sbin:/usr/bin:/sbin:/bin'\''
export CONDA_PREFIX='\''/opt/miniconda3'\''
export CONDA_SHLVL='\''1'\''
export CONDA_DEFAULT_ENV='\''base'\''
export CONDA_PROMPT_MODIFIER='\''(base) '\''
export CONDA_EXE='\''/opt/miniconda3/bin/conda'\''
export _CE_M='\'''\''
export _CE_CONDA='\'''\''
export CONDA_PYTHON_EXE='\''/opt/miniconda3/bin/python'\'''
2025-10-01 05:48:15,323 - INFO - +++ PS1='(base) '
+++ export PATH=/opt/miniconda3/bin:/opt/miniconda3/condabin:/opt/miniconda3/bin:/usr/local/sbin:/usr/local/bin:/usr/sbin:/usr/bin:/sbin:/bin
+++ PATH=/opt/miniconda3/bin:/opt/miniconda3/condabin:/opt/miniconda3/bin:/usr/local/sbin:/usr/local/bin:/usr/sbin:/usr/bin:/sbin:/bin
+++ export CONDA_PREFIX=/opt/miniconda3
+++ CONDA_PREFIX=/opt/miniconda3
+++ export CONDA_SHLVL=1
+++ CONDA_SHLVL=1
+++ export CONDA_DEFAULT_ENV=base
+++ CONDA_DEFAULT_ENV=base
+++ export 'CONDA_PROMPT_MODIFIER=(base) '
+++ CONDA_PROMPT_MODIFIER='(base) '
+++ export CONDA_EXE=/opt/miniconda3/bin/conda
+++ CONDA_EXE=/opt/miniconda3/bin/conda
+++ export _CE_M=
+++ _CE_M=
+++ export _CE_CONDA=
+++ _CE_CONDA=
+++ export CONDA_PYTHON_EXE=/opt/miniconda3/bin/python
+++ CONDA_PYTHON_EXE=/opt/miniconda3/bin/python
++ __conda_hashr
++ '[' -n '' ']'
2025-10-01 05:48:15,323 - INFO - ++ '[' -n '' ']'
++ hash -r
+ cat
2025-10-01 05:48:15,341 - INFO - + conda env create -f /root/environment.yml
+ local cmd=env
+ case "$cmd" in
+ __conda_exe env create -f /root/environment.yml
2025-10-01 05:48:15,341 - INFO - + /opt/miniconda3/bin/conda env create -f /root/environment.yml
2025-10-01 05:48:41,112 - INFO - Channels:
 - defaults
 - conda-forge
Platform: linux-64
Collecting package metadata (repodata.json): ...working...
2025-10-01 05:54:52,298 - INFO - /opt/miniconda3/etc/profile.d/conda.sh: line 1:    13 Killed                  ( "$CONDA_EXE" $_CE_M $_CE_CONDA "$@" )
2025-10-01 05:55:48,954 - INFO - ---> Removed intermediate container caea79895664
2025-10-01 05:55:50,310 - ERROR - Error: The command '/bin/sh -c /bin/bash -c "source ~/.bashrc && /root/setup_env.sh"' returned a non-zero code: 137
2025-10-01 05:55:50,310 - ERROR - docker.errors.BuildError during sweb.env.py.x86_64.003e019e2c0e00224c8925:latest: The command '/bin/sh -c /bin/bash -c "source ~/.bashrc && /root/setup_env.sh"' returned a non-zero code: 137
