2025-10-01 05:19:51,738 - INFO - Building image sweb.env.py.x86_64.0f99bce2750f3109957bec:latest
Using dockerfile:
FROM --platform=linux/x86_64 sweb.base.py.x86_64:latest

COPY ./setup_env.sh /root/
RUN sed -i -e 's/\r$//' /root/setup_env.sh
RUN chmod +x /root/setup_env.sh
RUN /bin/bash -c "source ~/.bashrc && /root/setup_env.sh"

WORKDIR /testbed/

# Automatically activate the testbed environment
RUN echo "source /opt/miniconda3/etc/profile.d/conda.sh && conda activate testbed" > /root/.bashrc

Adding (1) setup scripts to image build repo
2025-10-01 05:19:51,746 - INFO - [SETUP SCRIPT] setup_env.sh:
#!/bin/bash
set -euxo pipefail
source /opt/miniconda3/bin/activate
conda create -n testbed python=3.9  -y
conda activate testbed
python -m pip install iniconfig==2.0.0 packaging==23.1 pluggy==1.3.0 exceptiongroup==1.1.3 tomli==2.0.1

2025-10-01 05:19:51,750 - INFO - Building docker image sweb.env.py.x86_64.0f99bce2750f3109957bec:latest in logs/build_images/env/sweb.env.py.x86_64.0f99bce2750f3109957bec__latest with platform linux/x86_64
2025-10-01 05:19:51,789 - INFO - Step 1/7 : FROM --platform=linux/x86_64 sweb.base.py.x86_64:latest
2025-10-01 05:19:51,789 - INFO - 
2025-10-01 05:19:51,790 - INFO - ---> 71e8b6b130a0
2025-10-01 05:19:51,790 - INFO - Step 2/7 : COPY ./setup_env.sh /root/
2025-10-01 05:19:51,790 - INFO - 
2025-10-01 05:19:54,652 - INFO - ---> fb9f04ba19ff
2025-10-01 05:19:54,653 - INFO - Step 3/7 : RUN sed -i -e 's/\r$//' /root/setup_env.sh
2025-10-01 05:19:54,653 - INFO - 
2025-10-01 05:19:55,333 - INFO - ---> Running in 7461946c3284
2025-10-01 05:20:10,630 - INFO - ---> Removed intermediate container 7461946c3284
2025-10-01 05:20:10,630 - INFO - ---> 6dd09e008a63
2025-10-01 05:20:10,631 - INFO - Step 4/7 : RUN chmod +x /root/setup_env.sh
2025-10-01 05:20:10,631 - INFO - 
2025-10-01 05:20:10,841 - INFO - ---> Running in ab2128d7e401
2025-10-01 05:20:20,739 - INFO - ---> Removed intermediate container ab2128d7e401
2025-10-01 05:20:20,739 - INFO - ---> 42079ff85933
2025-10-01 05:20:20,740 - INFO - Step 5/7 : RUN /bin/bash -c "source ~/.bashrc && /root/setup_env.sh"
2025-10-01 05:20:20,740 - INFO - 
2025-10-01 05:20:21,564 - INFO - ---> Running in c79525f01423
2025-10-01 05:20:27,863 - INFO - + source /opt/miniconda3/bin/activate
2025-10-01 05:20:27,867 - INFO - ++ _CONDA_ROOT=/opt/miniconda3
++ . /opt/miniconda3/etc/profile.d/conda.sh
2025-10-01 05:20:27,872 - INFO - +++ export CONDA_EXE=/opt/miniconda3/bin/conda
+++ CONDA_EXE=/opt/miniconda3/bin/conda
+++ export _CE_M=
+++ _CE_M=
+++ export _CE_CONDA=
+++ _CE_CONDA=
+++ export CONDA_PYTHON_EXE=/opt/miniconda3/bin/python
+++ CONDA_PYTHON_EXE=/opt/miniconda3/bin/python
2025-10-01 05:20:27,872 - INFO - +++ '[' -z '' ']'
+++ export CONDA_SHLVL=0
+++ CONDA_SHLVL=0
+++ '[' -n '' ']'
2025-10-01 05:20:27,873 - INFO - +++++ dirname /opt/miniconda3/bin/conda
2025-10-01 05:20:27,882 - INFO - ++++ dirname /opt/miniconda3/bin
2025-10-01 05:20:27,883 - INFO - +++ PATH=/opt/miniconda3/condabin:/opt/miniconda3/bin:/usr/local/sbin:/usr/local/bin:/usr/sbin:/usr/bin:/sbin:/bin
+++ export PATH
+++ '[' -z '' ']'
+++ PS1=
2025-10-01 05:20:27,884 - INFO - ++ conda activate
2025-10-01 05:20:27,884 - INFO - ++ local cmd=activate
2025-10-01 05:20:27,884 - INFO - ++ case "$cmd" in
++ __conda_activate activate
2025-10-01 05:20:27,884 - INFO - ++ '[' -n '' ']'
2025-10-01 05:20:27,884 - INFO - ++ local ask_conda
2025-10-01 05:20:27,885 - INFO - +++ PS1=
+++ __conda_exe shell.posix activate
2025-10-01 05:20:27,885 - INFO - +++ /opt/miniconda3/bin/conda shell.posix activate
2025-10-01 05:20:38,934 - INFO - ++ ask_conda='PS1='\''(base) '\''
export PATH='\''/opt/miniconda3/bin:/opt/miniconda3/condabin:/opt/miniconda3/bin:/usr/local/sbin:/usr/local/bin:/usr/sbin:/usr/bin:/sbin:/bin'\''
export CONDA_PREFIX='\''/opt/miniconda3'\''
export CONDA_SHLVL='\''1'\''
export CONDA_DEFAULT_ENV='\''base'\''
export CONDA_PROMPT_MODIFIER='\''(base) '\''
export CONDA_EXE='\''/opt/miniconda3/bin/conda'\''
export _CE_M='\'''\''
export _CE_CONDA='\'''\''
export CONDA_PYTHON_EXE='\''/opt/miniconda3/bin/python'\'''
++ eval 'PS1='\''(base) '\''
export PATH='\''/opt/miniconda3/bin:/opt/miniconda3/condabin:/opt/miniconda3/bin:/usr/local/sbin:/usr/local/bin:/usr/sbin:/usr/bin:/sbin:/bin'\''
export CONDA_PREFIX='\''/opt/miniconda3'\''
export CONDA_SHLVL='\''1'\''
export CONDA_DEFAULT_ENV='\''base'\''
export CONDA_PROMPT_MODIFIER='\''(base) '\''
export CONDA_EXE='\''/opt/miniconda3/bin/conda'\''
export _CE_M='\'''\''
export _CE_CONDA='\'''\''
export CONDA_PYTHON_EXE='\''/opt/miniconda3/bin/python'\'''
+++ PS1='(base) '
+++ export PATH=/opt/miniconda3/bin:/opt/miniconda3/condabin:/opt/miniconda3/bin:/usr/local/sbin:/usr/local/bin:/usr/sbin:/usr/bin:/sbin:/bin
+++ PATH=/opt/miniconda3/bin:/opt/miniconda3/condabin:/opt/miniconda3/bin:/usr/local/sbin:/usr/local/bin:/usr/sbin:/usr/bin:/sbin:/bin
+++ export CONDA_PREFIX=/opt/miniconda3
+++ CONDA_PREFIX=/opt/miniconda3
+++ export CONDA_SHLVL=1
+++ CONDA_SHLVL=1
+++ export CONDA_DEFAULT_ENV=base
+++ CONDA_DEFAULT_ENV=base
+++ export 'CONDA_PROMPT_MODIFIER=(base) '
+++ CONDA_PROMPT_MODIFIER='(base) '
+++ export CONDA_EXE=/opt/miniconda3/bin/conda
+++ CONDA_EXE=/opt/miniconda3/bin/conda
+++ export _CE_M=
+++ _CE_M=
+++ export _CE_CONDA=
+++ _CE_CONDA=
+++ export CONDA_PYTHON_EXE=/opt/miniconda3/bin/python
+++ CONDA_PYTHON_EXE=/opt/miniconda3/bin/python
++ __conda_hashr
++ '[' -n '' ']'
++ '[' -n '' ']'
++ hash -r
2025-10-01 05:20:38,934 - INFO - + conda create -n testbed python=3.9 -y
+ local cmd=create
+ case "$cmd" in
2025-10-01 05:20:38,934 - INFO - + __conda_exe create -n testbed python=3.9 -y
2025-10-01 05:20:38,935 - INFO - + /opt/miniconda3/bin/conda create -n testbed python=3.9 -y
2025-10-01 05:21:06,756 - INFO - Channels:
 - defaults
 - conda-forge
Platform: linux-64
Collecting package metadata (repodata.json): ...working...
2025-10-01 05:25:03,102 - INFO - /opt/miniconda3/etc/profile.d/conda.sh: line 1:    12 Killed                  ( "$CONDA_EXE" $_CE_M $_CE_CONDA "$@" )
2025-10-01 05:25:12,926 - INFO - ---> Removed intermediate container c79525f01423
2025-10-01 05:25:12,964 - ERROR - Error: The command '/bin/sh -c /bin/bash -c "source ~/.bashrc && /root/setup_env.sh"' returned a non-zero code: 137
2025-10-01 05:25:12,986 - ERROR - docker.errors.BuildError during sweb.env.py.x86_64.0f99bce2750f3109957bec:latest: The command '/bin/sh -c /bin/bash -c "source ~/.bashrc && /root/setup_env.sh"' returned a non-zero code: 137
