2025-10-01 04:09:20,291 - INFO - Building image sweb.env.py.x86_64.297af196949a2a635bce66:latest
Using dockerfile:
FROM --platform=linux/x86_64 sweb.base.py.x86_64:latest

COPY ./setup_env.sh /root/
RUN sed -i -e 's/\r$//' /root/setup_env.sh
RUN chmod +x /root/setup_env.sh
RUN /bin/bash -c "source ~/.bashrc && /root/setup_env.sh"

WORKDIR /testbed/

# Automatically activate the testbed environment
RUN echo "source /opt/miniconda3/etc/profile.d/conda.sh && conda activate testbed" > /root/.bashrc

Adding (1) setup scripts to image build repo
2025-10-01 04:09:20,291 - INFO - [SETUP SCRIPT] setup_env.sh:
#!/bin/bash
set -euxo pipefail
source /opt/miniconda3/bin/activate
conda create -n testbed python=3.8 -y
cat <<'EOF_59812759871' > $HOME/requirements.txt
asgiref >= 3.3.2
argon2-cffi >= 16.1.0
backports.zoneinfo; python_version < '3.9'
bcrypt
docutils
geoip2
jinja2 >= 2.9.2
numpy
Pillow >= 6.2.0
pylibmc; sys.platform != 'win32'
pymemcache >= 3.4.0
python-memcached >= 1.59
pytz
pywatchman; sys.platform != 'win32'
PyYAML
redis >= 3.0.0
selenium
sqlparse >= 0.2.2
tblib >= 1.5.0
tzdata
colorama; sys.platform == 'win32'

EOF_59812759871
conda activate testbed && python -m pip install -r $HOME/requirements.txt
rm $HOME/requirements.txt
conda activate testbed

2025-10-01 04:09:20,296 - INFO - Building docker image sweb.env.py.x86_64.297af196949a2a635bce66:latest in logs/build_images/env/sweb.env.py.x86_64.297af196949a2a635bce66__latest with platform linux/x86_64
2025-10-01 04:09:20,317 - INFO - Step 1/7 : FROM --platform=linux/x86_64 sweb.base.py.x86_64:latest
2025-10-01 04:09:20,322 - INFO - 
2025-10-01 04:09:20,323 - INFO - ---> 71e8b6b130a0
2025-10-01 04:09:20,324 - INFO - Step 2/7 : COPY ./setup_env.sh /root/
2025-10-01 04:09:20,326 - INFO - 
2025-10-01 04:09:20,502 - INFO - ---> bccaa54a8f4d
2025-10-01 04:09:20,502 - INFO - Step 3/7 : RUN sed -i -e 's/\r$//' /root/setup_env.sh
2025-10-01 04:09:20,502 - INFO - 
2025-10-01 04:09:20,656 - INFO - ---> Running in eef589327179
2025-10-01 04:09:22,488 - INFO - ---> Removed intermediate container eef589327179
2025-10-01 04:09:22,489 - INFO - ---> e3e72072102b
2025-10-01 04:09:22,489 - INFO - Step 4/7 : RUN chmod +x /root/setup_env.sh
2025-10-01 04:09:22,489 - INFO - 
2025-10-01 04:09:22,672 - INFO - ---> Running in f7d626007c50
2025-10-01 04:09:25,107 - INFO - ---> Removed intermediate container f7d626007c50
2025-10-01 04:09:25,107 - INFO - ---> 6d9c2b85e2b1
2025-10-01 04:09:25,109 - INFO - Step 5/7 : RUN /bin/bash -c "source ~/.bashrc && /root/setup_env.sh"
2025-10-01 04:09:25,109 - INFO - 
2025-10-01 04:09:25,211 - INFO - ---> Running in c59537dad3ce
2025-10-01 04:09:26,416 - INFO - + source /opt/miniconda3/bin/activate
2025-10-01 04:09:26,417 - INFO - ++ _CONDA_ROOT=/opt/miniconda3
2025-10-01 04:09:26,418 - INFO - ++ . /opt/miniconda3/etc/profile.d/conda.sh
2025-10-01 04:09:26,418 - INFO - +++ export CONDA_EXE=/opt/miniconda3/bin/conda
2025-10-01 04:09:26,419 - INFO - +++ CONDA_EXE=/opt/miniconda3/bin/conda
2025-10-01 04:09:26,419 - INFO - +++ export _CE_M=
2025-10-01 04:09:26,420 - INFO - +++ _CE_M=
2025-10-01 04:09:26,442 - INFO - +++ export _CE_CONDA=
+++ _CE_CONDA=
+++ export CONDA_PYTHON_EXE=/opt/miniconda3/bin/python
+++ CONDA_PYTHON_EXE=/opt/miniconda3/bin/python
+++ '[' -z '' ']'
+++ export CONDA_SHLVL=0
+++ CONDA_SHLVL=0
+++ '[' -n '' ']'
+++++ dirname /opt/miniconda3/bin/conda
++++ dirname /opt/miniconda3/bin
+++ PATH=/opt/miniconda3/condabin:/opt/miniconda3/bin:/usr/local/sbin:/usr/local/bin:/usr/sbin:/usr/bin:/sbin:/bin
+++ export PATH
+++ '[' -z '' ']'
+++ PS1=
++ conda activate
++ local cmd=activate
++ case "$cmd" in
++ __conda_activate activate
++ '[' -n '' ']'
++ local ask_conda
+++ PS1=
+++ __conda_exe shell.posix activate
+++ /opt/miniconda3/bin/conda shell.posix activate
2025-10-01 04:09:27,611 - INFO - ++ ask_conda='PS1='\''(base) '\''
export PATH='\''/opt/miniconda3/bin:/opt/miniconda3/condabin:/opt/miniconda3/bin:/usr/local/sbin:/usr/local/bin:/usr/sbin:/usr/bin:/sbin:/bin'\''
export CONDA_PREFIX='\''/opt/miniconda3'\''
export CONDA_SHLVL='\''1'\''
export CONDA_DEFAULT_ENV='\''base'\''
export CONDA_PROMPT_MODIFIER='\''(base) '\''
export CONDA_EXE='\''/opt/miniconda3/bin/conda'\''
export _CE_M='\'''\''
export _CE_CONDA='\'''\''
export CONDA_PYTHON_EXE='\''/opt/miniconda3/bin/python'\'''
++ eval 'PS1='\''(base) '\''
export PATH='\''/opt/miniconda3/bin:/opt/miniconda3/condabin:/opt/miniconda3/bin:/usr/local/sbin:/usr/local/bin:/usr/sbin:/usr/bin:/sbin:/bin'\''
export CONDA_PREFIX='\''/opt/miniconda3'\''
export CONDA_SHLVL='\''1'\''
export CONDA_DEFAULT_ENV='\''base'\''
export CONDA_PROMPT_MODIFIER='\''(base) '\''
export CONDA_EXE='\''/opt/miniconda3/bin/conda'\''
export _CE_M='\'''\''
export _CE_CONDA='\'''\''
export CONDA_PYTHON_EXE='\''/opt/miniconda3/bin/python'\'''
+++ PS1='(base) '
+++ export PATH=/opt/miniconda3/bin:/opt/miniconda3/condabin:/opt/miniconda3/bin:/usr/local/sbin:/usr/local/bin:/usr/sbin:/usr/bin:/sbin:/bin
+++ PATH=/opt/miniconda3/bin:/opt/miniconda3/condabin:/opt/miniconda3/bin:/usr/local/sbin:/usr/local/bin:/usr/sbin:/usr/bin:/sbin:/bin
+++ export CONDA_PREFIX=/opt/miniconda3
+++ CONDA_PREFIX=/opt/miniconda3
+++ export CONDA_SHLVL=1
+++ CONDA_SHLVL=1
+++ export CONDA_DEFAULT_ENV=base
+++ CONDA_DEFAULT_ENV=base
+++ export 'CONDA_PROMPT_MODIFIER=(base) '
+++ CONDA_PROMPT_MODIFIER='(base) '
+++ export CONDA_EXE=/opt/miniconda3/bin/conda
+++ CONDA_EXE=/opt/miniconda3/bin/conda
+++ export _CE_M=
+++ _CE_M=
+++ export _CE_CONDA=
+++ _CE_CONDA=
+++ export CONDA_PYTHON_EXE=/opt/miniconda3/bin/python
+++ CONDA_PYTHON_EXE=/opt/miniconda3/bin/python
++ __conda_hashr
++ '[' -n '' ']'
++ '[' -n '' ']'
++ hash -r
+ conda create -n testbed python=3.8 -y
+ local cmd=create
+ case "$cmd" in
+ __conda_exe create -n testbed python=3.8 -y
2025-10-01 04:09:27,611 - INFO - + /opt/miniconda3/bin/conda create -n testbed python=3.8 -y
2025-10-01 04:09:32,876 - INFO - Channels:
 - defaults
 - conda-forge
Platform: linux-64
Collecting package metadata (repodata.json): ...working...
2025-10-01 06:30:22,229 - INFO - failed
2025-10-01 06:30:22,232 - INFO - CondaHTTPError: HTTP 000 CONNECTION FAILED for url <https://conda.anaconda.org/conda-forge/linux-64/repodata.json>
Elapsed: -

An HTTP error occurred when trying to retrieve this URL.
HTTP errors are often intermittent, and a simple retry will get you on your way.
'https//conda.anaconda.org/conda-forge/linux-64'
2025-10-01 06:30:23,158 - INFO - ---> Removed intermediate container c59537dad3ce
2025-10-01 06:30:23,162 - ERROR - Error: The command '/bin/sh -c /bin/bash -c "source ~/.bashrc && /root/setup_env.sh"' returned a non-zero code: 1
2025-10-01 06:30:23,162 - ERROR - docker.errors.BuildError during sweb.env.py.x86_64.297af196949a2a635bce66:latest: The command '/bin/sh -c /bin/bash -c "source ~/.bashrc && /root/setup_env.sh"' returned a non-zero code: 1
