2025-10-01 05:32:38,047 - INFO - Building image sweb.env.py.x86_64.a99632ffcb5b4c66d5ad99:latest
Using dockerfile:
FROM --platform=linux/x86_64 sweb.base.py.x86_64:latest

COPY ./setup_env.sh /root/
RUN sed -i -e 's/\r$//' /root/setup_env.sh
RUN chmod +x /root/setup_env.sh
RUN /bin/bash -c "source ~/.bashrc && /root/setup_env.sh"

WORKDIR /testbed/

# Automatically activate the testbed environment
RUN echo "source /opt/miniconda3/etc/profile.d/conda.sh && conda activate testbed" > /root/.bashrc

Adding (1) setup scripts to image build repo
2025-10-01 05:32:38,114 - INFO - [SETUP SCRIPT] setup_env.sh:
#!/bin/bash
set -euxo pipefail
source /opt/miniconda3/bin/activate
cat <<'EOF_59812759871' > /root/environment.yml
name: testbed
channels:
  - defaults
  - conda-forge
dependencies:
  - _libgcc_mutex=0.1=main
  - _openmp_mutex=5.1=1_gnu
  - ca-certificates=2024.9.24=h06a4308_0
  - ld_impl_linux-64=2.40=h12ee557_0
  - libffi=3.4.4=h6a678d5_1
  - libgcc-ng=11.2.0=h1234567_1
  - libgomp=11.2.0=h1234567_1
  - libstdcxx-ng=11.2.0=h1234567_1
  - ncurses=6.4=h6a678d5_0
  - openssl=3.0.15=h5eee18b_0
  - pip=24.2=py39h06a4308_0
  - python=3.9.20=he870216_1
  - readline=8.2=h5eee18b_0
  - setuptools=75.1.0=py39h06a4308_0
  - sqlite=3.45.3=h5eee18b_0
  - tk=8.6.14=h39e8969_0
  - tzdata=2024b=h04d1e81_0
  - wheel=0.44.0=py39h06a4308_0
  - xz=5.4.6=h5eee18b_1
  - zlib=1.2.13=h5eee18b_1
  - pip:
      - attrs==23.1.0
      - iniconfig==2.0.0
      - more-itertools==10.1.0
      - packaging==23.1
      - pluggy==0.13.1
      - py==1.11.0
      - toml==0.10.2
prefix: /opt/miniconda3/envs/testbed

EOF_59812759871
conda env create -f /root/environment.yml
conda activate testbed

2025-10-01 05:32:38,134 - INFO - Building docker image sweb.env.py.x86_64.a99632ffcb5b4c66d5ad99:latest in logs/build_images/env/sweb.env.py.x86_64.a99632ffcb5b4c66d5ad99__latest with platform linux/x86_64
2025-10-01 05:32:46,656 - INFO - Step 1/7 : FROM --platform=linux/x86_64 sweb.base.py.x86_64:latest
2025-10-01 05:32:46,657 - INFO - 
2025-10-01 05:32:46,657 - INFO - ---> 71e8b6b130a0
2025-10-01 05:32:46,657 - INFO - Step 2/7 : COPY ./setup_env.sh /root/
2025-10-01 05:32:46,657 - INFO - 
2025-10-01 05:32:54,778 - INFO - ---> d32fbe1a192a
2025-10-01 05:32:54,778 - INFO - Step 3/7 : RUN sed -i -e 's/\r$//' /root/setup_env.sh
2025-10-01 05:32:54,778 - INFO - 
2025-10-01 05:32:56,641 - INFO - ---> Running in 9cfc6780a7d6
2025-10-01 05:33:15,145 - INFO - ---> Removed intermediate container 9cfc6780a7d6
2025-10-01 05:33:15,146 - INFO - ---> 5296469e1b43
2025-10-01 05:33:15,146 - INFO - Step 4/7 : RUN chmod +x /root/setup_env.sh
2025-10-01 05:33:15,146 - INFO - 
2025-10-01 05:33:16,534 - INFO - ---> Running in f99753ae7100
2025-10-01 05:33:40,394 - INFO - ---> Removed intermediate container f99753ae7100
2025-10-01 05:33:40,398 - INFO - ---> 05d009db8e3e
2025-10-01 05:33:40,399 - INFO - Step 5/7 : RUN /bin/bash -c "source ~/.bashrc && /root/setup_env.sh"
2025-10-01 05:33:40,399 - INFO - 
2025-10-01 05:33:40,818 - INFO - ---> Running in fe4ae10d7af1
2025-10-01 05:33:55,244 - INFO - + source /opt/miniconda3/bin/activate
2025-10-01 05:33:55,255 - INFO - ++ _CONDA_ROOT=/opt/miniconda3
2025-10-01 05:33:55,255 - INFO - ++ . /opt/miniconda3/etc/profile.d/conda.sh
2025-10-01 05:33:55,357 - INFO - +++ export CONDA_EXE=/opt/miniconda3/bin/conda
+++ CONDA_EXE=/opt/miniconda3/bin/conda
+++ export _CE_M=
+++ _CE_M=
+++ export _CE_CONDA=
+++ _CE_CONDA=
+++ export CONDA_PYTHON_EXE=/opt/miniconda3/bin/python
+++ CONDA_PYTHON_EXE=/opt/miniconda3/bin/python
+++ '[' -z '' ']'
+++ export CONDA_SHLVL=0
+++ CONDA_SHLVL=0
+++ '[' -n '' ']'
+++++ dirname /opt/miniconda3/bin/conda
2025-10-01 05:33:55,418 - INFO - ++++ dirname /opt/miniconda3/bin
2025-10-01 05:33:55,419 - INFO - +++ PATH=/opt/miniconda3/condabin:/opt/miniconda3/bin:/usr/local/sbin:/usr/local/bin:/usr/sbin:/usr/bin:/sbin:/bin
+++ export PATH
+++ '[' -z '' ']'
+++ PS1=
++ conda activate
++ local cmd=activate
++ case "$cmd" in
++ __conda_activate activate
++ '[' -n '' ']'
++ local ask_conda
2025-10-01 05:33:55,441 - INFO - +++ PS1=
+++ __conda_exe shell.posix activate
2025-10-01 05:33:55,441 - INFO - +++ /opt/miniconda3/bin/conda shell.posix activate
2025-10-01 05:34:06,516 - INFO - ++ ask_conda='PS1='\''(base) '\''
export PATH='\''/opt/miniconda3/bin:/opt/miniconda3/condabin:/opt/miniconda3/bin:/usr/local/sbin:/usr/local/bin:/usr/sbin:/usr/bin:/sbin:/bin'\''
export CONDA_PREFIX='\''/opt/miniconda3'\''
export CONDA_SHLVL='\''1'\''
export CONDA_DEFAULT_ENV='\''base'\''
export CONDA_PROMPT_MODIFIER='\''(base) '\''
export CONDA_EXE='\''/opt/miniconda3/bin/conda'\''
export _CE_M='\'''\''
export _CE_CONDA='\'''\''
2025-10-01 05:34:06,529 - INFO - export CONDA_PYTHON_EXE='\''/opt/miniconda3/bin/python'\'''
2025-10-01 05:34:06,548 - INFO - ++ eval 'PS1='\''(base) '\''
export PATH='\''/opt/miniconda3/bin:/opt/miniconda3/condabin:/opt/miniconda3/bin:/usr/local/sbin:/usr/local/bin:/usr/sbin:/usr/bin:/sbin:/bin'\''
export CONDA_PREFIX='\''/opt/miniconda3'\''
export CONDA_SHLVL='\''1'\''
export CONDA_DEFAULT_ENV='\''base'\''
export CONDA_PROMPT_MODIFIER='\''(base) '\''
export CONDA_EXE='\''/opt/miniconda3/bin/conda'\''
export _CE_M='\'''\''
export _CE_CONDA='\'''\''
2025-10-01 05:34:06,597 - INFO - export CONDA_PYTHON_EXE='\''/opt/miniconda3/bin/python'\'''
+++ PS1='(base) '
+++ export PATH=/opt/miniconda3/bin:/opt/miniconda3/condabin:/opt/miniconda3/bin:/usr/local/sbin:/usr/local/bin:/usr/sbin:/usr/bin:/sbin:/bin
+++ PATH=/opt/miniconda3/bin:/opt/miniconda3/condabin:/opt/miniconda3/bin:/usr/local/sbin:/usr/local/bin:/usr/sbin:/usr/bin:/sbin:/bin
+++ export CONDA_PREFIX=/opt/miniconda3
+++ CONDA_PREFIX=/opt/miniconda3
+++ export CONDA_SHLVL=1
+++ CONDA_SHLVL=1
+++ export CONDA_DEFAULT_ENV=base
+++ CONDA_DEFAULT_ENV=base
+++ export 'CONDA_PROMPT_MODIFIER=(base) '
+++ CONDA_PROMPT_MODIFIER='(base) '
+++ export CONDA_EXE=/opt/miniconda3/bin/conda
+++ CONDA_EXE=/opt/miniconda3/bin/conda
+++ export _CE_M=
+++ _CE_M=
+++ export _CE_CONDA=
+++ _CE_CONDA=
+++ export CONDA_PYTHON_EXE=/opt/miniconda3/bin/python
+++ CONDA_PYTHON_EXE=/opt/miniconda3/bin/python
++ __conda_hashr
++ '[' -n '' ']'
++ '[' -n '' ']'
++ hash -r
+ cat
2025-10-01 05:34:06,680 - INFO - + conda env create -f /root/environment.yml
+ local cmd=env
+ case "$cmd" in
+ __conda_exe env create -f /root/environment.yml
2025-10-01 05:34:06,687 - INFO - + /opt/miniconda3/bin/conda env create -f /root/environment.yml
2025-10-01 05:46:48,817 - INFO - Channels:
 - defaults
 - conda-forge
Platform: linux-64
Collecting package metadata (repodata.json): ...working...
2025-10-01 05:59:09,884 - INFO - failed
2025-10-01 05:59:15,262 - INFO - CondaHTTPError: HTTP 000 CONNECTION FAILED for url <https://conda.anaconda.org/conda-forge/linux-64/repodata.json>
Elapsed: -

An HTTP error occurred when trying to retrieve this URL.
HTTP errors are often intermittent, and a simple retry will get you on your way.
'https//conda.anaconda.org/conda-forge/linux-64'
2025-10-01 06:00:24,119 - INFO - ---> Removed intermediate container fe4ae10d7af1
2025-10-01 06:00:24,921 - ERROR - Error: The command '/bin/sh -c /bin/bash -c "source ~/.bashrc && /root/setup_env.sh"' returned a non-zero code: 1
2025-10-01 06:00:24,921 - ERROR - docker.errors.BuildError during sweb.env.py.x86_64.a99632ffcb5b4c66d5ad99:latest: The command '/bin/sh -c /bin/bash -c "source ~/.bashrc && /root/setup_env.sh"' returned a non-zero code: 1
