2025-10-01 05:25:13,584 - INFO - Building image sweb.env.py.x86_64.088a7e628bda9770f9757b:latest
Using dockerfile:
FROM --platform=linux/x86_64 sweb.base.py.x86_64:latest

COPY ./setup_env.sh /root/
RUN sed -i -e 's/\r$//' /root/setup_env.sh
RUN chmod +x /root/setup_env.sh
RUN /bin/bash -c "source ~/.bashrc && /root/setup_env.sh"

WORKDIR /testbed/

# Automatically activate the testbed environment
RUN echo "source /opt/miniconda3/etc/profile.d/conda.sh && conda activate testbed" > /root/.bashrc

Adding (1) setup scripts to image build repo
2025-10-01 05:25:13,719 - INFO - [SETUP SCRIPT] setup_env.sh:
#!/bin/bash
set -euxo pipefail
source /opt/miniconda3/bin/activate
conda create -n testbed python=3.9  -y
conda activate testbed
python -m pip install atomicwrites==1.4.1 attrs==23.1.0 more-itertools==10.1.0 packaging==23.1 pluggy==0.13.1 py==1.11.0 six==1.16.0 wcwidth==0.2.6

2025-10-01 05:25:13,719 - INFO - Building docker image sweb.env.py.x86_64.088a7e628bda9770f9757b:latest in logs/build_images/env/sweb.env.py.x86_64.088a7e628bda9770f9757b__latest with platform linux/x86_64
2025-10-01 05:25:17,089 - INFO - Step 1/7 : FROM --platform=linux/x86_64 sweb.base.py.x86_64:latest
2025-10-01 05:25:17,089 - INFO - 
2025-10-01 05:25:17,089 - INFO - ---> 71e8b6b130a0
2025-10-01 05:25:17,089 - INFO - Step 2/7 : COPY ./setup_env.sh /root/
2025-10-01 05:25:17,089 - INFO - 
2025-10-01 05:25:22,464 - INFO - ---> 56c417bfc913
2025-10-01 05:25:22,465 - INFO - Step 3/7 : RUN sed -i -e 's/\r$//' /root/setup_env.sh
2025-10-01 05:25:22,465 - INFO - 
2025-10-01 05:25:24,527 - INFO - ---> Running in c9d4e542955c
2025-10-01 05:25:49,306 - INFO - ---> Removed intermediate container c9d4e542955c
2025-10-01 05:25:49,424 - INFO - ---> 15f7974a8df5
2025-10-01 05:25:49,424 - INFO - Step 4/7 : RUN chmod +x /root/setup_env.sh
2025-10-01 05:25:49,424 - INFO - 
2025-10-01 05:25:49,847 - INFO - ---> Running in 6f171f110d8f
2025-10-01 05:26:00,792 - INFO - ---> Removed intermediate container 6f171f110d8f
2025-10-01 05:26:00,806 - INFO - ---> 2f1952b44968
2025-10-01 05:26:00,806 - INFO - Step 5/7 : RUN /bin/bash -c "source ~/.bashrc && /root/setup_env.sh"
2025-10-01 05:26:00,807 - INFO - 
2025-10-01 05:26:01,357 - INFO - ---> Running in bc8af7f4c43e
2025-10-01 05:26:09,529 - INFO - + source /opt/miniconda3/bin/activate
2025-10-01 05:26:09,530 - INFO - ++ _CONDA_ROOT=/opt/miniconda3
++ . /opt/miniconda3/etc/profile.d/conda.sh
+++ export CONDA_EXE=/opt/miniconda3/bin/conda
+++ CONDA_EXE=/opt/miniconda3/bin/conda
+++ export _CE_M=
+++ _CE_M=
+++ export _CE_CONDA=
+++ _CE_CONDA=
+++ export CONDA_PYTHON_EXE=/opt/miniconda3/bin/python
+++ CONDA_PYTHON_EXE=/opt/miniconda3/bin/python
+++ '[' -z '' ']'
+++ export CONDA_SHLVL=0
+++ CONDA_SHLVL=0
+++ '[' -n '' ']'
+++++ dirname /opt/miniconda3/bin/conda
++++ dirname /opt/miniconda3/bin
+++ PATH=/opt/miniconda3/condabin:/opt/miniconda3/bin:/usr/local/sbin:/usr/local/bin:/usr/sbin:/usr/bin:/sbin:/bin
+++ export PATH
+++ '[' -z '' ']'
+++ PS1=
++ conda activate
++ local cmd=activate
++ case "$cmd" in
++ __conda_activate activate
++ '[' -n '' ']'
++ local ask_conda
2025-10-01 05:26:09,550 - INFO - +++ PS1=
2025-10-01 05:26:09,550 - INFO - +++ __conda_exe shell.posix activate
2025-10-01 05:26:09,551 - INFO - +++ /opt/miniconda3/bin/conda shell.posix activate
2025-10-01 05:26:15,927 - INFO - ++ ask_conda='PS1='\''(base) '\''
export PATH='\''/opt/miniconda3/bin:/opt/miniconda3/condabin:/opt/miniconda3/bin:/usr/local/sbin:/usr/local/bin:/usr/sbin:/usr/bin:/sbin:/bin'\''
export CONDA_PREFIX='\''/opt/miniconda3'\''
export CONDA_SHLVL='\''1'\''
export CONDA_DEFAULT_ENV='\''base'\''
export CONDA_PROMPT_MODIFIER='\''(base) '\''
export CONDA_EXE='\''/opt/miniconda3/bin/conda'\''
export _CE_M='\'''\''
export _CE_CONDA='\'''\''
export CONDA_PYTHON_EXE='\''/opt/miniconda3/bin/python'\'''
++ eval 'PS1='\''(base) '\''
export PATH='\''/opt/miniconda3/bin:/opt/miniconda3/condabin:/opt/miniconda3/bin:/usr/local/sbin:/usr/local/bin:/usr/sbin:/usr/bin:/sbin:/bin'\''
export CONDA_PREFIX='\''/opt/miniconda3'\''
export CONDA_SHLVL='\''1'\''
export CONDA_DEFAULT_ENV='\''base'\''
export CONDA_PROMPT_MODIFIER='\''(base) '\''
export CONDA_EXE='\''/opt/miniconda3/bin/conda'\''
export _CE_M='\'''\''
export _CE_CONDA='\'''\''
export CONDA_PYTHON_EXE='\''/opt/miniconda3/bin/python'\'''
+++ PS1='(base) '
+++ export PATH=/opt/miniconda3/bin:/opt/miniconda3/condabin:/opt/miniconda3/bin:/usr/local/sbin:/usr/local/bin:/usr/sbin:/usr/bin:/sbin:/bin
+++ PATH=/opt/miniconda3/bin:/opt/miniconda3/condabin:/opt/miniconda3/bin:/usr/local/sbin:/usr/local/bin:/usr/sbin:/usr/bin:/sbin:/bin
2025-10-01 05:26:15,928 - INFO - +++ export CONDA_PREFIX=/opt/miniconda3
+++ CONDA_PREFIX=/opt/miniconda3
+++ export CONDA_SHLVL=1
+++ CONDA_SHLVL=1
+++ export CONDA_DEFAULT_ENV=base
+++ CONDA_DEFAULT_ENV=base
+++ export 'CONDA_PROMPT_MODIFIER=(base) '
+++ CONDA_PROMPT_MODIFIER='(base) '
+++ export CONDA_EXE=/opt/miniconda3/bin/conda
+++ CONDA_EXE=/opt/miniconda3/bin/conda
+++ export _CE_M=
+++ _CE_M=
+++ export _CE_CONDA=
+++ _CE_CONDA=
+++ export CONDA_PYTHON_EXE=/opt/miniconda3/bin/python
+++ CONDA_PYTHON_EXE=/opt/miniconda3/bin/python
++ __conda_hashr
++ '[' -n '' ']'
++ '[' -n '' ']'
++ hash -r
+ conda create -n testbed python=3.9 -y
+ local cmd=create
+ case "$cmd" in
+ __conda_exe create -n testbed python=3.9 -y
+ /opt/miniconda3/bin/conda create -n testbed python=3.9 -y
2025-10-01 05:27:37,713 - INFO - Channels:
 - defaults
 - conda-forge
Platform: linux-64
Collecting package metadata (repodata.json): ...working...
2025-10-01 06:28:40,626 - INFO - failed
2025-10-01 06:28:40,702 - INFO - CondaHTTPError: HTTP 000 CONNECTION FAILED for url <https://conda.anaconda.org/conda-forge/linux-64/repodata.json>
Elapsed: -

An HTTP error occurred when trying to retrieve this URL.
HTTP errors are often intermittent, and a simple retry will get you on your way.
'https//conda.anaconda.org/conda-forge/linux-64'
2025-10-01 06:28:49,867 - INFO - ---> Removed intermediate container bc8af7f4c43e
2025-10-01 06:28:49,881 - ERROR - Error: The command '/bin/sh -c /bin/bash -c "source ~/.bashrc && /root/setup_env.sh"' returned a non-zero code: 1
2025-10-01 06:28:49,884 - ERROR - docker.errors.BuildError during sweb.env.py.x86_64.088a7e628bda9770f9757b:latest: The command '/bin/sh -c /bin/bash -c "source ~/.bashrc && /root/setup_env.sh"' returned a non-zero code: 1
