2025-10-01 04:09:20,287 - INFO - Building image sweb.env.py.x86_64.988483313c4444799011ac:latest
Using dockerfile:
FROM --platform=linux/x86_64 sweb.base.py.x86_64:latest

COPY ./setup_env.sh /root/
RUN sed -i -e 's/\r$//' /root/setup_env.sh
RUN chmod +x /root/setup_env.sh
RUN /bin/bash -c "source ~/.bashrc && /root/setup_env.sh"

WORKDIR /testbed/

# Automatically activate the testbed environment
RUN echo "source /opt/miniconda3/etc/profile.d/conda.sh && conda activate testbed" > /root/.bashrc

Adding (1) setup scripts to image build repo
2025-10-01 04:09:20,287 - INFO - [SETUP SCRIPT] setup_env.sh:
#!/bin/bash
set -euxo pipefail
source /opt/miniconda3/bin/activate
cat <<'EOF_59812759871' > /root/environment.yml
name: testbed
channels:
  - defaults
  - conda-forge
dependencies:
  - _libgcc_mutex=0.1=main
  - _openmp_mutex=5.1=1_gnu
  - ca-certificates=2024.9.24=h06a4308_0
  - certifi=2021.5.30=py36h06a4308_0
  - ld_impl_linux-64=2.40=h12ee557_0
  - libffi=3.3=he6710b0_2
  - libgcc-ng=11.2.0=h1234567_1
  - libgomp=11.2.0=h1234567_1
  - libstdcxx-ng=11.2.0=h1234567_1
  - ncurses=6.4=h6a678d5_0
  - openssl=1.1.1w=h7f8727e_0
  - pip=21.2.2=py36h06a4308_0
  - python=3.6.13=h12debd9_1
  - readline=8.2=h5eee18b_0
  - setuptools=58.0.4=py36h06a4308_0
  - sqlite=3.45.3=h5eee18b_0
  - tk=8.6.14=h39e8969_0
  - wheel=0.37.1=pyhd3eb1b0_0
  - xz=5.4.6=h5eee18b_1
  - zlib=1.2.13=h5eee18b_1
  - pip:
      - aiohttp==3.8.6
      - aiosignal==1.2.0
      - argon2-cffi==21.3.0
      - argon2-cffi-bindings==21.2.0
      - asgiref==3.4.1
      - async-timeout==4.0.2
      - asynctest==0.13.0
      - attrs==22.2.0
      - backports-zoneinfo==0.2.1
      - bcrypt==4.0.1
      - cffi==1.15.1
      - charset-normalizer==2.0.12
      - dataclasses==0.8
      - docutils==0.18.1
      - frozenlist==1.2.0
      - geoip2==4.6.0
      - idna==3.10
      - idna-ssl==1.1.0
      - importlib-resources==5.4.0
      - jinja2==3.0.3
      - markupsafe==2.0.1
      - maxminddb==2.2.0
      - multidict==5.2.0
      - numpy==1.19.5
      - pillow==8.4.0
      - pycparser==2.21
      - pylibmc==1.6.3
      - pymemcache==3.5.2
      - python-memcached==1.62
      - pytz==2024.2
      - pywatchman==1.4.1
      - pyyaml==6.0.1
      - requests==2.27.1
      - selenium==3.141.0
      - six==1.16.0
      - sqlparse==0.4.4
      - tblib==1.7.0
      - typing-extensions==4.1.1
      - tzdata==2024.2
      - urllib3==1.26.20
      - yarl==1.7.2
      - zipp==3.6.0
prefix: /opt/miniconda3/envs/testbed

EOF_59812759871
conda env create -f /root/environment.yml
conda activate testbed

2025-10-01 04:09:20,292 - INFO - Building docker image sweb.env.py.x86_64.988483313c4444799011ac:latest in logs/build_images/env/sweb.env.py.x86_64.988483313c4444799011ac__latest with platform linux/x86_64
2025-10-01 04:09:20,325 - INFO - Step 1/7 : FROM --platform=linux/x86_64 sweb.base.py.x86_64:latest
2025-10-01 04:09:20,325 - INFO - 
2025-10-01 04:09:20,325 - INFO - ---> 71e8b6b130a0
2025-10-01 04:09:20,325 - INFO - Step 2/7 : COPY ./setup_env.sh /root/
2025-10-01 04:09:20,325 - INFO - 
2025-10-01 04:09:20,519 - INFO - ---> 964ca3a3b9b6
2025-10-01 04:09:20,520 - INFO - Step 3/7 : RUN sed -i -e 's/\r$//' /root/setup_env.sh
2025-10-01 04:09:20,520 - INFO - 
2025-10-01 04:09:20,679 - INFO - ---> Running in f3d108345b34
2025-10-01 04:09:22,871 - INFO - ---> Removed intermediate container f3d108345b34
2025-10-01 04:09:22,871 - INFO - ---> e766782d3371
2025-10-01 04:09:22,872 - INFO - Step 4/7 : RUN chmod +x /root/setup_env.sh
2025-10-01 04:09:22,872 - INFO - 
2025-10-01 04:09:23,047 - INFO - ---> Running in 91b975bde79d
2025-10-01 04:09:25,313 - INFO - ---> Removed intermediate container 91b975bde79d
2025-10-01 04:09:25,314 - INFO - ---> 48f6b3ff0a9e
2025-10-01 04:09:25,314 - INFO - Step 5/7 : RUN /bin/bash -c "source ~/.bashrc && /root/setup_env.sh"
2025-10-01 04:09:25,314 - INFO - 
2025-10-01 04:09:25,707 - INFO - ---> Running in e1a7a98ce08f
2025-10-01 04:09:27,096 - INFO - + source /opt/miniconda3/bin/activate
++ _CONDA_ROOT=/opt/miniconda3
++ . /opt/miniconda3/etc/profile.d/conda.sh
+++ export CONDA_EXE=/opt/miniconda3/bin/conda
+++ CONDA_EXE=/opt/miniconda3/bin/conda
+++ export _CE_M=
+++ _CE_M=
+++ export _CE_CONDA=
+++ _CE_CONDA=
+++ export CONDA_PYTHON_EXE=/opt/miniconda3/bin/python
+++ CONDA_PYTHON_EXE=/opt/miniconda3/bin/python
+++ '[' -z '' ']'
+++ export CONDA_SHLVL=0
+++ CONDA_SHLVL=0
+++ '[' -n '' ']'
2025-10-01 04:09:27,098 - INFO - +++++ dirname /opt/miniconda3/bin/conda
++++ dirname /opt/miniconda3/bin
+++ PATH=/opt/miniconda3/condabin:/opt/miniconda3/bin:/usr/local/sbin:/usr/local/bin:/usr/sbin:/usr/bin:/sbin:/bin
+++ export PATH
+++ '[' -z '' ']'
+++ PS1=
++ conda activate
++ local cmd=activate
++ case "$cmd" in
++ __conda_activate activate
++ '[' -n '' ']'
++ local ask_conda
+++ PS1=
+++ __conda_exe shell.posix activate
2025-10-01 04:09:27,098 - INFO - +++ /opt/miniconda3/bin/conda shell.posix activate
2025-10-01 04:09:28,325 - INFO - ++ ask_conda='PS1='\''(base) '\''
export PATH='\''/opt/miniconda3/bin:/opt/miniconda3/condabin:/opt/miniconda3/bin:/usr/local/sbin:/usr/local/bin:/usr/sbin:/usr/bin:/sbin:/bin'\''
export CONDA_PREFIX='\''/opt/miniconda3'\''
export CONDA_SHLVL='\''1'\''
export CONDA_DEFAULT_ENV='\''base'\''
export CONDA_PROMPT_MODIFIER='\''(base) '\''
export CONDA_EXE='\''/opt/miniconda3/bin/conda'\''
export _CE_M='\'''\''
export _CE_CONDA='\'''\''
2025-10-01 04:09:28,326 - INFO - export CONDA_PYTHON_EXE='\''/opt/miniconda3/bin/python'\'''
2025-10-01 04:09:28,327 - INFO - ++ eval 'PS1='\''(base) '\''
export PATH='\''/opt/miniconda3/bin:/opt/miniconda3/condabin:/opt/miniconda3/bin:/usr/local/sbin:/usr/local/bin:/usr/sbin:/usr/bin:/sbin:/bin'\''
export CONDA_PREFIX='\''/opt/miniconda3'\''
export CONDA_SHLVL='\''1'\''
export CONDA_DEFAULT_ENV='\''base'\''
export CONDA_PROMPT_MODIFIER='\''(base) '\''
export CONDA_EXE='\''/opt/miniconda3/bin/conda'\''
export _CE_M='\'''\''
export _CE_CONDA='\'''\''
2025-10-01 04:09:28,327 - INFO - export CONDA_PYTHON_EXE='\''/opt/miniconda3/bin/python'\'''
2025-10-01 04:09:28,328 - INFO - +++ PS1='(base) '
2025-10-01 04:09:28,328 - INFO - +++ export PATH=/opt/miniconda3/bin:/opt/miniconda3/condabin:/opt/miniconda3/bin:/usr/local/sbin:/usr/local/bin:/usr/sbin:/usr/bin:/sbin:/bin
2025-10-01 04:09:28,328 - INFO - +++ PATH=/opt/miniconda3/bin:/opt/miniconda3/condabin:/opt/miniconda3/bin:/usr/local/sbin:/usr/local/bin:/usr/sbin:/usr/bin:/sbin:/bin
2025-10-01 04:09:28,328 - INFO - +++ export CONDA_PREFIX=/opt/miniconda3
2025-10-01 04:09:28,328 - INFO - +++ CONDA_PREFIX=/opt/miniconda3
2025-10-01 04:09:28,328 - INFO - +++ export CONDA_SHLVL=1
2025-10-01 04:09:28,328 - INFO - +++ CONDA_SHLVL=1
2025-10-01 04:09:28,328 - INFO - +++ export CONDA_DEFAULT_ENV=base
2025-10-01 04:09:28,329 - INFO - +++ CONDA_DEFAULT_ENV=base
2025-10-01 04:09:28,329 - INFO - +++ export 'CONDA_PROMPT_MODIFIER=(base) '
2025-10-01 04:09:28,329 - INFO - +++ CONDA_PROMPT_MODIFIER='(base) '
2025-10-01 04:09:28,331 - INFO - +++ export CONDA_EXE=/opt/miniconda3/bin/conda
2025-10-01 04:09:28,331 - INFO - +++ CONDA_EXE=/opt/miniconda3/bin/conda
2025-10-01 04:09:28,331 - INFO - +++ export _CE_M=
2025-10-01 04:09:28,333 - INFO - +++ _CE_M=
+++ export _CE_CONDA=
+++ _CE_CONDA=
+++ export CONDA_PYTHON_EXE=/opt/miniconda3/bin/python
+++ CONDA_PYTHON_EXE=/opt/miniconda3/bin/python
++ __conda_hashr
++ '[' -n '' ']'
++ '[' -n '' ']'
++ hash -r
+ cat
2025-10-01 04:09:28,343 - INFO - + conda env create -f /root/environment.yml
2025-10-01 04:09:28,344 - INFO - + local cmd=env
2025-10-01 04:09:28,345 - INFO - + case "$cmd" in
2025-10-01 04:09:28,345 - INFO - + __conda_exe env create -f /root/environment.yml
2025-10-01 04:09:28,352 - INFO - + /opt/miniconda3/bin/conda env create -f /root/environment.yml
2025-10-01 04:09:35,290 - INFO - Channels:
 - defaults
 - conda-forge
Platform: linux-64
Collecting package metadata (repodata.json):
2025-10-01 04:09:35,292 - INFO - ...working...
2025-10-01 04:20:45,078 - INFO - /opt/miniconda3/etc/profile.d/conda.sh: line 1:    14 Killed                  ( "$CONDA_EXE" $_CE_M $_CE_CONDA "$@" )
2025-10-01 04:21:04,361 - INFO - ---> Removed intermediate container e1a7a98ce08f
2025-10-01 04:21:04,590 - ERROR - Error: The command '/bin/sh -c /bin/bash -c "source ~/.bashrc && /root/setup_env.sh"' returned a non-zero code: 137
2025-10-01 04:21:04,831 - ERROR - docker.errors.BuildError during sweb.env.py.x86_64.988483313c4444799011ac:latest: The command '/bin/sh -c /bin/bash -c "source ~/.bashrc && /root/setup_env.sh"' returned a non-zero code: 137
