2025-10-01 04:40:50,985 - INFO - Building image sweb.env.py.x86_64.31244378a92e3bcce809ac:latest
Using dockerfile:
FROM --platform=linux/x86_64 sweb.base.py.x86_64:latest

COPY ./setup_env.sh /root/
RUN sed -i -e 's/\r$//' /root/setup_env.sh
RUN chmod +x /root/setup_env.sh
RUN /bin/bash -c "source ~/.bashrc && /root/setup_env.sh"

WORKDIR /testbed/

# Automatically activate the testbed environment
RUN echo "source /opt/miniconda3/etc/profile.d/conda.sh && conda activate testbed" > /root/.bashrc

Adding (1) setup scripts to image build repo
2025-10-01 04:40:50,988 - INFO - [SETUP SCRIPT] setup_env.sh:
#!/bin/bash
set -euxo pipefail
source /opt/miniconda3/bin/activate
cat <<'EOF_59812759871' > environment.yml
# To set up a development environment using conda run:
#
#   conda env create -f environment.yml
#   conda activate mpl-dev
#   pip install -e .
#
name: testbed
channels:
  - conda-forge
dependencies:
  # runtime dependencies
  - cairocffi
  - contourpy>=1.0.1
  - cycler>=0.10.0
  - fonttools>=4.22.0
  - importlib-resources>=3.2.0
  - kiwisolver>=1.0.1
  - numpy>=1.21
  - pillow>=6.2
  - pybind11>=2.6.0
  - pygobject
  - pyparsing
  - pyqt
  - python-dateutil>=2.1
  - setuptools
  - setuptools_scm
  - wxpython
  # building documentation
  - colorspacious
  - graphviz
  - ipython
  - ipywidgets
  - numpydoc>=0.8
  - packaging
  - pydata-sphinx-theme
  - pyyaml
  - sphinx>=1.8.1,!=2.0.0
  - sphinx-copybutton
  - sphinx-gallery>=0.10
  - sphinx-design
  - pip
  - pip:
      - mpl-sphinx-theme
      - sphinxcontrib-svg2pdfconverter
      - pikepdf
  # testing
  - coverage
  - flake8>=3.8
  - flake8-docstrings>=1.4.0
  - gtk4
  - ipykernel
  - nbconvert[execute]!=6.0.0,!=6.0.1
  - nbformat!=5.0.0,!=5.0.1
  - pandas!=0.25.0
  - psutil
  - pre-commit
  - pydocstyle>=5.1.0
  - pytest!=4.6.0,!=5.4.0
  - pytest-cov
  - pytest-rerunfailures
  - pytest-timeout
  - pytest-xdist
  - tornado
  - pytz

EOF_59812759871
conda env create --file environment.yml
conda activate testbed && conda install python=3.11 -y
rm environment.yml
conda activate testbed
python -m pip install contourpy==1.1.0 cycler==0.11.0 fonttools==4.42.1 ghostscript kiwisolver==1.4.5 numpy==1.25.2 packaging==23.1 pillow==10.0.0 pikepdf pyparsing==3.0.9 python-dateutil==2.8.2 six==1.16.0 setuptools==68.1.2 setuptools-scm==7.1.0 typing-extensions==4.7.1

2025-10-01 04:40:51,517 - INFO - Building docker image sweb.env.py.x86_64.31244378a92e3bcce809ac:latest in logs/build_images/env/sweb.env.py.x86_64.31244378a92e3bcce809ac__latest with platform linux/x86_64
2025-10-01 04:41:03,718 - INFO - Step 1/7 : FROM --platform=linux/x86_64 sweb.base.py.x86_64:latest
2025-10-01 04:41:03,718 - INFO - 
2025-10-01 04:41:03,808 - INFO - ---> 71e8b6b130a0
2025-10-01 04:41:03,811 - INFO - Step 2/7 : COPY ./setup_env.sh /root/
2025-10-01 04:41:03,812 - INFO - 
2025-10-01 04:41:15,998 - INFO - ---> 08a08e30fab9
2025-10-01 04:41:16,015 - INFO - Step 3/7 : RUN sed -i -e 's/\r$//' /root/setup_env.sh
2025-10-01 04:41:16,015 - INFO - 
2025-10-01 04:41:17,278 - INFO - ---> Running in 51bf6f348709
2025-10-01 04:42:14,720 - INFO - ---> Removed intermediate container 51bf6f348709
2025-10-01 04:42:14,730 - INFO - ---> 386a0012f12a
2025-10-01 04:42:14,733 - INFO - Step 4/7 : RUN chmod +x /root/setup_env.sh
2025-10-01 04:42:14,736 - INFO - 
2025-10-01 04:42:18,685 - INFO - ---> Running in 8edeff16f8b6
2025-10-01 04:43:49,853 - INFO - ---> Removed intermediate container 8edeff16f8b6
2025-10-01 04:43:50,362 - INFO - ---> 34f38ce6c498
2025-10-01 04:43:50,394 - INFO - Step 5/7 : RUN /bin/bash -c "source ~/.bashrc && /root/setup_env.sh"
2025-10-01 04:43:50,398 - INFO - 
2025-10-01 04:43:50,919 - INFO - ---> Running in f279efeabe9c
2025-10-01 04:44:18,964 - INFO - + source /opt/miniconda3/bin/activate
2025-10-01 04:44:18,975 - INFO - ++ _CONDA_ROOT=/opt/miniconda3
++ . /opt/miniconda3/etc/profile.d/conda.sh
2025-10-01 04:44:20,113 - INFO - +++ export CONDA_EXE=/opt/miniconda3/bin/conda
+++ CONDA_EXE=/opt/miniconda3/bin/conda
+++ export _CE_M=
+++ _CE_M=
+++ export _CE_CONDA=
+++ _CE_CONDA=
+++ export CONDA_PYTHON_EXE=/opt/miniconda3/bin/python
+++ CONDA_PYTHON_EXE=/opt/miniconda3/bin/python
2025-10-01 04:44:20,113 - INFO - +++ '[' -z '' ']'
+++ export CONDA_SHLVL=0
+++ CONDA_SHLVL=0
+++ '[' -n '' ']'
2025-10-01 04:44:21,667 - INFO - +++++ dirname /opt/miniconda3/bin/conda
2025-10-01 04:44:22,128 - INFO - ++++ dirname /opt/miniconda3/bin
2025-10-01 04:44:22,129 - INFO - +++ PATH=/opt/miniconda3/condabin:/opt/miniconda3/bin:/usr/local/sbin:/usr/local/bin:/usr/sbin:/usr/bin:/sbin:/bin
+++ export PATH
2025-10-01 04:44:22,130 - INFO - +++ '[' -z '' ']'
+++ PS1=
++ conda activate
++ local cmd=activate
++ case "$cmd" in
++ __conda_activate activate
++ '[' -n '' ']'
++ local ask_conda
2025-10-01 04:44:22,799 - INFO - +++ PS1=
+++ __conda_exe shell.posix activate
2025-10-01 04:44:23,094 - INFO - +++ /opt/miniconda3/bin/conda shell.posix activate
2025-10-01 04:44:45,360 - INFO - ++ ask_conda='PS1='\''(base) '\''
export PATH='\''/opt/miniconda3/bin:/opt/miniconda3/condabin:/opt/miniconda3/bin:/usr/local/sbin:/usr/local/bin:/usr/sbin:/usr/bin:/sbin:/bin'\''
export CONDA_PREFIX='\''/opt/miniconda3'\''
export CONDA_SHLVL='\''1'\''
export CONDA_DEFAULT_ENV='\''base'\''
export CONDA_PROMPT_MODIFIER='\''(base) '\''
export CONDA_EXE='\''/opt/miniconda3/bin/conda'\''
export _CE_M='\'''\''
export _CE_CONDA='\'''\''
export CONDA_PYTHON_EXE='\''/opt/miniconda3/bin/python'\'''
++ eval 'PS1='\''(base) '\''
export PATH='\''/opt/miniconda3/bin:/opt/miniconda3/condabin:/opt/miniconda3/bin:/usr/local/sbin:/usr/local/bin:/usr/sbin:/usr/bin:/sbin:/bin'\''
export CONDA_PREFIX='\''/opt/miniconda3'\''
export CONDA_SHLVL='\''1'\''
export CONDA_DEFAULT_ENV='\''base'\''
export CONDA_PROMPT_MODIFIER='\''(base) '\''
export CONDA_EXE='\''/opt/miniconda3/bin/conda'\''
export _CE_M='\'''\''
export _CE_CONDA='\'''\''
export CONDA_PYTHON_EXE='\''/opt/miniconda3/bin/python'\'''
2025-10-01 04:44:45,381 - INFO - +++ PS1='(base) '
+++ export PATH=/opt/miniconda3/bin:/opt/miniconda3/condabin:/opt/miniconda3/bin:/usr/local/sbin:/usr/local/bin:/usr/sbin:/usr/bin:/sbin:/bin
+++ PATH=/opt/miniconda3/bin:/opt/miniconda3/condabin:/opt/miniconda3/bin:/usr/local/sbin:/usr/local/bin:/usr/sbin:/usr/bin:/sbin:/bin
+++ export CONDA_PREFIX=/opt/miniconda3
+++ CONDA_PREFIX=/opt/miniconda3
+++ export CONDA_SHLVL=1
+++ CONDA_SHLVL=1
+++ export CONDA_DEFAULT_ENV=base
+++ CONDA_DEFAULT_ENV=base
+++ export 'CONDA_PROMPT_MODIFIER=(base) '
+++ CONDA_PROMPT_MODIFIER='(base) '
+++ export CONDA_EXE=/opt/miniconda3/bin/conda
+++ CONDA_EXE=/opt/miniconda3/bin/conda
+++ export _CE_M=
+++ _CE_M=
+++ export _CE_CONDA=
+++ _CE_CONDA=
+++ export CONDA_PYTHON_EXE=/opt/miniconda3/bin/python
+++ CONDA_PYTHON_EXE=/opt/miniconda3/bin/python
++ __conda_hashr
++ '[' -n '' ']'
++ '[' -n '' ']'
++ hash -r
2025-10-01 04:44:45,382 - INFO - + cat
2025-10-01 04:44:45,383 - INFO - + conda env create --file environment.yml
+ local cmd=env
+ case "$cmd" in
2025-10-01 04:44:45,383 - INFO - + __conda_exe env create --file environment.yml
2025-10-01 04:44:45,383 - INFO - + /opt/miniconda3/bin/conda env create --file environment.yml
2025-10-01 04:45:52,495 - INFO - Channels:
 - conda-forge
 - defaults
Platform: linux-64
Collecting package metadata (repodata.json): ...working...
2025-10-01 05:01:22,920 - INFO - /opt/miniconda3/etc/profile.d/conda.sh: line 1:    13 Killed                  ( "$CONDA_EXE" $_CE_M $_CE_CONDA "$@" )
2025-10-01 05:01:33,320 - INFO - ---> Removed intermediate container f279efeabe9c
2025-10-01 05:01:33,354 - ERROR - Error: The command '/bin/sh -c /bin/bash -c "source ~/.bashrc && /root/setup_env.sh"' returned a non-zero code: 137
2025-10-01 05:01:33,550 - ERROR - docker.errors.BuildError during sweb.env.py.x86_64.31244378a92e3bcce809ac:latest: The command '/bin/sh -c /bin/bash -c "source ~/.bashrc && /root/setup_env.sh"' returned a non-zero code: 137
