2025-10-01 05:01:38,032 - INFO - Building image sweb.env.py.x86_64.34a2704c943706976d0871:latest
Using dockerfile:
FROM --platform=linux/x86_64 sweb.base.py.x86_64:latest

COPY ./setup_env.sh /root/
RUN sed -i -e 's/\r$//' /root/setup_env.sh
RUN chmod +x /root/setup_env.sh
RUN /bin/bash -c "source ~/.bashrc && /root/setup_env.sh"

WORKDIR /testbed/

# Automatically activate the testbed environment
RUN echo "source /opt/miniconda3/etc/profile.d/conda.sh && conda activate testbed" > /root/.bashrc

Adding (1) setup scripts to image build repo
2025-10-01 05:01:38,049 - INFO - [SETUP SCRIPT] setup_env.sh:
#!/bin/bash
set -euxo pipefail
source /opt/miniconda3/bin/activate
conda create -n testbed python=3.11 -y
cat <<'EOF_59812759871' > $HOME/requirements.txt
alabaster==0.7.13
babel==2.12.1
certifi==2022.12.7
charset-normalizer==3.1.0
docutils==0.17.1
idna==3.4
imagesize==1.4.1
jinja2==3.1.2
markupsafe==2.1.2
packaging==23.0
pallets-sphinx-themes==2.0.3
pygments==2.15.0
requests==2.28.2
snowballstemmer==2.2.0
sphinx==4.5.0
sphinx-issues==3.0.1
sphinx-tabs==3.3.1
sphinxcontrib-applehelp==1.0.4
sphinxcontrib-devhelp==1.0.2
sphinxcontrib-htmlhelp==2.0.1
sphinxcontrib-jsmath==1.0.1
sphinxcontrib-log-cabinet==1.0.1
sphinxcontrib-qthelp==1.0.3
sphinxcontrib-serializinghtml==1.1.5
urllib3==1.26.15

asgiref==3.6.0
iniconfig==2.0.0
packaging==23.0
pluggy==1.0.0
pytest==7.3.0
python-dotenv==1.0.0 ; python_version >= "3.8"

cffi==1.15.1
cryptography==40.0.1
mypy==1.2.0
mypy-extensions==1.0.0
pycparser==2.21
types-contextvars==2.4.7.2
types-dataclasses==0.6.6
types-setuptools==67.6.0.7
typing-extensions==4.5.0

build==0.10.0
cachetools==5.3.0
cfgv==3.3.1
chardet==5.1.0
click==8.1.3
colorama==0.4.6
distlib==0.3.6
filelock==3.11.0
identify==2.5.22
nodeenv==1.7.0
pip-compile-multi==2.6.2
pip-tools==6.13.0
platformdirs==3.2.0
pre-commit==3.2.2
pyproject-api==1.5.1
pyproject-hooks==1.0.0
pyyaml==6.0
toposort==1.10
tox==4.4.11
virtualenv==20.21.0
wheel==0.40.0


EOF_59812759871
conda activate testbed && python -m pip install -r $HOME/requirements.txt
rm $HOME/requirements.txt
conda activate testbed
python -m pip install setuptools==70.0.0 click==8.1.3 itsdangerous==2.1.2 Jinja2==3.1.2 MarkupSafe==2.1.1 Werkzeug==2.3.7

2025-10-01 05:01:38,134 - INFO - Building docker image sweb.env.py.x86_64.34a2704c943706976d0871:latest in logs/build_images/env/sweb.env.py.x86_64.34a2704c943706976d0871__latest with platform linux/x86_64
2025-10-01 05:01:41,247 - INFO - Step 1/7 : FROM --platform=linux/x86_64 sweb.base.py.x86_64:latest
2025-10-01 05:01:41,247 - INFO - 
2025-10-01 05:01:41,247 - INFO - ---> 71e8b6b130a0
2025-10-01 05:01:41,247 - INFO - Step 2/7 : COPY ./setup_env.sh /root/
2025-10-01 05:01:41,247 - INFO - 
2025-10-01 05:01:43,576 - INFO - ---> 1d9e7068085e
2025-10-01 05:01:43,577 - INFO - Step 3/7 : RUN sed -i -e 's/\r$//' /root/setup_env.sh
2025-10-01 05:01:43,577 - INFO - 
2025-10-01 05:01:44,888 - INFO - ---> Running in 4e80bef90463
2025-10-01 05:01:58,873 - INFO - ---> Removed intermediate container 4e80bef90463
2025-10-01 05:01:58,873 - INFO - ---> 3eb710ddb5eb
2025-10-01 05:01:58,873 - INFO - Step 4/7 : RUN chmod +x /root/setup_env.sh
2025-10-01 05:01:58,873 - INFO - 
2025-10-01 05:02:00,758 - INFO - ---> Running in 45845ec9ba24
2025-10-01 05:02:09,338 - INFO - ---> Removed intermediate container 45845ec9ba24
2025-10-01 05:02:09,338 - INFO - ---> 8b45902946e9
2025-10-01 05:02:09,338 - INFO - Step 5/7 : RUN /bin/bash -c "source ~/.bashrc && /root/setup_env.sh"
2025-10-01 05:02:09,338 - INFO - 
2025-10-01 05:02:10,787 - INFO - ---> Running in 08bd7eab9187
2025-10-01 05:02:17,126 - INFO - + source /opt/miniconda3/bin/activate
2025-10-01 05:02:17,135 - INFO - ++ _CONDA_ROOT=/opt/miniconda3
++ . /opt/miniconda3/etc/profile.d/conda.sh
2025-10-01 05:02:17,145 - INFO - +++ export CONDA_EXE=/opt/miniconda3/bin/conda
+++ CONDA_EXE=/opt/miniconda3/bin/conda
+++ export _CE_M=
+++ _CE_M=
+++ export _CE_CONDA=
2025-10-01 05:02:17,145 - INFO - +++ _CE_CONDA=
+++ export CONDA_PYTHON_EXE=/opt/miniconda3/bin/python
+++ CONDA_PYTHON_EXE=/opt/miniconda3/bin/python
2025-10-01 05:02:17,145 - INFO - +++ '[' -z '' ']'
+++ export CONDA_SHLVL=0
+++ CONDA_SHLVL=0
+++ '[' -n '' ']'
2025-10-01 05:02:17,146 - INFO - +++++ dirname /opt/miniconda3/bin/conda
2025-10-01 05:02:17,167 - INFO - ++++ dirname /opt/miniconda3/bin
2025-10-01 05:02:17,168 - INFO - +++ PATH=/opt/miniconda3/condabin:/opt/miniconda3/bin:/usr/local/sbin:/usr/local/bin:/usr/sbin:/usr/bin:/sbin:/bin
+++ export PATH
2025-10-01 05:02:17,169 - INFO - +++ '[' -z '' ']'
+++ PS1=
2025-10-01 05:02:17,169 - INFO - ++ conda activate
++ local cmd=activate
++ case "$cmd" in
++ __conda_activate activate
++ '[' -n '' ']'
++ local ask_conda
2025-10-01 05:02:17,170 - INFO - +++ PS1=
+++ __conda_exe shell.posix activate
2025-10-01 05:02:17,171 - INFO - +++ /opt/miniconda3/bin/conda shell.posix activate
2025-10-01 05:02:22,616 - INFO - ++ ask_conda='PS1='\''(base) '\''
export PATH='\''/opt/miniconda3/bin:/opt/miniconda3/condabin:/opt/miniconda3/bin:/usr/local/sbin:/usr/local/bin:/usr/sbin:/usr/bin:/sbin:/bin'\''
export CONDA_PREFIX='\''/opt/miniconda3'\''
export CONDA_SHLVL='\''1'\''
export CONDA_DEFAULT_ENV='\''base'\''
export CONDA_PROMPT_MODIFIER='\''(base) '\''
export CONDA_EXE='\''/opt/miniconda3/bin/conda'\''
export _CE_M='\'''\''
export _CE_CONDA='\'''\''
export CONDA_PYTHON_EXE='\''/opt/miniconda3/bin/python'\'''
++ eval 'PS1='\''(base) '\''
export PATH='\''/opt/miniconda3/bin:/opt/miniconda3/condabin:/opt/miniconda3/bin:/usr/local/sbin:/usr/local/bin:/usr/sbin:/usr/bin:/sbin:/bin'\''
export CONDA_PREFIX='\''/opt/miniconda3'\''
export CONDA_SHLVL='\''1'\''
export CONDA_DEFAULT_ENV='\''base'\''
export CONDA_PROMPT_MODIFIER='\''(base) '\''
export CONDA_EXE='\''/opt/miniconda3/bin/conda'\''
export _CE_M='\'''\''
export _CE_CONDA='\'''\''
export CONDA_PYTHON_EXE='\''/opt/miniconda3/bin/python'\'''
+++ PS1='(base) '
+++ export PATH=/opt/miniconda3/bin:/opt/miniconda3/condabin:/opt/miniconda3/bin:/usr/local/sbin:/usr/local/bin:/usr/sbin:/usr/bin:/sbin:/bin
+++ PATH=/opt/miniconda3/bin:/opt/miniconda3/condabin:/opt/miniconda3/bin:/usr/local/sbin:/usr/local/bin:/usr/sbin:/usr/bin:/sbin:/bin
+++ export CONDA_PREFIX=/opt/miniconda3
+++ CONDA_PREFIX=/opt/miniconda3
+++ export CONDA_SHLVL=1
+++ CONDA_SHLVL=1
+++ export CONDA_DEFAULT_ENV=base
+++ CONDA_DEFAULT_ENV=base
+++ export 'CONDA_PROMPT_MODIFIER=(base) '
+++ CONDA_PROMPT_MODIFIER='(base) '
+++ export CONDA_EXE=/opt/miniconda3/bin/conda
+++ CONDA_EXE=/opt/miniconda3/bin/conda
+++ export _CE_M=
+++ _CE_M=
+++ export _CE_CONDA=
+++ _CE_CONDA=
+++ export CONDA_PYTHON_EXE=/opt/miniconda3/bin/python
+++ CONDA_PYTHON_EXE=/opt/miniconda3/bin/python
++ __conda_hashr
++ '[' -n '' ']'
++ '[' -n '' ']'
++ hash -r
+ conda create -n testbed python=3.11 -y
+ local cmd=create
+ case "$cmd" in
+ __conda_exe create -n testbed python=3.11 -y
+ /opt/miniconda3/bin/conda create -n testbed python=3.11 -y
2025-10-01 05:02:41,898 - INFO - Channels:
 - defaults
 - conda-forge
Platform: linux-64
Collecting package metadata (repodata.json): ...working...
2025-10-01 05:08:28,475 - INFO - failed
2025-10-01 05:08:28,602 - INFO - CondaHTTPError: HTTP 000 CONNECTION FAILED for url <https://conda.anaconda.org/conda-forge/linux-64/repodata.json>
Elapsed: -

An HTTP error occurred when trying to retrieve this URL.
HTTP errors are often intermittent, and a simple retry will get you on your way.
'https//conda.anaconda.org/conda-forge/linux-64'
2025-10-01 05:08:35,666 - INFO - ---> Removed intermediate container 08bd7eab9187
2025-10-01 05:08:35,674 - ERROR - Error: The command '/bin/sh -c /bin/bash -c "source ~/.bashrc && /root/setup_env.sh"' returned a non-zero code: 1
2025-10-01 05:08:35,681 - ERROR - docker.errors.BuildError during sweb.env.py.x86_64.34a2704c943706976d0871:latest: The command '/bin/sh -c /bin/bash -c "source ~/.bashrc && /root/setup_env.sh"' returned a non-zero code: 1
