2025-10-01 05:22:13,863 - INFO - Building image sweb.env.py.x86_64.756beac07713d7e8dc1129:latest
Using dockerfile:
FROM --platform=linux/x86_64 sweb.base.py.x86_64:latest

COPY ./setup_env.sh /root/
RUN sed -i -e 's/\r$//' /root/setup_env.sh
RUN chmod +x /root/setup_env.sh
RUN /bin/bash -c "source ~/.bashrc && /root/setup_env.sh"

WORKDIR /testbed/

# Automatically activate the testbed environment
RUN echo "source /opt/miniconda3/etc/profile.d/conda.sh && conda activate testbed" > /root/.bashrc

Adding (1) setup scripts to image build repo
2025-10-01 05:22:13,899 - INFO - [SETUP SCRIPT] setup_env.sh:
#!/bin/bash
set -euxo pipefail
source /opt/miniconda3/bin/activate
conda create -n testbed python=3.9  -y
conda activate testbed
python -m pip install atomicwrites==1.4.1 attrs==23.1.0 more-itertools==10.1.0 pluggy==0.11.0 py==1.11.0 setuptools==68.0.0 six==1.16.0 wcwidth==0.2.6

2025-10-01 05:22:13,936 - INFO - Building docker image sweb.env.py.x86_64.756beac07713d7e8dc1129:latest in logs/build_images/env/sweb.env.py.x86_64.756beac07713d7e8dc1129__latest with platform linux/x86_64
2025-10-01 05:22:22,386 - INFO - Step 1/7 : FROM --platform=linux/x86_64 sweb.base.py.x86_64:latest
2025-10-01 05:22:22,399 - INFO - 
2025-10-01 05:22:23,137 - INFO - ---> 71e8b6b130a0
2025-10-01 05:22:23,137 - INFO - Step 2/7 : COPY ./setup_env.sh /root/
2025-10-01 05:22:23,137 - INFO - 
2025-10-01 05:22:28,972 - INFO - ---> 4e846fda3547
2025-10-01 05:22:28,974 - INFO - Step 3/7 : RUN sed -i -e 's/\r$//' /root/setup_env.sh
2025-10-01 05:22:28,974 - INFO - 
2025-10-01 05:22:31,206 - INFO - ---> Running in f61a6ebf3bb2
2025-10-01 05:23:27,933 - INFO - ---> Removed intermediate container f61a6ebf3bb2
2025-10-01 05:23:28,162 - INFO - ---> 79fa6c88ba0f
2025-10-01 05:23:28,162 - INFO - Step 4/7 : RUN chmod +x /root/setup_env.sh
2025-10-01 05:23:28,163 - INFO - 
2025-10-01 05:23:29,497 - INFO - ---> Running in b04bb915abba
2025-10-01 05:24:21,959 - INFO - ---> Removed intermediate container b04bb915abba
2025-10-01 05:24:22,651 - INFO - ---> a9b96cb9c23b
2025-10-01 05:24:22,651 - INFO - Step 5/7 : RUN /bin/bash -c "source ~/.bashrc && /root/setup_env.sh"
2025-10-01 05:24:22,653 - INFO - 
2025-10-01 05:24:23,496 - INFO - ---> Running in a23fe769c58c
2025-10-01 05:24:38,770 - INFO - + source /opt/miniconda3/bin/activate
++ _CONDA_ROOT=/opt/miniconda3
++ . /opt/miniconda3/etc/profile.d/conda.sh
2025-10-01 05:24:38,793 - INFO - +++ export CONDA_EXE=/opt/miniconda3/bin/conda
+++ CONDA_EXE=/opt/miniconda3/bin/conda
+++ export _CE_M=
+++ _CE_M=
+++ export _CE_CONDA=
+++ _CE_CONDA=
+++ export CONDA_PYTHON_EXE=/opt/miniconda3/bin/python
+++ CONDA_PYTHON_EXE=/opt/miniconda3/bin/python
+++ '[' -z '' ']'
+++ export CONDA_SHLVL=0
+++ CONDA_SHLVL=0
+++ '[' -n '' ']'
+++++ dirname /opt/miniconda3/bin/conda
2025-10-01 05:24:38,889 - INFO - ++++ dirname /opt/miniconda3/bin
2025-10-01 05:24:39,405 - INFO - +++ PATH=/opt/miniconda3/condabin:/opt/miniconda3/bin:/usr/local/sbin:/usr/local/bin:/usr/sbin:/usr/bin:/sbin:/bin
+++ export PATH
+++ '[' -z '' ']'
2025-10-01 05:24:39,405 - INFO - +++ PS1=
2025-10-01 05:24:39,405 - INFO - ++ conda activate
++ local cmd=activate
2025-10-01 05:24:39,405 - INFO - ++ case "$cmd" in
++ __conda_activate activate
2025-10-01 05:24:39,405 - INFO - ++ '[' -n '' ']'
++ local ask_conda
2025-10-01 05:24:39,658 - INFO - +++ PS1=
+++ __conda_exe shell.posix activate
2025-10-01 05:24:39,702 - INFO - +++ /opt/miniconda3/bin/conda shell.posix activate
2025-10-01 05:25:05,176 - INFO - ++ ask_conda='PS1='\''(base) '\''
export PATH='\''/opt/miniconda3/bin:/opt/miniconda3/condabin:/opt/miniconda3/bin:/usr/local/sbin:/usr/local/bin:/usr/sbin:/usr/bin:/sbin:/bin'\''
export CONDA_PREFIX='\''/opt/miniconda3'\''
export CONDA_SHLVL='\''1'\''
export CONDA_DEFAULT_ENV='\''base'\''
export CONDA_PROMPT_MODIFIER='\''(base) '\''
export CONDA_EXE='\''/opt/miniconda3/bin/conda'\''
export _CE_M='\'''\''
export _CE_CONDA='\'''\''
export CONDA_PYTHON_EXE='\''/opt/miniconda3/bin/python'\'''
++ eval 'PS1='\''(base) '\''
export PATH='\''/opt/miniconda3/bin:/opt/miniconda3/condabin:/opt/miniconda3/bin:/usr/local/sbin:/usr/local/bin:/usr/sbin:/usr/bin:/sbin:/bin'\''
export CONDA_PREFIX='\''/opt/miniconda3'\''
export CONDA_SHLVL='\''1'\''
export CONDA_DEFAULT_ENV='\''base'\''
export CONDA_PROMPT_MODIFIER='\''(base) '\''
export CONDA_EXE='\''/opt/miniconda3/bin/conda'\''
export _CE_M='\'''\''
export _CE_CONDA='\'''\''
export CONDA_PYTHON_EXE='\''/opt/miniconda3/bin/python'\'''
+++ PS1='(base) '
+++ export PATH=/opt/miniconda3/bin:/opt/miniconda3/condabin:/opt/miniconda3/bin:/usr/local/sbin:/usr/local/bin:/usr/sbin:/usr/bin:/sbin:/bin
+++ PATH=/opt/miniconda3/bin:/opt/miniconda3/condabin:/opt/miniconda3/bin:/usr/local/sbin:/usr/local/bin:/usr/sbin:/usr/bin:/sbin:/bin
+++ export CONDA_PREFIX=/opt/miniconda3
+++ CONDA_PREFIX=/opt/miniconda3
+++ export CONDA_SHLVL=1
+++ CONDA_SHLVL=1
+++ export CONDA_DEFAULT_ENV=base
+++ CONDA_DEFAULT_ENV=base
+++ export 'CONDA_PROMPT_MODIFIER=(base) '
+++ CONDA_PROMPT_MODIFIER='(base) '
+++ export CONDA_EXE=/opt/miniconda3/bin/conda
+++ CONDA_EXE=/opt/miniconda3/bin/conda
+++ export _CE_M=
+++ _CE_M=
+++ export _CE_CONDA=
+++ _CE_CONDA=
+++ export CONDA_PYTHON_EXE=/opt/miniconda3/bin/python
+++ CONDA_PYTHON_EXE=/opt/miniconda3/bin/python
++ __conda_hashr
++ '[' -n '' ']'
++ '[' -n '' ']'
++ hash -r
+ conda create -n testbed python=3.9 -y
+ local cmd=create
+ case "$cmd" in
+ __conda_exe create -n testbed python=3.9 -y
+ /opt/miniconda3/bin/conda create -n testbed python=3.9 -y
2025-10-01 05:25:16,179 - INFO - Channels:
 - defaults
 - conda-forge
Platform: linux-64
Collecting package metadata (repodata.json): ...working...
2025-10-01 05:32:27,289 - INFO - /opt/miniconda3/etc/profile.d/conda.sh: line 1:    13 Killed                  ( "$CONDA_EXE" $_CE_M $_CE_CONDA "$@" )
2025-10-01 05:32:34,610 - INFO - ---> Removed intermediate container a23fe769c58c
2025-10-01 05:32:34,859 - ERROR - Error: The command '/bin/sh -c /bin/bash -c "source ~/.bashrc && /root/setup_env.sh"' returned a non-zero code: 137
2025-10-01 05:32:34,880 - ERROR - docker.errors.BuildError during sweb.env.py.x86_64.756beac07713d7e8dc1129:latest: The command '/bin/sh -c /bin/bash -c "source ~/.bashrc && /root/setup_env.sh"' returned a non-zero code: 137
