2025-10-01 17:56:40,995 - INFO - Building image sweb.env.py.x86_64.e83e37f52c09532c62acfb:latest
Using dockerfile:
FROM --platform=linux/x86_64 sweb.base.py.x86_64:latest

COPY ./setup_env.sh /root/
RUN sed -i -e 's/\r$//' /root/setup_env.sh
RUN chmod +x /root/setup_env.sh
RUN /bin/bash -c "source ~/.bashrc && /root/setup_env.sh"

WORKDIR /testbed/

# Automatically activate the testbed environment
RUN echo "source /opt/miniconda3/etc/profile.d/conda.sh && conda activate testbed" > /root/.bashrc

Adding (1) setup scripts to image build repo
2025-10-01 17:56:40,996 - INFO - [SETUP SCRIPT] setup_env.sh:
#!/bin/bash
set -euxo pipefail
source /opt/miniconda3/bin/activate
conda create -n testbed python=3.6 -y
cat <<'EOF_59812759871' > $HOME/requirements.txt
asgiref >= 3.3.2
argon2-cffi >= 16.1.0
backports.zoneinfo; python_version < '3.9'
bcrypt
docutils
geoip2
jinja2 >= 2.9.2
numpy
Pillow >= 6.2.0
pylibmc; sys.platform != 'win32'
pymemcache >= 3.4.0
python-memcached >= 1.59
pytz
pywatchman; sys.platform != 'win32'
PyYAML
selenium
sqlparse >= 0.2.2
tblib >= 1.5.0
tzdata
colorama; sys.platform == 'win32'

EOF_59812759871
conda activate testbed && python -m pip install -r $HOME/requirements.txt
rm $HOME/requirements.txt
conda activate testbed

2025-10-01 17:56:41,003 - INFO - Building docker image sweb.env.py.x86_64.e83e37f52c09532c62acfb:latest in logs/build_images/env/sweb.env.py.x86_64.e83e37f52c09532c62acfb__latest with platform linux/x86_64
2025-10-01 17:56:42,196 - INFO - Step 1/7 : FROM --platform=linux/x86_64 sweb.base.py.x86_64:latest
2025-10-01 17:56:42,197 - INFO - 
2025-10-01 17:56:42,197 - INFO - ---> 71e8b6b130a0
2025-10-01 17:56:42,197 - INFO - Step 2/7 : COPY ./setup_env.sh /root/
2025-10-01 17:56:42,197 - INFO - 
2025-10-01 17:56:42,370 - INFO - ---> Using cache
2025-10-01 17:56:42,370 - INFO - ---> 948516c3b16f
2025-10-01 17:56:42,370 - INFO - Step 3/7 : RUN sed -i -e 's/\r$//' /root/setup_env.sh
2025-10-01 17:56:42,370 - INFO - 
2025-10-01 17:56:42,372 - INFO - ---> Using cache
2025-10-01 17:56:42,373 - INFO - ---> 8a0c703c4184
2025-10-01 17:56:42,373 - INFO - Step 4/7 : RUN chmod +x /root/setup_env.sh
2025-10-01 17:56:42,373 - INFO - 
2025-10-01 17:56:42,377 - INFO - ---> Using cache
2025-10-01 17:56:42,378 - INFO - ---> 6df8a1c3807c
2025-10-01 17:56:42,378 - INFO - Step 5/7 : RUN /bin/bash -c "source ~/.bashrc && /root/setup_env.sh"
2025-10-01 17:56:42,378 - INFO - 
2025-10-01 17:56:42,710 - INFO - ---> Running in e4001e87af72
2025-10-01 17:56:43,507 - INFO - + source /opt/miniconda3/bin/activate
2025-10-01 17:56:43,514 - INFO - ++ _CONDA_ROOT=/opt/miniconda3
++ . /opt/miniconda3/etc/profile.d/conda.sh
2025-10-01 17:56:43,520 - INFO - +++ export CONDA_EXE=/opt/miniconda3/bin/conda
2025-10-01 17:56:43,521 - INFO - +++ CONDA_EXE=/opt/miniconda3/bin/conda
2025-10-01 17:56:43,521 - INFO - +++ export _CE_M=
+++ _CE_M=
+++ export _CE_CONDA=
+++ _CE_CONDA=
+++ export CONDA_PYTHON_EXE=/opt/miniconda3/bin/python
+++ CONDA_PYTHON_EXE=/opt/miniconda3/bin/python
2025-10-01 17:56:43,521 - INFO - +++ '[' -z '' ']'
2025-10-01 17:56:43,521 - INFO - +++ export CONDA_SHLVL=0
2025-10-01 17:56:43,521 - INFO - +++ CONDA_SHLVL=0
2025-10-01 17:56:43,521 - INFO - +++ '[' -n '' ']'
2025-10-01 17:56:43,522 - INFO - +++++ dirname /opt/miniconda3/bin/conda
2025-10-01 17:56:43,548 - INFO - ++++ dirname /opt/miniconda3/bin
2025-10-01 17:56:43,549 - INFO - +++ PATH=/opt/miniconda3/condabin:/opt/miniconda3/bin:/usr/local/sbin:/usr/local/bin:/usr/sbin:/usr/bin:/sbin:/bin
2025-10-01 17:56:43,550 - INFO - +++ export PATH
2025-10-01 17:56:43,550 - INFO - +++ '[' -z '' ']'
2025-10-01 17:56:43,551 - INFO - +++ PS1=
2025-10-01 17:56:43,551 - INFO - ++ conda activate
2025-10-01 17:56:43,552 - INFO - ++ local cmd=activate
2025-10-01 17:56:43,553 - INFO - ++ case "$cmd" in
2025-10-01 17:56:43,553 - INFO - ++ __conda_activate activate
2025-10-01 17:56:43,554 - INFO - ++ '[' -n '' ']'
2025-10-01 17:56:43,554 - INFO - ++ local ask_conda
2025-10-01 17:56:43,556 - INFO - +++ PS1=
2025-10-01 17:56:43,556 - INFO - +++ __conda_exe shell.posix activate
2025-10-01 17:56:43,557 - INFO - +++ /opt/miniconda3/bin/conda shell.posix activate
