2025-10-01 04:56:00,291 - INFO - Building image sweb.env.py.x86_64.d13cdf3c18bec0743c2ba2:latest
Using dockerfile:
FROM --platform=linux/x86_64 sweb.base.py.x86_64:latest

COPY ./setup_env.sh /root/
RUN sed -i -e 's/\r$//' /root/setup_env.sh
RUN chmod +x /root/setup_env.sh
RUN /bin/bash -c "source ~/.bashrc && /root/setup_env.sh"

WORKDIR /testbed/

# Automatically activate the testbed environment
RUN echo "source /opt/miniconda3/etc/profile.d/conda.sh && conda activate testbed" > /root/.bashrc

Adding (1) setup scripts to image build repo
2025-10-01 04:56:00,579 - INFO - [SETUP SCRIPT] setup_env.sh:
#!/bin/bash
set -euxo pipefail
source /opt/miniconda3/bin/activate
conda create -n testbed python=3.9 -y
cat <<'EOF_59812759871' > $HOME/requirements.txt
alabaster==0.7.12
asgiref==3.4.1
attrs==21.2.0
babel==2.9.1
backports.entry-points-selectable==1.1.0
blinker==1.4
certifi==2021.5.30
cffi==1.14.6
cfgv==3.3.1
charset-normalizer==2.0.6
click==8.0.1
cryptography==35.0.0
distlib==0.3.3
docutils==0.16
filelock==3.2.0
greenlet==1.1.2
identify==2.2.15
idna==3.2
imagesize==1.2.0
iniconfig==1.1.1
jinja2==3.0.1
markupsafe==2.0.1
mypy==0.910
mypy-extensions==0.4.3
nodeenv==1.6.0
packaging==21.0
pallets-sphinx-themes==2.0.1
pep517==0.11.0
pip-tools==6.3.0
platformdirs==2.4.0
pluggy==1.0.0
pre-commit==2.15.0
py==1.10.0
pycparser==2.20
pygments==2.10.0
pyparsing==2.4.7
pytest==6.2.5
python-dotenv==0.19.0
pytz==2021.1
pyyaml==5.4.1
requests==2.26.0
six==1.16.0
snowballstemmer==2.1.0
sphinx==4.2.0
sphinx-issues==1.2.0
sphinx-tabs==3.2.0
sphinxcontrib-applehelp==1.0.2
sphinxcontrib-devhelp==1.0.2
sphinxcontrib-htmlhelp==2.0.0
sphinxcontrib-jsmath==1.0.1
sphinxcontrib-log-cabinet==1.0.1
sphinxcontrib-qthelp==1.0.3
sphinxcontrib-serializinghtml==1.1.5
toml==0.10.2
tomli==1.2.1
tox==3.24.4
types-contextvars==0.1.4
types-dataclasses==0.1.7
types-setuptools==57.4.0
typing-extensions==3.10.0.2
urllib3==1.26.7
virtualenv==20.8.1
wheel==0.37.0


EOF_59812759871
conda activate testbed && python -m pip install -r $HOME/requirements.txt
rm $HOME/requirements.txt
conda activate testbed
python -m pip install setuptools==70.0.0 Werkzeug==2.3.7 Jinja2==3.0.1 itsdangerous==2.1.2 click==8.0.1 MarkupSafe==2.1.3

2025-10-01 04:56:00,802 - INFO - Building docker image sweb.env.py.x86_64.d13cdf3c18bec0743c2ba2:latest in logs/build_images/env/sweb.env.py.x86_64.d13cdf3c18bec0743c2ba2__latest with platform linux/x86_64
2025-10-01 04:56:18,203 - INFO - Step 1/7 : FROM --platform=linux/x86_64 sweb.base.py.x86_64:latest
2025-10-01 04:56:18,203 - INFO - 
2025-10-01 04:56:18,203 - INFO - ---> 71e8b6b130a0
2025-10-01 04:56:18,203 - INFO - Step 2/7 : COPY ./setup_env.sh /root/
2025-10-01 04:56:18,203 - INFO - 
2025-10-01 04:56:20,120 - INFO - ---> 59c40f814e1c
2025-10-01 04:56:20,120 - INFO - Step 3/7 : RUN sed -i -e 's/\r$//' /root/setup_env.sh
2025-10-01 04:56:20,120 - INFO - 
2025-10-01 04:56:21,403 - INFO - ---> Running in 86269df5515b
2025-10-01 04:56:43,640 - INFO - ---> Removed intermediate container 86269df5515b
2025-10-01 04:56:43,932 - INFO - ---> 89055bb74e19
2025-10-01 04:56:43,932 - INFO - Step 4/7 : RUN chmod +x /root/setup_env.sh
2025-10-01 04:56:43,932 - INFO - 
2025-10-01 04:56:44,916 - INFO - ---> Running in bcdc3c870252
2025-10-01 05:01:33,321 - INFO - ---> Removed intermediate container bcdc3c870252
2025-10-01 05:01:33,522 - INFO - ---> d7431f5e4419
2025-10-01 05:01:33,552 - INFO - Step 5/7 : RUN /bin/bash -c "source ~/.bashrc && /root/setup_env.sh"
2025-10-01 05:01:33,599 - INFO - 
2025-10-01 05:01:36,069 - INFO - ---> Running in 86887ade8f3e
2025-10-01 05:01:37,824 - INFO - + source /opt/miniconda3/bin/activate
2025-10-01 05:01:37,840 - INFO - ++ _CONDA_ROOT=/opt/miniconda3
++ . /opt/miniconda3/etc/profile.d/conda.sh
2025-10-01 05:01:37,882 - INFO - +++ export CONDA_EXE=/opt/miniconda3/bin/conda
+++ CONDA_EXE=/opt/miniconda3/bin/conda
+++ export _CE_M=
+++ _CE_M=
+++ export _CE_CONDA=
+++ _CE_CONDA=
+++ export CONDA_PYTHON_EXE=/opt/miniconda3/bin/python
+++ CONDA_PYTHON_EXE=/opt/miniconda3/bin/python
2025-10-01 05:01:37,899 - INFO - +++ '[' -z '' ']'
+++ export CONDA_SHLVL=0
+++ CONDA_SHLVL=0
+++ '[' -n '' ']'
2025-10-01 05:01:37,945 - INFO - +++++ dirname /opt/miniconda3/bin/conda
2025-10-01 05:01:37,980 - INFO - ++++ dirname /opt/miniconda3/bin
2025-10-01 05:01:37,980 - INFO - +++ PATH=/opt/miniconda3/condabin:/opt/miniconda3/bin:/usr/local/sbin:/usr/local/bin:/usr/sbin:/usr/bin:/sbin:/bin
+++ export PATH
+++ '[' -z '' ']'
+++ PS1=
2025-10-01 05:01:37,980 - INFO - ++ conda activate
++ local cmd=activate
++ case "$cmd" in
++ __conda_activate activate
++ '[' -n '' ']'
++ local ask_conda
2025-10-01 05:01:37,980 - INFO - +++ PS1=
+++ __conda_exe shell.posix activate
2025-10-01 05:01:37,980 - INFO - +++ /opt/miniconda3/bin/conda shell.posix activate
2025-10-01 05:01:38,166 - INFO - ++ ask_conda='PS1='\''(base) '\''
export PATH='\''/opt/miniconda3/bin:/opt/miniconda3/condabin:/opt/miniconda3/bin:/usr/local/sbin:/usr/local/bin:/usr/sbin:/usr/bin:/sbin:/bin'\''
export CONDA_PREFIX='\''/opt/miniconda3'\''
export CONDA_SHLVL='\''1'\''
export CONDA_DEFAULT_ENV='\''base'\''
export CONDA_PROMPT_MODIFIER='\''(base) '\''
export CONDA_EXE='\''/opt/miniconda3/bin/conda'\''
export _CE_M='\'''\''
export _CE_CONDA='\'''\''
2025-10-01 05:01:38,196 - INFO - export CONDA_PYTHON_EXE='\''/opt/miniconda3/bin/python'\'''
2025-10-01 05:01:38,287 - INFO - ++ eval 'PS1='\''(base) '\''
export PATH='\''/opt/miniconda3/bin:/opt/miniconda3/condabin:/opt/miniconda3/bin:/usr/local/sbin:/usr/local/bin:/usr/sbin:/usr/bin:/sbin:/bin'\''
export CONDA_PREFIX='\''/opt/miniconda3'\''
export CONDA_SHLVL='\''1'\''
export CONDA_DEFAULT_ENV='\''base'\''
export CONDA_PROMPT_MODIFIER='\''(base) '\''
export CONDA_EXE='\''/opt/miniconda3/bin/conda'\''
export _CE_M='\'''\''
export _CE_CONDA='\'''\''
2025-10-01 05:01:38,287 - INFO - export CONDA_PYTHON_EXE='\''/opt/miniconda3/bin/python'\'''
2025-10-01 05:01:38,304 - INFO - +++ PS1='(base) '
2025-10-01 05:01:38,304 - INFO - +++ export PATH=/opt/miniconda3/bin:/opt/miniconda3/condabin:/opt/miniconda3/bin:/usr/local/sbin:/usr/local/bin:/usr/sbin:/usr/bin:/sbin:/bin
2025-10-01 05:01:38,304 - INFO - +++ PATH=/opt/miniconda3/bin:/opt/miniconda3/condabin:/opt/miniconda3/bin:/usr/local/sbin:/usr/local/bin:/usr/sbin:/usr/bin:/sbin:/bin
2025-10-01 05:01:38,304 - INFO - +++ export CONDA_PREFIX=/opt/miniconda3
2025-10-01 05:01:38,305 - INFO - +++ CONDA_PREFIX=/opt/miniconda3
2025-10-01 05:01:38,305 - INFO - +++ export CONDA_SHLVL=1
2025-10-01 05:01:38,305 - INFO - +++ CONDA_SHLVL=1
2025-10-01 05:01:38,305 - INFO - +++ export CONDA_DEFAULT_ENV=base
2025-10-01 05:01:38,305 - INFO - +++ CONDA_DEFAULT_ENV=base
2025-10-01 05:01:38,305 - INFO - +++ export 'CONDA_PROMPT_MODIFIER=(base) '
2025-10-01 05:01:38,328 - INFO - +++ CONDA_PROMPT_MODIFIER='(base) '
2025-10-01 05:01:38,328 - INFO - +++ export CONDA_EXE=/opt/miniconda3/bin/conda
2025-10-01 05:01:38,328 - INFO - +++ CONDA_EXE=/opt/miniconda3/bin/conda
2025-10-01 05:01:38,328 - INFO - +++ export _CE_M=
2025-10-01 05:01:38,328 - INFO - +++ _CE_M=
2025-10-01 05:01:38,328 - INFO - +++ export _CE_CONDA=
2025-10-01 05:01:38,328 - INFO - +++ _CE_CONDA=
2025-10-01 05:01:38,328 - INFO - +++ export CONDA_PYTHON_EXE=/opt/miniconda3/bin/python
2025-10-01 05:01:38,329 - INFO - +++ CONDA_PYTHON_EXE=/opt/miniconda3/bin/python
2025-10-01 05:01:38,329 - INFO - ++ __conda_hashr
2025-10-01 05:01:38,329 - INFO - ++ '[' -n '' ']'
2025-10-01 05:01:38,329 - INFO - ++ '[' -n '' ']'
2025-10-01 05:01:38,329 - INFO - ++ hash -r
2025-10-01 05:01:38,329 - INFO - + conda create -n testbed python=3.9 -y
2025-10-01 05:01:38,360 - INFO - + local cmd=create
2025-10-01 05:01:38,360 - INFO - + case "$cmd" in
2025-10-01 05:01:38,360 - INFO - + __conda_exe create -n testbed python=3.9 -y
2025-10-01 05:01:38,360 - INFO - + /opt/miniconda3/bin/conda create -n testbed python=3.9 -y
2025-10-01 05:01:40,187 - INFO - Channels:
 - defaults
 - conda-forge
Platform: linux-64
Collecting package metadata (repodata.json): ...working...
2025-10-01 05:21:48,579 - INFO - /opt/miniconda3/etc/profile.d/conda.sh: line 1:    12 Killed                  ( "$CONDA_EXE" $_CE_M $_CE_CONDA "$@" )
2025-10-01 05:22:06,454 - INFO - ---> Removed intermediate container 86887ade8f3e
2025-10-01 05:22:06,940 - ERROR - Error: The command '/bin/sh -c /bin/bash -c "source ~/.bashrc && /root/setup_env.sh"' returned a non-zero code: 137
2025-10-01 05:22:06,993 - ERROR - docker.errors.BuildError during sweb.env.py.x86_64.d13cdf3c18bec0743c2ba2:latest: The command '/bin/sh -c /bin/bash -c "source ~/.bashrc && /root/setup_env.sh"' returned a non-zero code: 137
