2025-10-01 17:45:56,183 - INFO - Building image sweb.env.py.x86_64.c70974ae7654c7a2c98577:latest
Using dockerfile:
FROM --platform=linux/x86_64 sweb.base.py.x86_64:latest

COPY ./setup_env.sh /root/
RUN sed -i -e 's/\r$//' /root/setup_env.sh
RUN chmod +x /root/setup_env.sh
RUN /bin/bash -c "source ~/.bashrc && /root/setup_env.sh"

WORKDIR /testbed/

# Automatically activate the testbed environment
RUN echo "source /opt/miniconda3/etc/profile.d/conda.sh && conda activate testbed" > /root/.bashrc

Adding (1) setup scripts to image build repo
2025-10-01 17:45:56,183 - INFO - [SETUP SCRIPT] setup_env.sh:
#!/bin/bash
set -euxo pipefail
source /opt/miniconda3/bin/activate
conda create -n testbed python=3.6 setuptools==38.2.4 -y
conda activate testbed
python -m pip install attrs==17.3.0 exceptiongroup==0.0.0a0 execnet==1.5.0 hypothesis==3.44.2 cython==0.27.3 jinja2==2.10 MarkupSafe==1.0 numpy==1.16.0 packaging==16.8 pluggy==0.6.0 psutil==5.4.2 pyerfa==1.7.0 pytest-arraydiff==0.1 pytest-astropy-header==0.1 pytest-astropy==0.2.1 pytest-cov==2.5.1 pytest-doctestplus==0.1.2 pytest-filter-subpackage==0.1 pytest-forked==0.2 pytest-mock==1.6.3 pytest-openfiles==0.2.0 pytest-remotedata==0.2.0 pytest-xdist==1.20.1 pytest==3.3.1 PyYAML==3.12 sortedcontainers==1.5.9 tomli==0.2.0

2025-10-01 17:45:56,186 - INFO - Building docker image sweb.env.py.x86_64.c70974ae7654c7a2c98577:latest in logs/build_images/env/sweb.env.py.x86_64.c70974ae7654c7a2c98577__latest with platform linux/x86_64
2025-10-01 17:45:56,206 - INFO - Step 1/7 : FROM --platform=linux/x86_64 sweb.base.py.x86_64:latest
2025-10-01 17:45:56,207 - INFO - 
2025-10-01 17:45:56,208 - INFO - ---> 71e8b6b130a0
2025-10-01 17:45:56,208 - INFO - Step 2/7 : COPY ./setup_env.sh /root/
2025-10-01 17:45:56,208 - INFO - 
2025-10-01 17:45:56,264 - INFO - ---> Using cache
2025-10-01 17:45:56,264 - INFO - ---> f0694eca61a3
2025-10-01 17:45:56,264 - INFO - Step 3/7 : RUN sed -i -e 's/\r$//' /root/setup_env.sh
2025-10-01 17:45:56,264 - INFO - 
2025-10-01 17:45:56,265 - INFO - ---> Using cache
2025-10-01 17:45:56,265 - INFO - ---> 6fb2b662a5eb
2025-10-01 17:45:56,265 - INFO - Step 4/7 : RUN chmod +x /root/setup_env.sh
2025-10-01 17:45:56,265 - INFO - 
2025-10-01 17:45:56,265 - INFO - ---> Using cache
2025-10-01 17:45:56,265 - INFO - ---> 63533d337c4f
2025-10-01 17:45:56,265 - INFO - Step 5/7 : RUN /bin/bash -c "source ~/.bashrc && /root/setup_env.sh"
2025-10-01 17:45:56,266 - INFO - 
2025-10-01 17:45:56,356 - INFO - ---> Running in 7afc85f9055d
2025-10-01 17:45:56,950 - INFO - + source /opt/miniconda3/bin/activate
2025-10-01 17:45:56,952 - INFO - ++ _CONDA_ROOT=/opt/miniconda3
2025-10-01 17:45:56,956 - INFO - ++ . /opt/miniconda3/etc/profile.d/conda.sh
+++ export CONDA_EXE=/opt/miniconda3/bin/conda
+++ CONDA_EXE=/opt/miniconda3/bin/conda
+++ export _CE_M=
+++ _CE_M=
+++ export _CE_CONDA=
+++ _CE_CONDA=
+++ export CONDA_PYTHON_EXE=/opt/miniconda3/bin/python
+++ CONDA_PYTHON_EXE=/opt/miniconda3/bin/python
+++ '[' -z '' ']'
+++ export CONDA_SHLVL=0
+++ CONDA_SHLVL=0
+++ '[' -n '' ']'
2025-10-01 17:45:56,958 - INFO - +++++ dirname /opt/miniconda3/bin/conda
2025-10-01 17:45:56,966 - INFO - ++++ dirname /opt/miniconda3/bin
2025-10-01 17:45:57,019 - INFO - +++ PATH=/opt/miniconda3/condabin:/opt/miniconda3/bin:/usr/local/sbin:/usr/local/bin:/usr/sbin:/usr/bin:/sbin:/bin
2025-10-01 17:45:57,022 - INFO - +++ export PATH
2025-10-01 17:45:57,023 - INFO - +++ '[' -z '' ']'
2025-10-01 17:45:57,025 - INFO - +++ PS1=
2025-10-01 17:45:57,025 - INFO - ++ conda activate
2025-10-01 17:45:57,025 - INFO - ++ local cmd=activate
++ case "$cmd" in
++ __conda_activate activate
++ '[' -n '' ']'
++ local ask_conda
2025-10-01 17:45:57,025 - INFO - +++ PS1=
+++ __conda_exe shell.posix activate
2025-10-01 17:45:57,047 - INFO - +++ /opt/miniconda3/bin/conda shell.posix activate
2025-10-01 17:45:57,767 - INFO - ++ ask_conda='PS1='\''(base) '\''
export PATH='\''/opt/miniconda3/bin:/opt/miniconda3/condabin:/opt/miniconda3/bin:/usr/local/sbin:/usr/local/bin:/usr/sbin:/usr/bin:/sbin:/bin'\''
export CONDA_PREFIX='\''/opt/miniconda3'\''
export CONDA_SHLVL='\''1'\''
export CONDA_DEFAULT_ENV='\''base'\''
export CONDA_PROMPT_MODIFIER='\''(base) '\''
export CONDA_EXE='\''/opt/miniconda3/bin/conda'\''
export _CE_M='\'''\''
export _CE_CONDA='\'''\''
export CONDA_PYTHON_EXE='\''/opt/miniconda3/bin/python'\'''
++ eval 'PS1='\''(base) '\''
export PATH='\''/opt/miniconda3/bin:/opt/miniconda3/condabin:/opt/miniconda3/bin:/usr/local/sbin:/usr/local/bin:/usr/sbin:/usr/bin:/sbin:/bin'\''
export CONDA_PREFIX='\''/opt/miniconda3'\''
export CONDA_SHLVL='\''1'\''
export CONDA_DEFAULT_ENV='\''base'\''
export CONDA_PROMPT_MODIFIER='\''(base) '\''
export CONDA_EXE='\''/opt/miniconda3/bin/conda'\''
export _CE_M='\'''\''
export _CE_CONDA='\'''\''
export CONDA_PYTHON_EXE='\''/opt/miniconda3/bin/python'\'''
+++ PS1='(base) '
+++ export PATH=/opt/miniconda3/bin:/opt/miniconda3/condabin:/opt/miniconda3/bin:/usr/local/sbin:/usr/local/bin:/usr/sbin:/usr/bin:/sbin:/bin
+++ PATH=/opt/miniconda3/bin:/opt/miniconda3/condabin:/opt/miniconda3/bin:/usr/local/sbin:/usr/local/bin:/usr/sbin:/usr/bin:/sbin:/bin
+++ export CONDA_PREFIX=/opt/miniconda3
+++ CONDA_PREFIX=/opt/miniconda3
+++ export CONDA_SHLVL=1
+++ CONDA_SHLVL=1
+++ export CONDA_DEFAULT_ENV=base
+++ CONDA_DEFAULT_ENV=base
+++ export 'CONDA_PROMPT_MODIFIER=(base) '
+++ CONDA_PROMPT_MODIFIER='(base) '
+++ export CONDA_EXE=/opt/miniconda3/bin/conda
+++ CONDA_EXE=/opt/miniconda3/bin/conda
+++ export _CE_M=
+++ _CE_M=
+++ export _CE_CONDA=
+++ _CE_CONDA=
+++ export CONDA_PYTHON_EXE=/opt/miniconda3/bin/python
+++ CONDA_PYTHON_EXE=/opt/miniconda3/bin/python
++ __conda_hashr
++ '[' -n '' ']'
++ '[' -n '' ']'
++ hash -r
+ conda create -n testbed python=3.6 setuptools==38.2.4 -y
+ local cmd=create
+ case "$cmd" in
+ __conda_exe create -n testbed python=3.6 setuptools==38.2.4 -y
+ /opt/miniconda3/bin/conda create -n testbed python=3.6 setuptools==38.2.4 -y
2025-10-01 17:46:00,246 - INFO - Channels:
 - defaults
 - conda-forge
Platform: linux-64
Collecting package metadata (repodata.json): ...working...
