2025-10-01 05:56:49,267 - INFO - Building image sweb.env.py.x86_64.e9ee528720708746d6ee8f:latest
Using dockerfile:
FROM --platform=linux/x86_64 sweb.base.py.x86_64:latest

COPY ./setup_env.sh /root/
RUN sed -i -e 's/\r$//' /root/setup_env.sh
RUN chmod +x /root/setup_env.sh
RUN /bin/bash -c "source ~/.bashrc && /root/setup_env.sh"

WORKDIR /testbed/

# Automatically activate the testbed environment
RUN echo "source /opt/miniconda3/etc/profile.d/conda.sh && conda activate testbed" > /root/.bashrc

Adding (1) setup scripts to image build repo
2025-10-01 05:56:49,292 - INFO - [SETUP SCRIPT] setup_env.sh:
#!/bin/bash
set -euxo pipefail
source /opt/miniconda3/bin/activate
cat <<'EOF_59812759871' > /root/environment.yml
name: testbed
channels:
  - defaults
  - conda-forge
dependencies:
  - _libgcc_mutex=0.1=conda_forge
  - _openmp_mutex=4.5=2_gnu
  - blas=1.0=openblas
  - bottleneck=1.4.2=py39ha9d4c09_0
  - brotli=1.0.9=h5eee18b_8
  - brotli-bin=1.0.9=h5eee18b_8
  - bzip2=1.0.8=h5eee18b_6
  - c-ares=1.19.1=h5eee18b_0
  - ca-certificates=2024.9.24=h06a4308_0
  - contourpy=1.0.5=py39hdb19cb5_0
  - cycler=0.11.0=pyhd3eb1b0_0
  - cyrus-sasl=2.1.28=h52b45da_1
  - cython=3.0.10=py39h5eee18b_0
  - dbus=1.13.18=hb2f20db_0
  - exceptiongroup=1.2.0=py39h06a4308_0
  - expat=2.6.3=h6a678d5_0
  - fontconfig=2.14.1=h55d465d_3
  - fonttools=4.51.0=py39h5eee18b_0
  - freetype=2.12.1=h4a9f257_0
  - glib=2.78.4=h6a678d5_0
  - glib-tools=2.78.4=h6a678d5_0
  - gst-plugins-base=1.14.1=h6a678d5_1
  - gstreamer=1.14.1=h5eee18b_1
  - icu=73.1=h6a678d5_0
  - iniconfig=1.1.1=pyhd3eb1b0_0
  - joblib=1.4.2=py39h06a4308_0
  - jpeg=9e=h5eee18b_3
  - kiwisolver=1.4.4=py39h6a678d5_0
  - krb5=1.20.1=h143b758_1
  - lcms2=2.12=h3be6417_0
  - ld_impl_linux-64=2.40=h12ee557_0
  - lerc=3.0=h295c915_0
  - libabseil=20240116.2=cxx17_h6a678d5_0
  - libbrotlicommon=1.0.9=h5eee18b_8
  - libbrotlidec=1.0.9=h5eee18b_8
  - libbrotlienc=1.0.9=h5eee18b_8
  - libclang=14.0.6=default_hc6dbbc7_1
  - libclang13=14.0.6=default_he11475f_1
  - libcups=2.4.2=h2d74bed_1
  - libcurl=8.9.1=h251f7ec_0
  - libdeflate=1.17=h5eee18b_1
  - libedit=3.1.20230828=h5eee18b_0
  - libev=4.33=h7f8727e_1
  - libffi=3.4.4=h6a678d5_1
  - libgcc=14.2.0=h77fa898_1
  - libgcc-ng=14.2.0=h69a702a_1
  - libgfortran-ng=7.5.0=ha8ba4b0_17
  - libgfortran4=7.5.0=ha8ba4b0_17
  - libgfortran5=14.2.0=hd5240d6_1
  - libglib=2.78.4=hdc74915_0
  - libgomp=14.2.0=h77fa898_1
  - libiconv=1.16=h5eee18b_3
  - libllvm14=14.0.6=hecde1de_4
  - libnghttp2=1.57.0=h2d74bed_0
  - libopenblas=0.3.21=h043d6bf_0
  - libpng=1.6.39=h5eee18b_0
  - libpq=17.0=hdbd6064_0
  - libprotobuf=4.25.3=he621ea3_0
  - libssh2=1.11.0=h251f7ec_0
  - libstdcxx-ng=11.2.0=h1234567_1
  - libtiff=4.5.1=h6a678d5_0
  - libuuid=1.41.5=h5eee18b_0
  - libwebp-base=1.3.2=h5eee18b_1
  - libxcb=1.15=h7f8727e_0
  - libxkbcommon=1.0.1=h097e994_2
  - libxml2=2.13.1=hfdd30dd_2
  - lz4-c=1.9.4=h6a678d5_1
  - matplotlib=3.6.2=py39h06a4308_0
  - matplotlib-base=3.6.2=py39h945d387_0
  - mysql=8.4.0=h29a9f33_1
  - ncurses=6.4=h6a678d5_0
  - numexpr=2.8.4=py39hd2a5715_1
  - numpy=1.19.2=py39hc896f84_1
  - numpy-base=1.19.2=py39h21a3de8_1
  - openjpeg=2.5.2=he7f1fd0_0
  - openldap=2.6.4=h42fbc30_0
  - openssl=3.0.15=h5eee18b_0
  - packaging=24.1=py39h06a4308_0
  - pandas=1.4.4=py39h6a678d5_0
  - pcre2=10.42=hebb0a14_1
  - pillow=11.0.0=py39hfdbf927_0
  - pip=24.2=py39h06a4308_0
  - pluggy=1.0.0=py39h06a4308_1
  - ply=3.11=py39h06a4308_0
  - pyparsing=3.2.0=py39h06a4308_0
  - pyqt=5.15.10=py39h6a678d5_0
  - pyqt5-sip=12.13.0=py39h5eee18b_0
  - pytest=7.4.4=py39h06a4308_0
  - python=3.9.20=he870216_1
  - python-dateutil=2.9.0post0=py39h06a4308_2
  - pytz=2024.1=py39h06a4308_0
  - qt-main=5.15.2=hb6262e9_11
  - readline=8.2=h5eee18b_0
  - scipy=1.5.2=py39hf56f3a7_0
  - setuptools=75.1.0=py39h06a4308_0
  - sip=6.7.12=py39h6a678d5_0
  - six=1.16.0=pyhd3eb1b0_1
  - sqlite=3.45.3=h5eee18b_0
  - threadpoolctl=3.5.0=py39h2f386ee_0
  - tk=8.6.14=h39e8969_0
  - tomli=2.0.1=py39h06a4308_0
  - tornado=6.4.1=py39h5eee18b_0
  - tzdata=2024b=h04d1e81_0
  - unicodedata2=15.1.0=py39h5eee18b_0
  - wheel=0.44.0=py39h06a4308_0
  - xz=5.4.6=h5eee18b_1
  - zlib=1.2.13=h5eee18b_1
  - zstd=1.5.6=hc292b87_0
prefix: /opt/miniconda3/envs/testbed

EOF_59812759871
conda env create -f /root/environment.yml
conda activate testbed

2025-10-01 05:56:49,319 - INFO - Building docker image sweb.env.py.x86_64.e9ee528720708746d6ee8f:latest in logs/build_images/env/sweb.env.py.x86_64.e9ee528720708746d6ee8f__latest with platform linux/x86_64
2025-10-01 05:56:50,140 - INFO - Step 1/7 : FROM --platform=linux/x86_64 sweb.base.py.x86_64:latest
2025-10-01 05:56:50,140 - INFO - 
2025-10-01 05:56:50,407 - INFO - ---> 71e8b6b130a0
2025-10-01 05:56:50,407 - INFO - Step 2/7 : COPY ./setup_env.sh /root/
2025-10-01 05:56:50,408 - INFO - 
2025-10-01 05:56:57,732 - INFO - ---> 2df430bd4d0f
2025-10-01 05:56:57,743 - INFO - Step 3/7 : RUN sed -i -e 's/\r$//' /root/setup_env.sh
2025-10-01 05:56:57,743 - INFO - 
2025-10-01 05:56:58,284 - INFO - ---> Running in f45a5d467062
2025-10-01 05:57:16,639 - INFO - ---> Removed intermediate container f45a5d467062
2025-10-01 05:57:16,639 - INFO - ---> a2e3c1738ecf
2025-10-01 05:57:16,639 - INFO - Step 4/7 : RUN chmod +x /root/setup_env.sh
2025-10-01 05:57:16,639 - INFO - 
2025-10-01 05:57:16,825 - INFO - ---> Running in c0c2c5036f8c
2025-10-01 05:57:35,250 - INFO - ---> Removed intermediate container c0c2c5036f8c
2025-10-01 05:57:35,250 - INFO - ---> 589d3ea3cc1b
2025-10-01 05:57:35,251 - INFO - Step 5/7 : RUN /bin/bash -c "source ~/.bashrc && /root/setup_env.sh"
2025-10-01 05:57:35,251 - INFO - 
2025-10-01 05:57:35,610 - INFO - ---> Running in c4577b1047d8
2025-10-01 05:57:49,851 - INFO - + source /opt/miniconda3/bin/activate
2025-10-01 05:57:49,851 - INFO - ++ _CONDA_ROOT=/opt/miniconda3
++ . /opt/miniconda3/etc/profile.d/conda.sh
+++ export CONDA_EXE=/opt/miniconda3/bin/conda
+++ CONDA_EXE=/opt/miniconda3/bin/conda
+++ export _CE_M=
+++ _CE_M=
+++ export _CE_CONDA=
+++ _CE_CONDA=
+++ export CONDA_PYTHON_EXE=/opt/miniconda3/bin/python
+++ CONDA_PYTHON_EXE=/opt/miniconda3/bin/python
+++ '[' -z '' ']'
+++ export CONDA_SHLVL=0
+++ CONDA_SHLVL=0
+++ '[' -n '' ']'
+++++ dirname /opt/miniconda3/bin/conda
++++ dirname /opt/miniconda3/bin
+++ PATH=/opt/miniconda3/condabin:/opt/miniconda3/bin:/usr/local/sbin:/usr/local/bin:/usr/sbin:/usr/bin:/sbin:/bin
+++ export PATH
+++ '[' -z '' ']'
+++ PS1=
++ conda activate
++ local cmd=activate
++ case "$cmd" in
++ __conda_activate activate
++ '[' -n '' ']'
++ local ask_conda
+++ PS1=
+++ __conda_exe shell.posix activate
+++ /opt/miniconda3/bin/conda shell.posix activate
2025-10-01 05:57:50,655 - INFO - ++ ask_conda='PS1='\''(base) '\''
export PATH='\''/opt/miniconda3/bin:/opt/miniconda3/condabin:/opt/miniconda3/bin:/usr/local/sbin:/usr/local/bin:/usr/sbin:/usr/bin:/sbin:/bin'\''
export CONDA_PREFIX='\''/opt/miniconda3'\''
export CONDA_SHLVL='\''1'\''
export CONDA_DEFAULT_ENV='\''base'\''
export CONDA_PROMPT_MODIFIER='\''(base) '\''
export CONDA_EXE='\''/opt/miniconda3/bin/conda'\''
export _CE_M='\'''\''
export _CE_CONDA='\'''\''
export CONDA_PYTHON_EXE='\''/opt/miniconda3/bin/python'\'''
++ eval 'PS1='\''(base) '\''
export PATH='\''/opt/miniconda3/bin:/opt/miniconda3/condabin:/opt/miniconda3/bin:/usr/local/sbin:/usr/local/bin:/usr/sbin:/usr/bin:/sbin:/bin'\''
export CONDA_PREFIX='\''/opt/miniconda3'\''
export CONDA_SHLVL='\''1'\''
export CONDA_DEFAULT_ENV='\''base'\''
export CONDA_PROMPT_MODIFIER='\''(base) '\''
export CONDA_EXE='\''/opt/miniconda3/bin/conda'\''
export _CE_M='\'''\''
export _CE_CONDA='\'''\''
export CONDA_PYTHON_EXE='\''/opt/miniconda3/bin/python'\'''
+++ PS1='(base) '
+++ export PATH=/opt/miniconda3/bin:/opt/miniconda3/condabin:/opt/miniconda3/bin:/usr/local/sbin:/usr/local/bin:/usr/sbin:/usr/bin:/sbin:/bin
+++ PATH=/opt/miniconda3/bin:/opt/miniconda3/condabin:/opt/miniconda3/bin:/usr/local/sbin:/usr/local/bin:/usr/sbin:/usr/bin:/sbin:/bin
+++ export CONDA_PREFIX=/opt/miniconda3
+++ CONDA_PREFIX=/opt/miniconda3
+++ export CONDA_SHLVL=1
+++ CONDA_SHLVL=1
+++ export CONDA_DEFAULT_ENV=base
+++ CONDA_DEFAULT_ENV=base
+++ export 'CONDA_PROMPT_MODIFIER=(base) '
+++ CONDA_PROMPT_MODIFIER='(base) '
+++ export CONDA_EXE=/opt/miniconda3/bin/conda
+++ CONDA_EXE=/opt/miniconda3/bin/conda
+++ export _CE_M=
+++ _CE_M=
+++ export _CE_CONDA=
+++ _CE_CONDA=
+++ export CONDA_PYTHON_EXE=/opt/miniconda3/bin/python
+++ CONDA_PYTHON_EXE=/opt/miniconda3/bin/python
++ __conda_hashr
++ '[' -n '' ']'
++ '[' -n '' ']'
++ hash -r
+ cat
2025-10-01 05:57:50,693 - INFO - + conda env create -f /root/environment.yml
2025-10-01 05:57:50,694 - INFO - + local cmd=env
2025-10-01 05:57:50,701 - INFO - + case "$cmd" in
+ __conda_exe env create -f /root/environment.yml
+ /opt/miniconda3/bin/conda env create -f /root/environment.yml
2025-10-01 05:59:03,800 - INFO - Channels:
 - defaults
 - conda-forge
Platform: linux-64
Collecting package metadata (repodata.json): ...working...
2025-10-01 06:13:56,305 - INFO - /opt/miniconda3/etc/profile.d/conda.sh: line 1:    13 Killed                  ( "$CONDA_EXE" $_CE_M $_CE_CONDA "$@" )
2025-10-01 06:14:38,989 - INFO - ---> Removed intermediate container c4577b1047d8
2025-10-01 06:14:39,335 - ERROR - Error: The command '/bin/sh -c /bin/bash -c "source ~/.bashrc && /root/setup_env.sh"' returned a non-zero code: 137
2025-10-01 06:14:39,346 - ERROR - docker.errors.BuildError during sweb.env.py.x86_64.e9ee528720708746d6ee8f:latest: The command '/bin/sh -c /bin/bash -c "source ~/.bashrc && /root/setup_env.sh"' returned a non-zero code: 137
